{"C:\\Users\\Work\\Pictures\\Appointment-Booking\\server.js":{"path":"C:\\Users\\Work\\Pictures\\Appointment-Booking\\server.js","statementMap":{"0":{"start":{"line":1,"column":0},"end":{"line":1,"column":27}},"1":{"start":{"line":2,"column":16},"end":{"line":2,"column":34}},"2":{"start":{"line":3,"column":17},"end":{"line":3,"column":36}},"3":{"start":{"line":4,"column":16},"end":{"line":4,"column":42}},"4":{"start":{"line":5,"column":14},"end":{"line":5,"column":38}},"5":{"start":{"line":6,"column":13},"end":{"line":6,"column":28}},"6":{"start":{"line":7,"column":19},"end":{"line":7,"column":43}},"7":{"start":{"line":8,"column":22},"end":{"line":8,"column":49}},"8":{"start":{"line":9,"column":26},"end":{"line":9,"column":57}},"9":{"start":{"line":10,"column":30},"end":{"line":10,"column":66}},"10":{"start":{"line":11,"column":22},"end":{"line":11,"column":49}},"11":{"start":{"line":12,"column":20},"end":{"line":12,"column":45}},"12":{"start":{"line":13,"column":31},"end":{"line":13,"column":68}},"13":{"start":{"line":14,"column":27},"end":{"line":14,"column":60}},"14":{"start":{"line":15,"column":27},"end":{"line":15,"column":60}},"15":{"start":{"line":16,"column":27},"end":{"line":16,"column":60}},"16":{"start":{"line":17,"column":25},"end":{"line":17,"column":56}},"17":{"start":{"line":18,"column":21},"end":{"line":18,"column":47}},"18":{"start":{"line":19,"column":27},"end":{"line":19,"column":60}},"19":{"start":{"line":20,"column":23},"end":{"line":20,"column":52}},"20":{"start":{"line":21,"column":31},"end":{"line":21,"column":72}},"21":{"start":{"line":22,"column":24},"end":{"line":22,"column":53}},"22":{"start":{"line":24,"column":25},"end":{"line":24,"column":56}},"23":{"start":{"line":25,"column":29},"end":{"line":25,"column":64}},"24":{"start":{"line":26,"column":30},"end":{"line":26,"column":67}},"25":{"start":{"line":27,"column":39},"end":{"line":27,"column":85}},"26":{"start":{"line":28,"column":20},"end":{"line":28,"column":45}},"27":{"start":{"line":29,"column":26},"end":{"line":29,"column":58}},"28":{"start":{"line":30,"column":32},"end":{"line":30,"column":71}},"29":{"start":{"line":31,"column":35},"end":{"line":31,"column":77}},"30":{"start":{"line":32,"column":37},"end":{"line":32,"column":81}},"31":{"start":{"line":33,"column":36},"end":{"line":33,"column":85}},"32":{"start":{"line":34,"column":33},"end":{"line":34,"column":73}},"33":{"start":{"line":36,"column":12},"end":{"line":36,"column":21}},"34":{"start":{"line":38,"column":0},"end":{"line":43,"column":3}},"35":{"start":{"line":39,"column":12},"end":{"line":39,"column":59}},"36":{"start":{"line":41,"column":2},"end":{"line":41,"column":60}},"37":{"start":{"line":42,"column":2},"end":{"line":42,"column":18}},"38":{"start":{"line":45,"column":0},"end":{"line":45,"column":30}},"39":{"start":{"line":46,"column":0},"end":{"line":46,"column":48}},"40":{"start":{"line":47,"column":0},"end":{"line":47,"column":24}},"41":{"start":{"line":50,"column":0},"end":{"line":50,"column":56}},"42":{"start":{"line":51,"column":0},"end":{"line":51,"column":76}},"43":{"start":{"line":52,"column":0},"end":{"line":52,"column":77}},"44":{"start":{"line":55,"column":0},"end":{"line":60,"column":4}},"45":{"start":{"line":62,"column":0},"end":{"line":62,"column":17}},"46":{"start":{"line":65,"column":0},"end":{"line":68,"column":3}},"47":{"start":{"line":66,"column":2},"end":{"line":66,"column":81}},"48":{"start":{"line":67,"column":2},"end":{"line":67,"column":9}},"49":{"start":{"line":71,"column":0},"end":{"line":79,"column":3}},"50":{"start":{"line":72,"column":2},"end":{"line":72,"column":52}},"51":{"start":{"line":73,"column":2},"end":{"line":73,"column":48}},"52":{"start":{"line":74,"column":2},"end":{"line":74,"column":52}},"53":{"start":{"line":75,"column":2},"end":{"line":75,"column":46}},"54":{"start":{"line":76,"column":2},"end":{"line":76,"column":45}},"55":{"start":{"line":77,"column":2},"end":{"line":77,"column":49}},"56":{"start":{"line":78,"column":2},"end":{"line":78,"column":9}},"57":{"start":{"line":82,"column":0},"end":{"line":82,"column":29}},"58":{"start":{"line":83,"column":0},"end":{"line":83,"column":35}},"59":{"start":{"line":84,"column":0},"end":{"line":84,"column":39}},"60":{"start":{"line":85,"column":0},"end":{"line":85,"column":43}},"61":{"start":{"line":86,"column":0},"end":{"line":86,"column":35}},"62":{"start":{"line":87,"column":0},"end":{"line":87,"column":33}},"63":{"start":{"line":89,"column":0},"end":{"line":89,"column":42}},"64":{"start":{"line":90,"column":0},"end":{"line":90,"column":38}},"65":{"start":{"line":91,"column":0},"end":{"line":91,"column":38}},"66":{"start":{"line":92,"column":0},"end":{"line":92,"column":38}},"67":{"start":{"line":93,"column":0},"end":{"line":93,"column":36}},"68":{"start":{"line":94,"column":0},"end":{"line":94,"column":33}},"69":{"start":{"line":95,"column":0},"end":{"line":95,"column":38}},"70":{"start":{"line":96,"column":0},"end":{"line":96,"column":34}},"71":{"start":{"line":98,"column":0},"end":{"line":98,"column":36}},"72":{"start":{"line":99,"column":0},"end":{"line":99,"column":40}},"73":{"start":{"line":100,"column":0},"end":{"line":100,"column":41}},"74":{"start":{"line":101,"column":0},"end":{"line":101,"column":50}},"75":{"start":{"line":102,"column":0},"end":{"line":102,"column":43}},"76":{"start":{"line":103,"column":0},"end":{"line":103,"column":37}},"77":{"start":{"line":104,"column":0},"end":{"line":104,"column":44}},"78":{"start":{"line":105,"column":0},"end":{"line":105,"column":47}},"79":{"start":{"line":106,"column":0},"end":{"line":106,"column":46}},"80":{"start":{"line":107,"column":0},"end":{"line":107,"column":48}},"81":{"start":{"line":108,"column":0},"end":{"line":108,"column":47}},"82":{"start":{"line":109,"column":0},"end":{"line":109,"column":31}},"83":{"start":{"line":111,"column":0},"end":{"line":111,"column":48}},"84":{"start":{"line":114,"column":0},"end":{"line":125,"column":3}},"85":{"start":{"line":115,"column":2},"end":{"line":120,"column":3}},"86":{"start":{"line":116,"column":22},"end":{"line":118,"column":33}},"87":{"start":{"line":119,"column":4},"end":{"line":119,"column":35}},"88":{"start":{"line":121,"column":2},"end":{"line":123,"column":3}},"89":{"start":{"line":122,"column":4},"end":{"line":122,"column":45}},"90":{"start":{"line":124,"column":2},"end":{"line":124,"column":56}},"91":{"start":{"line":128,"column":0},"end":{"line":132,"column":3}},"92":{"start":{"line":129,"column":2},"end":{"line":129,"column":39}},"93":{"start":{"line":130,"column":2},"end":{"line":130,"column":68}},"94":{"start":{"line":131,"column":2},"end":{"line":131,"column":20}},"95":{"start":{"line":134,"column":13},"end":{"line":134,"column":37}},"96":{"start":{"line":135,"column":0},"end":{"line":139,"column":1}},"97":{"start":{"line":136,"column":2},"end":{"line":138,"column":5}},"98":{"start":{"line":137,"column":4},"end":{"line":137,"column":65}},"99":{"start":{"line":141,"column":0},"end":{"line":141,"column":21}}},"fnMap":{"0":{"name":"(anonymous_0)","decl":{"start":{"line":39,"column":6},"end":{"line":39,"column":7}},"loc":{"start":{"line":39,"column":12},"end":{"line":39,"column":59}},"line":39},"1":{"name":"(anonymous_1)","decl":{"start":{"line":40,"column":7},"end":{"line":40,"column":8}},"loc":{"start":{"line":40,"column":14},"end":{"line":43,"column":1}},"line":40},"2":{"name":"(anonymous_2)","decl":{"start":{"line":65,"column":8},"end":{"line":65,"column":9}},"loc":{"start":{"line":65,"column":28},"end":{"line":68,"column":1}},"line":65},"3":{"name":"(anonymous_3)","decl":{"start":{"line":71,"column":8},"end":{"line":71,"column":9}},"loc":{"start":{"line":71,"column":28},"end":{"line":79,"column":1}},"line":71},"4":{"name":"(anonymous_4)","decl":{"start":{"line":114,"column":13},"end":{"line":114,"column":14}},"loc":{"start":{"line":114,"column":27},"end":{"line":125,"column":1}},"line":114},"5":{"name":"(anonymous_5)","decl":{"start":{"line":128,"column":8},"end":{"line":128,"column":9}},"loc":{"start":{"line":128,"column":33},"end":{"line":132,"column":1}},"line":128},"6":{"name":"(anonymous_6)","decl":{"start":{"line":136,"column":19},"end":{"line":136,"column":20}},"loc":{"start":{"line":136,"column":25},"end":{"line":138,"column":3}},"line":136}},"branchMap":{"0":{"loc":{"start":{"line":56,"column":10},"end":{"line":56,"column":57}},"type":"binary-expr","locations":[{"start":{"line":56,"column":10},"end":{"line":56,"column":36}},{"start":{"line":56,"column":40},"end":{"line":56,"column":57}}],"line":56},"1":{"loc":{"start":{"line":76,"column":20},"end":{"line":76,"column":44}},"type":"binary-expr","locations":[{"start":{"line":76,"column":20},"end":{"line":76,"column":36}},{"start":{"line":76,"column":40},"end":{"line":76,"column":44}}],"line":76},"2":{"loc":{"start":{"line":77,"column":22},"end":{"line":77,"column":48}},"type":"binary-expr","locations":[{"start":{"line":77,"column":22},"end":{"line":77,"column":40}},{"start":{"line":77,"column":44},"end":{"line":77,"column":48}}],"line":77},"3":{"loc":{"start":{"line":115,"column":2},"end":{"line":120,"column":3}},"type":"if","locations":[{"start":{"line":115,"column":2},"end":{"line":120,"column":3}},{"start":{},"end":{}}],"line":115},"4":{"loc":{"start":{"line":116,"column":22},"end":{"line":118,"column":33}},"type":"cond-expr","locations":[{"start":{"line":117,"column":8},"end":{"line":117,"column":31}},{"start":{"line":118,"column":8},"end":{"line":118,"column":33}}],"line":116},"5":{"loc":{"start":{"line":121,"column":2},"end":{"line":123,"column":3}},"type":"if","locations":[{"start":{"line":121,"column":2},"end":{"line":123,"column":3}},{"start":{},"end":{}}],"line":121},"6":{"loc":{"start":{"line":134,"column":13},"end":{"line":134,"column":37}},"type":"binary-expr","locations":[{"start":{"line":134,"column":13},"end":{"line":134,"column":29}},{"start":{"line":134,"column":33},"end":{"line":134,"column":37}}],"line":134},"7":{"loc":{"start":{"line":135,"column":0},"end":{"line":139,"column":1}},"type":"if","locations":[{"start":{"line":135,"column":0},"end":{"line":139,"column":1}},{"start":{},"end":{}}],"line":135}},"s":{"0":1,"1":1,"2":1,"3":1,"4":1,"5":1,"6":1,"7":1,"8":1,"9":1,"10":1,"11":1,"12":1,"13":1,"14":1,"15":1,"16":1,"17":1,"18":1,"19":1,"20":1,"21":1,"22":1,"23":1,"24":1,"25":1,"26":1,"27":1,"28":1,"29":1,"30":1,"31":1,"32":1,"33":1,"34":1,"35":1,"36":0,"37":0,"38":1,"39":1,"40":1,"41":1,"42":1,"43":1,"44":1,"45":1,"46":1,"47":95,"48":95,"49":1,"50":95,"51":95,"52":95,"53":95,"54":95,"55":95,"56":95,"57":1,"58":1,"59":1,"60":1,"61":1,"62":1,"63":1,"64":1,"65":1,"66":1,"67":1,"68":1,"69":1,"70":1,"71":1,"72":1,"73":1,"74":1,"75":1,"76":1,"77":1,"78":1,"79":1,"80":1,"81":1,"82":1,"83":1,"84":1,"85":0,"86":0,"87":0,"88":0,"89":0,"90":0,"91":1,"92":0,"93":0,"94":0,"95":1,"96":1,"97":0,"98":0,"99":1},"f":{"0":1,"1":0,"2":95,"3":95,"4":0,"5":0,"6":0},"b":{"0":[1,0],"1":[95,60],"2":[95,89],"3":[0,0],"4":[0,0],"5":[0,0],"6":[1,0],"7":[0,1]},"_coverageSchema":"1a1c01bbd47fc00a2c39e90264f33305004495a9","hash":"c2c93ba9eb75dfd27997dd0a060df8cc5b5eaa69","contentHash":"601a12b827f149e4abada5269cccf79380963e08a5d3dfe2c79a9a2e169b14bd"},"C:\\Users\\Work\\Pictures\\Appointment-Booking\\routes\\auth.js":{"path":"C:\\Users\\Work\\Pictures\\Appointment-Booking\\routes\\auth.js","statementMap":{"0":{"start":{"line":1,"column":16},"end":{"line":1,"column":34}},"1":{"start":{"line":2,"column":15},"end":{"line":2,"column":31}},"2":{"start":{"line":3,"column":13},"end":{"line":3,"column":38}},"3":{"start":{"line":4,"column":15},"end":{"line":4,"column":34}},"4":{"start":{"line":5,"column":19},"end":{"line":5,"column":40}},"5":{"start":{"line":6,"column":15},"end":{"line":6,"column":32}},"6":{"start":{"line":9,"column":20},"end":{"line":15,"column":2}},"7":{"start":{"line":18,"column":0},"end":{"line":23,"column":3}},"8":{"start":{"line":19,"column":2},"end":{"line":21,"column":3}},"9":{"start":{"line":20,"column":4},"end":{"line":20,"column":29}},"10":{"start":{"line":22,"column":2},"end":{"line":22,"column":48}},"11":{"start":{"line":25,"column":0},"end":{"line":124,"column":3}},"12":{"start":{"line":26,"column":2},"end":{"line":123,"column":3}},"13":{"start":{"line":27,"column":4},"end":{"line":27,"column":60}},"14":{"start":{"line":28,"column":44},"end":{"line":28,"column":52}},"15":{"start":{"line":30,"column":4},"end":{"line":33,"column":5}},"16":{"start":{"line":31,"column":6},"end":{"line":31,"column":56}},"17":{"start":{"line":32,"column":6},"end":{"line":32,"column":44}},"18":{"start":{"line":35,"column":4},"end":{"line":38,"column":5}},"19":{"start":{"line":36,"column":6},"end":{"line":36,"column":71}},"20":{"start":{"line":37,"column":6},"end":{"line":37,"column":44}},"21":{"start":{"line":40,"column":25},"end":{"line":40,"column":75}},"22":{"start":{"line":41,"column":4},"end":{"line":48,"column":5}},"23":{"start":{"line":42,"column":6},"end":{"line":46,"column":7}},"24":{"start":{"line":43,"column":8},"end":{"line":43,"column":59}},"25":{"start":{"line":45,"column":8},"end":{"line":45,"column":124}},"26":{"start":{"line":47,"column":6},"end":{"line":47,"column":44}},"27":{"start":{"line":50,"column":17},"end":{"line":50,"column":41}},"28":{"start":{"line":51,"column":27},"end":{"line":51,"column":60}},"29":{"start":{"line":53,"column":30},"end":{"line":53,"column":68}},"30":{"start":{"line":54,"column":37},"end":{"line":54,"column":62}},"31":{"start":{"line":56,"column":17},"end":{"line":63,"column":6}},"32":{"start":{"line":65,"column":4},"end":{"line":65,"column":22}},"33":{"start":{"line":66,"column":4},"end":{"line":66,"column":50}},"34":{"start":{"line":68,"column":28},"end":{"line":68,"column":113}},"35":{"start":{"line":70,"column":24},"end":{"line":112,"column":5}},"36":{"start":{"line":114,"column":4},"end":{"line":114,"column":44}},"37":{"start":{"line":115,"column":4},"end":{"line":115,"column":61}},"38":{"start":{"line":117,"column":4},"end":{"line":117,"column":105}},"39":{"start":{"line":118,"column":4},"end":{"line":118,"column":32}},"40":{"start":{"line":120,"column":4},"end":{"line":120,"column":50}},"41":{"start":{"line":121,"column":4},"end":{"line":121,"column":69}},"42":{"start":{"line":122,"column":4},"end":{"line":122,"column":35}},"43":{"start":{"line":127,"column":0},"end":{"line":176,"column":3}},"44":{"start":{"line":128,"column":2},"end":{"line":175,"column":3}},"45":{"start":{"line":129,"column":18},"end":{"line":129,"column":34}},"46":{"start":{"line":130,"column":4},"end":{"line":130,"column":46}},"47":{"start":{"line":132,"column":17},"end":{"line":135,"column":6}},"48":{"start":{"line":137,"column":4},"end":{"line":147,"column":5}},"49":{"start":{"line":138,"column":26},"end":{"line":138,"column":74}},"50":{"start":{"line":139,"column":6},"end":{"line":143,"column":7}},"51":{"start":{"line":140,"column":8},"end":{"line":140,"column":64}},"52":{"start":{"line":141,"column":8},"end":{"line":141,"column":91}},"53":{"start":{"line":142,"column":8},"end":{"line":142,"column":57}},"54":{"start":{"line":145,"column":6},"end":{"line":145,"column":59}},"55":{"start":{"line":146,"column":6},"end":{"line":146,"column":44}},"56":{"start":{"line":149,"column":4},"end":{"line":149,"column":27}},"57":{"start":{"line":150,"column":4},"end":{"line":150,"column":39}},"58":{"start":{"line":151,"column":4},"end":{"line":151,"column":46}},"59":{"start":{"line":152,"column":4},"end":{"line":152,"column":22}},"60":{"start":{"line":154,"column":4},"end":{"line":154,"column":48}},"61":{"start":{"line":155,"column":4},"end":{"line":155,"column":103}},"62":{"start":{"line":157,"column":4},"end":{"line":164,"column":6}},"63":{"start":{"line":166,"column":4},"end":{"line":170,"column":5}},"64":{"start":{"line":167,"column":6},"end":{"line":167,"column":44}},"65":{"start":{"line":169,"column":6},"end":{"line":169,"column":46}},"66":{"start":{"line":172,"column":4},"end":{"line":172,"column":50}},"67":{"start":{"line":173,"column":4},"end":{"line":173,"column":69}},"68":{"start":{"line":174,"column":4},"end":{"line":174,"column":35}},"69":{"start":{"line":179,"column":0},"end":{"line":181,"column":3}},"70":{"start":{"line":180,"column":2},"end":{"line":180,"column":70}},"71":{"start":{"line":183,"column":0},"end":{"line":261,"column":3}},"72":{"start":{"line":184,"column":2},"end":{"line":260,"column":3}},"73":{"start":{"line":185,"column":22},"end":{"line":185,"column":30}},"74":{"start":{"line":186,"column":4},"end":{"line":186,"column":54}},"75":{"start":{"line":188,"column":17},"end":{"line":188,"column":67}},"76":{"start":{"line":190,"column":4},"end":{"line":193,"column":5}},"77":{"start":{"line":191,"column":6},"end":{"line":191,"column":65}},"78":{"start":{"line":192,"column":6},"end":{"line":192,"column":55}},"79":{"start":{"line":195,"column":4},"end":{"line":198,"column":5}},"80":{"start":{"line":196,"column":6},"end":{"line":196,"column":75}},"81":{"start":{"line":197,"column":6},"end":{"line":197,"column":41}},"82":{"start":{"line":200,"column":30},"end":{"line":200,"column":68}},"83":{"start":{"line":201,"column":4},"end":{"line":201,"column":47}},"84":{"start":{"line":202,"column":4},"end":{"line":202,"column":62}},"85":{"start":{"line":203,"column":4},"end":{"line":203,"column":22}},"86":{"start":{"line":205,"column":28},"end":{"line":205,"column":113}},"87":{"start":{"line":207,"column":24},"end":{"line":249,"column":5}},"88":{"start":{"line":251,"column":4},"end":{"line":251,"column":44}},"89":{"start":{"line":252,"column":4},"end":{"line":252,"column":63}},"90":{"start":{"line":254,"column":4},"end":{"line":254,"column":82}},"91":{"start":{"line":255,"column":4},"end":{"line":255,"column":32}},"92":{"start":{"line":257,"column":4},"end":{"line":257,"column":57}},"93":{"start":{"line":258,"column":4},"end":{"line":258,"column":85}},"94":{"start":{"line":259,"column":4},"end":{"line":259,"column":46}},"95":{"start":{"line":264,"column":0},"end":{"line":269,"column":3}},"96":{"start":{"line":265,"column":2},"end":{"line":267,"column":3}},"97":{"start":{"line":266,"column":4},"end":{"line":266,"column":29}},"98":{"start":{"line":268,"column":2},"end":{"line":268,"column":42}},"99":{"start":{"line":272,"column":0},"end":{"line":341,"column":3}},"100":{"start":{"line":273,"column":2},"end":{"line":340,"column":3}},"101":{"start":{"line":274,"column":4},"end":{"line":274,"column":53}},"102":{"start":{"line":275,"column":32},"end":{"line":275,"column":40}},"103":{"start":{"line":277,"column":4},"end":{"line":280,"column":5}},"104":{"start":{"line":278,"column":6},"end":{"line":278,"column":64}},"105":{"start":{"line":279,"column":6},"end":{"line":279,"column":41}},"106":{"start":{"line":282,"column":17},"end":{"line":282,"column":67}},"107":{"start":{"line":283,"column":4},"end":{"line":287,"column":5}},"108":{"start":{"line":284,"column":6},"end":{"line":284,"column":46}},"109":{"start":{"line":285,"column":6},"end":{"line":285,"column":58}},"110":{"start":{"line":286,"column":6},"end":{"line":286,"column":41}},"111":{"start":{"line":289,"column":4},"end":{"line":293,"column":5}},"112":{"start":{"line":290,"column":6},"end":{"line":290,"column":51}},"113":{"start":{"line":291,"column":6},"end":{"line":291,"column":64}},"114":{"start":{"line":292,"column":6},"end":{"line":292,"column":41}},"115":{"start":{"line":295,"column":20},"end":{"line":295,"column":65}},"116":{"start":{"line":296,"column":4},"end":{"line":296,"column":46}},"117":{"start":{"line":298,"column":4},"end":{"line":301,"column":5}},"118":{"start":{"line":299,"column":6},"end":{"line":299,"column":58}},"119":{"start":{"line":300,"column":6},"end":{"line":300,"column":41}},"120":{"start":{"line":304,"column":4},"end":{"line":311,"column":6}},"121":{"start":{"line":313,"column":4},"end":{"line":313,"column":49}},"122":{"start":{"line":314,"column":4},"end":{"line":314,"column":84}},"123":{"start":{"line":315,"column":4},"end":{"line":315,"column":60}},"124":{"start":{"line":318,"column":4},"end":{"line":321,"column":5}},"125":{"start":{"line":319,"column":6},"end":{"line":319,"column":73}},"126":{"start":{"line":320,"column":6},"end":{"line":320,"column":46}},"127":{"start":{"line":324,"column":4},"end":{"line":331,"column":5}},"128":{"start":{"line":325,"column":6},"end":{"line":325,"column":69}},"129":{"start":{"line":326,"column":6},"end":{"line":330,"column":7}},"130":{"start":{"line":327,"column":8},"end":{"line":327,"column":46}},"131":{"start":{"line":329,"column":8},"end":{"line":329,"column":48}},"132":{"start":{"line":334,"column":22},"end":{"line":334,"column":97}},"133":{"start":{"line":335,"column":4},"end":{"line":335,"column":28}},"134":{"start":{"line":337,"column":4},"end":{"line":337,"column":43}},"135":{"start":{"line":338,"column":4},"end":{"line":338,"column":62}},"136":{"start":{"line":339,"column":4},"end":{"line":339,"column":32}},"137":{"start":{"line":344,"column":0},"end":{"line":367,"column":3}},"138":{"start":{"line":345,"column":2},"end":{"line":345,"column":40}},"139":{"start":{"line":346,"column":2},"end":{"line":346,"column":52}},"140":{"start":{"line":348,"column":2},"end":{"line":366,"column":3}},"141":{"start":{"line":349,"column":4},"end":{"line":353,"column":5}},"142":{"start":{"line":350,"column":6},"end":{"line":350,"column":62}},"143":{"start":{"line":351,"column":6},"end":{"line":351,"column":51}},"144":{"start":{"line":352,"column":6},"end":{"line":352,"column":41}},"145":{"start":{"line":355,"column":4},"end":{"line":359,"column":5}},"146":{"start":{"line":356,"column":6},"end":{"line":356,"column":69}},"147":{"start":{"line":357,"column":6},"end":{"line":357,"column":61}},"148":{"start":{"line":358,"column":6},"end":{"line":358,"column":41}},"149":{"start":{"line":363,"column":4},"end":{"line":363,"column":50}},"150":{"start":{"line":364,"column":4},"end":{"line":364,"column":53}},"151":{"start":{"line":365,"column":4},"end":{"line":365,"column":44}},"152":{"start":{"line":370,"column":0},"end":{"line":422,"column":3}},"153":{"start":{"line":371,"column":2},"end":{"line":371,"column":47}},"154":{"start":{"line":372,"column":2},"end":{"line":372,"column":52}},"155":{"start":{"line":374,"column":2},"end":{"line":421,"column":3}},"156":{"start":{"line":375,"column":4},"end":{"line":379,"column":5}},"157":{"start":{"line":376,"column":6},"end":{"line":376,"column":39}},"158":{"start":{"line":377,"column":6},"end":{"line":377,"column":51}},"159":{"start":{"line":378,"column":6},"end":{"line":378,"column":41}},"160":{"start":{"line":381,"column":4},"end":{"line":384,"column":5}},"161":{"start":{"line":382,"column":6},"end":{"line":382,"column":56}},"162":{"start":{"line":383,"column":6},"end":{"line":383,"column":41}},"163":{"start":{"line":386,"column":17},"end":{"line":386,"column":57}},"164":{"start":{"line":387,"column":4},"end":{"line":387,"column":66}},"165":{"start":{"line":388,"column":4},"end":{"line":388,"column":84}},"166":{"start":{"line":389,"column":4},"end":{"line":389,"column":86}},"167":{"start":{"line":391,"column":4},"end":{"line":394,"column":5}},"168":{"start":{"line":392,"column":6},"end":{"line":392,"column":47}},"169":{"start":{"line":393,"column":6},"end":{"line":393,"column":41}},"170":{"start":{"line":396,"column":4},"end":{"line":396,"column":60}},"171":{"start":{"line":397,"column":4},"end":{"line":397,"column":38}},"172":{"start":{"line":398,"column":4},"end":{"line":398,"column":40}},"173":{"start":{"line":400,"column":4},"end":{"line":402,"column":7}},"174":{"start":{"line":401,"column":6},"end":{"line":401,"column":59}},"175":{"start":{"line":401,"column":15},"end":{"line":401,"column":59}},"176":{"start":{"line":404,"column":4},"end":{"line":408,"column":5}},"177":{"start":{"line":405,"column":6},"end":{"line":405,"column":69}},"178":{"start":{"line":406,"column":6},"end":{"line":406,"column":69}},"179":{"start":{"line":407,"column":6},"end":{"line":407,"column":46}},"180":{"start":{"line":410,"column":4},"end":{"line":410,"column":49}},"181":{"start":{"line":411,"column":4},"end":{"line":416,"column":7}},"182":{"start":{"line":418,"column":4},"end":{"line":418,"column":55}},"183":{"start":{"line":419,"column":4},"end":{"line":419,"column":55}},"184":{"start":{"line":420,"column":4},"end":{"line":420,"column":32}},"185":{"start":{"line":425,"column":0},"end":{"line":465,"column":3}},"186":{"start":{"line":426,"column":2},"end":{"line":426,"column":45}},"187":{"start":{"line":427,"column":2},"end":{"line":427,"column":52}},"188":{"start":{"line":429,"column":2},"end":{"line":464,"column":3}},"189":{"start":{"line":430,"column":4},"end":{"line":433,"column":5}},"190":{"start":{"line":431,"column":6},"end":{"line":431,"column":54}},"191":{"start":{"line":432,"column":6},"end":{"line":432,"column":41}},"192":{"start":{"line":435,"column":17},"end":{"line":435,"column":57}},"193":{"start":{"line":436,"column":4},"end":{"line":436,"column":66}},"194":{"start":{"line":437,"column":4},"end":{"line":437,"column":84}},"195":{"start":{"line":438,"column":4},"end":{"line":438,"column":86}},"196":{"start":{"line":440,"column":4},"end":{"line":443,"column":5}},"197":{"start":{"line":441,"column":6},"end":{"line":441,"column":47}},"198":{"start":{"line":442,"column":6},"end":{"line":442,"column":41}},"199":{"start":{"line":445,"column":4},"end":{"line":445,"column":60}},"200":{"start":{"line":447,"column":4},"end":{"line":451,"column":5}},"201":{"start":{"line":448,"column":6},"end":{"line":448,"column":69}},"202":{"start":{"line":449,"column":6},"end":{"line":449,"column":69}},"203":{"start":{"line":450,"column":6},"end":{"line":450,"column":44}},"204":{"start":{"line":453,"column":4},"end":{"line":453,"column":47}},"205":{"start":{"line":454,"column":4},"end":{"line":459,"column":7}},"206":{"start":{"line":461,"column":4},"end":{"line":461,"column":53}},"207":{"start":{"line":462,"column":4},"end":{"line":462,"column":55}},"208":{"start":{"line":463,"column":4},"end":{"line":463,"column":32}},"209":{"start":{"line":468,"column":0},"end":{"line":475,"column":3}},"210":{"start":{"line":469,"column":2},"end":{"line":474,"column":5}},"211":{"start":{"line":470,"column":4},"end":{"line":472,"column":5}},"212":{"start":{"line":471,"column":6},"end":{"line":471,"column":42}},"213":{"start":{"line":473,"column":4},"end":{"line":473,"column":32}},"214":{"start":{"line":478,"column":0},"end":{"line":483,"column":3}},"215":{"start":{"line":479,"column":2},"end":{"line":481,"column":3}},"216":{"start":{"line":480,"column":4},"end":{"line":480,"column":29}},"217":{"start":{"line":482,"column":2},"end":{"line":482,"column":53}},"218":{"start":{"line":485,"column":0},"end":{"line":559,"column":3}},"219":{"start":{"line":486,"column":2},"end":{"line":558,"column":3}},"220":{"start":{"line":487,"column":22},"end":{"line":487,"column":30}},"221":{"start":{"line":488,"column":4},"end":{"line":488,"column":58}},"222":{"start":{"line":490,"column":17},"end":{"line":490,"column":67}},"223":{"start":{"line":492,"column":4},"end":{"line":495,"column":5}},"224":{"start":{"line":493,"column":6},"end":{"line":493,"column":65}},"225":{"start":{"line":494,"column":6},"end":{"line":494,"column":42}},"226":{"start":{"line":497,"column":18},"end":{"line":497,"column":56}},"227":{"start":{"line":498,"column":4},"end":{"line":498,"column":36}},"228":{"start":{"line":499,"column":4},"end":{"line":499,"column":53}},"229":{"start":{"line":500,"column":4},"end":{"line":500,"column":22}},"230":{"start":{"line":502,"column":4},"end":{"line":502,"column":52}},"231":{"start":{"line":504,"column":21},"end":{"line":504,"column":93}},"232":{"start":{"line":506,"column":24},"end":{"line":547,"column":5}},"233":{"start":{"line":549,"column":4},"end":{"line":549,"column":44}},"234":{"start":{"line":550,"column":4},"end":{"line":550,"column":54}},"235":{"start":{"line":552,"column":4},"end":{"line":552,"column":71}},"236":{"start":{"line":553,"column":4},"end":{"line":553,"column":32}},"237":{"start":{"line":555,"column":4},"end":{"line":555,"column":53}},"238":{"start":{"line":556,"column":4},"end":{"line":556,"column":76}},"239":{"start":{"line":557,"column":4},"end":{"line":557,"column":33}},"240":{"start":{"line":562,"column":0},"end":{"line":587,"column":3}},"241":{"start":{"line":563,"column":2},"end":{"line":586,"column":3}},"242":{"start":{"line":564,"column":18},"end":{"line":564,"column":34}},"243":{"start":{"line":565,"column":4},"end":{"line":565,"column":51}},"244":{"start":{"line":567,"column":17},"end":{"line":570,"column":6}},"245":{"start":{"line":572,"column":4},"end":{"line":576,"column":5}},"246":{"start":{"line":573,"column":6},"end":{"line":573,"column":48}},"247":{"start":{"line":574,"column":6},"end":{"line":574,"column":79}},"248":{"start":{"line":575,"column":6},"end":{"line":575,"column":42}},"249":{"start":{"line":578,"column":4},"end":{"line":581,"column":7}},"250":{"start":{"line":583,"column":4},"end":{"line":583,"column":49}},"251":{"start":{"line":584,"column":4},"end":{"line":584,"column":50}},"252":{"start":{"line":585,"column":4},"end":{"line":585,"column":33}},"253":{"start":{"line":589,"column":0},"end":{"line":631,"column":3}},"254":{"start":{"line":590,"column":2},"end":{"line":630,"column":3}},"255":{"start":{"line":591,"column":18},"end":{"line":591,"column":34}},"256":{"start":{"line":592,"column":42},"end":{"line":592,"column":50}},"257":{"start":{"line":594,"column":4},"end":{"line":594,"column":63}},"258":{"start":{"line":596,"column":4},"end":{"line":599,"column":5}},"259":{"start":{"line":597,"column":6},"end":{"line":597,"column":55}},"260":{"start":{"line":598,"column":6},"end":{"line":598,"column":50}},"261":{"start":{"line":601,"column":4},"end":{"line":604,"column":5}},"262":{"start":{"line":602,"column":6},"end":{"line":602,"column":71}},"263":{"start":{"line":603,"column":6},"end":{"line":603,"column":50}},"264":{"start":{"line":606,"column":17},"end":{"line":609,"column":6}},"265":{"start":{"line":611,"column":4},"end":{"line":615,"column":5}},"266":{"start":{"line":612,"column":6},"end":{"line":612,"column":58}},"267":{"start":{"line":613,"column":6},"end":{"line":613,"column":79}},"268":{"start":{"line":614,"column":6},"end":{"line":614,"column":42}},"269":{"start":{"line":617,"column":17},"end":{"line":617,"column":41}},"270":{"start":{"line":618,"column":4},"end":{"line":618,"column":54}},"271":{"start":{"line":619,"column":4},"end":{"line":619,"column":40}},"272":{"start":{"line":620,"column":4},"end":{"line":620,"column":42}},"273":{"start":{"line":621,"column":4},"end":{"line":621,"column":22}},"274":{"start":{"line":623,"column":4},"end":{"line":623,"column":64}},"275":{"start":{"line":624,"column":4},"end":{"line":624,"column":96}},"276":{"start":{"line":625,"column":4},"end":{"line":625,"column":32}},"277":{"start":{"line":627,"column":4},"end":{"line":627,"column":52}},"278":{"start":{"line":628,"column":4},"end":{"line":628,"column":74}},"279":{"start":{"line":629,"column":4},"end":{"line":629,"column":33}},"280":{"start":{"line":634,"column":0},"end":{"line":652,"column":3}},"281":{"start":{"line":635,"column":2},"end":{"line":635,"column":46}},"282":{"start":{"line":636,"column":2},"end":{"line":636,"column":49}},"283":{"start":{"line":637,"column":2},"end":{"line":637,"column":52}},"284":{"start":{"line":639,"column":2},"end":{"line":651,"column":3}},"285":{"start":{"line":640,"column":4},"end":{"line":644,"column":7}},"286":{"start":{"line":646,"column":4},"end":{"line":650,"column":7}},"287":{"start":{"line":654,"column":0},"end":{"line":654,"column":24}}},"fnMap":{"0":{"name":"(anonymous_0)","decl":{"start":{"line":18,"column":24},"end":{"line":18,"column":25}},"loc":{"start":{"line":18,"column":38},"end":{"line":23,"column":1}},"line":18},"1":{"name":"(anonymous_1)","decl":{"start":{"line":25,"column":25},"end":{"line":25,"column":26}},"loc":{"start":{"line":25,"column":45},"end":{"line":124,"column":1}},"line":25},"2":{"name":"(anonymous_2)","decl":{"start":{"line":127,"column":29},"end":{"line":127,"column":30}},"loc":{"start":{"line":127,"column":49},"end":{"line":176,"column":1}},"line":127},"3":{"name":"(anonymous_3)","decl":{"start":{"line":179,"column":35},"end":{"line":179,"column":36}},"loc":{"start":{"line":179,"column":49},"end":{"line":181,"column":1}},"line":179},"4":{"name":"(anonymous_4)","decl":{"start":{"line":183,"column":36},"end":{"line":183,"column":37}},"loc":{"start":{"line":183,"column":56},"end":{"line":261,"column":1}},"line":183},"5":{"name":"(anonymous_5)","decl":{"start":{"line":264,"column":21},"end":{"line":264,"column":22}},"loc":{"start":{"line":264,"column":35},"end":{"line":269,"column":1}},"line":264},"6":{"name":"(anonymous_6)","decl":{"start":{"line":272,"column":22},"end":{"line":272,"column":23}},"loc":{"start":{"line":272,"column":42},"end":{"line":341,"column":1}},"line":272},"7":{"name":"(anonymous_7)","decl":{"start":{"line":344,"column":23},"end":{"line":344,"column":24}},"loc":{"start":{"line":344,"column":43},"end":{"line":367,"column":1}},"line":344},"8":{"name":"(anonymous_8)","decl":{"start":{"line":370,"column":33},"end":{"line":370,"column":34}},"loc":{"start":{"line":370,"column":53},"end":{"line":422,"column":1}},"line":370},"9":{"name":"(anonymous_9)","decl":{"start":{"line":400,"column":21},"end":{"line":400,"column":22}},"loc":{"start":{"line":400,"column":30},"end":{"line":402,"column":5}},"line":400},"10":{"name":"(anonymous_10)","decl":{"start":{"line":425,"column":31},"end":{"line":425,"column":32}},"loc":{"start":{"line":425,"column":51},"end":{"line":465,"column":1}},"line":425},"11":{"name":"(anonymous_11)","decl":{"start":{"line":468,"column":22},"end":{"line":468,"column":23}},"loc":{"start":{"line":468,"column":36},"end":{"line":475,"column":1}},"line":468},"12":{"name":"(anonymous_12)","decl":{"start":{"line":469,"column":22},"end":{"line":469,"column":23}},"loc":{"start":{"line":469,"column":31},"end":{"line":474,"column":3}},"line":469},"13":{"name":"(anonymous_13)","decl":{"start":{"line":478,"column":22},"end":{"line":478,"column":23}},"loc":{"start":{"line":478,"column":36},"end":{"line":483,"column":1}},"line":478},"14":{"name":"(anonymous_14)","decl":{"start":{"line":485,"column":23},"end":{"line":485,"column":24}},"loc":{"start":{"line":485,"column":43},"end":{"line":559,"column":1}},"line":485},"15":{"name":"(anonymous_15)","decl":{"start":{"line":562,"column":28},"end":{"line":562,"column":29}},"loc":{"start":{"line":562,"column":48},"end":{"line":587,"column":1}},"line":562},"16":{"name":"(anonymous_16)","decl":{"start":{"line":589,"column":29},"end":{"line":589,"column":30}},"loc":{"start":{"line":589,"column":49},"end":{"line":631,"column":1}},"line":589},"17":{"name":"(anonymous_17)","decl":{"start":{"line":634,"column":28},"end":{"line":634,"column":29}},"loc":{"start":{"line":634,"column":42},"end":{"line":652,"column":1}},"line":634}},"branchMap":{"0":{"loc":{"start":{"line":19,"column":2},"end":{"line":21,"column":3}},"type":"if","locations":[{"start":{"line":19,"column":2},"end":{"line":21,"column":3}},{"start":{},"end":{}}],"line":19},"1":{"loc":{"start":{"line":30,"column":4},"end":{"line":33,"column":5}},"type":"if","locations":[{"start":{"line":30,"column":4},"end":{"line":33,"column":5}},{"start":{},"end":{}}],"line":30},"2":{"loc":{"start":{"line":30,"column":8},"end":{"line":30,"column":36}},"type":"binary-expr","locations":[{"start":{"line":30,"column":8},"end":{"line":30,"column":13}},{"start":{"line":30,"column":17},"end":{"line":30,"column":23}},{"start":{"line":30,"column":27},"end":{"line":30,"column":36}}],"line":30},"3":{"loc":{"start":{"line":35,"column":4},"end":{"line":38,"column":5}},"type":"if","locations":[{"start":{"line":35,"column":4},"end":{"line":38,"column":5}},{"start":{},"end":{}}],"line":35},"4":{"loc":{"start":{"line":41,"column":4},"end":{"line":48,"column":5}},"type":"if","locations":[{"start":{"line":41,"column":4},"end":{"line":48,"column":5}},{"start":{},"end":{}}],"line":41},"5":{"loc":{"start":{"line":42,"column":6},"end":{"line":46,"column":7}},"type":"if","locations":[{"start":{"line":42,"column":6},"end":{"line":46,"column":7}},{"start":{"line":44,"column":13},"end":{"line":46,"column":7}}],"line":42},"6":{"loc":{"start":{"line":60,"column":12},"end":{"line":60,"column":29}},"type":"binary-expr","locations":[{"start":{"line":60,"column":12},"end":{"line":60,"column":16}},{"start":{"line":60,"column":20},"end":{"line":60,"column":29}}],"line":60},"7":{"loc":{"start":{"line":68,"column":31},"end":{"line":68,"column":78}},"type":"binary-expr","locations":[{"start":{"line":68,"column":31},"end":{"line":68,"column":51}},{"start":{"line":68,"column":55},"end":{"line":68,"column":78}}],"line":68},"8":{"loc":{"start":{"line":137,"column":4},"end":{"line":147,"column":5}},"type":"if","locations":[{"start":{"line":137,"column":4},"end":{"line":147,"column":5}},{"start":{},"end":{}}],"line":137},"9":{"loc":{"start":{"line":139,"column":6},"end":{"line":143,"column":7}},"type":"if","locations":[{"start":{"line":139,"column":6},"end":{"line":143,"column":7}},{"start":{},"end":{}}],"line":139},"10":{"loc":{"start":{"line":166,"column":4},"end":{"line":170,"column":5}},"type":"if","locations":[{"start":{"line":166,"column":4},"end":{"line":170,"column":5}},{"start":{"line":168,"column":11},"end":{"line":170,"column":5}}],"line":166},"11":{"loc":{"start":{"line":190,"column":4},"end":{"line":193,"column":5}},"type":"if","locations":[{"start":{"line":190,"column":4},"end":{"line":193,"column":5}},{"start":{},"end":{}}],"line":190},"12":{"loc":{"start":{"line":195,"column":4},"end":{"line":198,"column":5}},"type":"if","locations":[{"start":{"line":195,"column":4},"end":{"line":198,"column":5}},{"start":{},"end":{}}],"line":195},"13":{"loc":{"start":{"line":205,"column":31},"end":{"line":205,"column":78}},"type":"binary-expr","locations":[{"start":{"line":205,"column":31},"end":{"line":205,"column":51}},{"start":{"line":205,"column":55},"end":{"line":205,"column":78}}],"line":205},"14":{"loc":{"start":{"line":265,"column":2},"end":{"line":267,"column":3}},"type":"if","locations":[{"start":{"line":265,"column":2},"end":{"line":267,"column":3}},{"start":{},"end":{}}],"line":265},"15":{"loc":{"start":{"line":277,"column":4},"end":{"line":280,"column":5}},"type":"if","locations":[{"start":{"line":277,"column":4},"end":{"line":280,"column":5}},{"start":{},"end":{}}],"line":277},"16":{"loc":{"start":{"line":277,"column":8},"end":{"line":277,"column":27}},"type":"binary-expr","locations":[{"start":{"line":277,"column":8},"end":{"line":277,"column":14}},{"start":{"line":277,"column":18},"end":{"line":277,"column":27}}],"line":277},"17":{"loc":{"start":{"line":283,"column":4},"end":{"line":287,"column":5}},"type":"if","locations":[{"start":{"line":283,"column":4},"end":{"line":287,"column":5}},{"start":{},"end":{}}],"line":283},"18":{"loc":{"start":{"line":289,"column":4},"end":{"line":293,"column":5}},"type":"if","locations":[{"start":{"line":289,"column":4},"end":{"line":293,"column":5}},{"start":{},"end":{}}],"line":289},"19":{"loc":{"start":{"line":298,"column":4},"end":{"line":301,"column":5}},"type":"if","locations":[{"start":{"line":298,"column":4},"end":{"line":301,"column":5}},{"start":{},"end":{}}],"line":298},"20":{"loc":{"start":{"line":310,"column":23},"end":{"line":310,"column":52}},"type":"binary-expr","locations":[{"start":{"line":310,"column":23},"end":{"line":310,"column":43}},{"start":{"line":310,"column":47},"end":{"line":310,"column":52}}],"line":310},"21":{"loc":{"start":{"line":318,"column":4},"end":{"line":321,"column":5}},"type":"if","locations":[{"start":{"line":318,"column":4},"end":{"line":321,"column":5}},{"start":{},"end":{}}],"line":318},"22":{"loc":{"start":{"line":324,"column":4},"end":{"line":331,"column":5}},"type":"if","locations":[{"start":{"line":324,"column":4},"end":{"line":331,"column":5}},{"start":{},"end":{}}],"line":324},"23":{"loc":{"start":{"line":326,"column":6},"end":{"line":330,"column":7}},"type":"if","locations":[{"start":{"line":326,"column":6},"end":{"line":330,"column":7}},{"start":{"line":328,"column":13},"end":{"line":330,"column":7}}],"line":326},"24":{"loc":{"start":{"line":334,"column":22},"end":{"line":334,"column":97}},"type":"cond-expr","locations":[{"start":{"line":334,"column":46},"end":{"line":334,"column":69}},{"start":{"line":334,"column":72},"end":{"line":334,"column":97}}],"line":334},"25":{"loc":{"start":{"line":349,"column":4},"end":{"line":353,"column":5}},"type":"if","locations":[{"start":{"line":349,"column":4},"end":{"line":353,"column":5}},{"start":{},"end":{}}],"line":349},"26":{"loc":{"start":{"line":355,"column":4},"end":{"line":359,"column":5}},"type":"if","locations":[{"start":{"line":355,"column":4},"end":{"line":359,"column":5}},{"start":{},"end":{}}],"line":355},"27":{"loc":{"start":{"line":375,"column":4},"end":{"line":379,"column":5}},"type":"if","locations":[{"start":{"line":375,"column":4},"end":{"line":379,"column":5}},{"start":{},"end":{}}],"line":375},"28":{"loc":{"start":{"line":381,"column":4},"end":{"line":384,"column":5}},"type":"if","locations":[{"start":{"line":381,"column":4},"end":{"line":384,"column":5}},{"start":{},"end":{}}],"line":381},"29":{"loc":{"start":{"line":387,"column":36},"end":{"line":387,"column":64}},"type":"cond-expr","locations":[{"start":{"line":387,"column":43},"end":{"line":387,"column":50}},{"start":{"line":387,"column":53},"end":{"line":387,"column":64}}],"line":387},"30":{"loc":{"start":{"line":388,"column":47},"end":{"line":388,"column":82}},"type":"cond-expr","locations":[{"start":{"line":388,"column":54},"end":{"line":388,"column":74}},{"start":{"line":388,"column":77},"end":{"line":388,"column":82}}],"line":388},"31":{"loc":{"start":{"line":391,"column":4},"end":{"line":394,"column":5}},"type":"if","locations":[{"start":{"line":391,"column":4},"end":{"line":394,"column":5}},{"start":{},"end":{}}],"line":391},"32":{"loc":{"start":{"line":401,"column":6},"end":{"line":401,"column":59}},"type":"if","locations":[{"start":{"line":401,"column":6},"end":{"line":401,"column":59}},{"start":{},"end":{}}],"line":401},"33":{"loc":{"start":{"line":404,"column":4},"end":{"line":408,"column":5}},"type":"if","locations":[{"start":{"line":404,"column":4},"end":{"line":408,"column":5}},{"start":{},"end":{}}],"line":404},"34":{"loc":{"start":{"line":430,"column":4},"end":{"line":433,"column":5}},"type":"if","locations":[{"start":{"line":430,"column":4},"end":{"line":433,"column":5}},{"start":{},"end":{}}],"line":430},"35":{"loc":{"start":{"line":430,"column":8},"end":{"line":430,"column":62}},"type":"binary-expr","locations":[{"start":{"line":430,"column":8},"end":{"line":430,"column":25}},{"start":{"line":430,"column":29},"end":{"line":430,"column":62}}],"line":430},"36":{"loc":{"start":{"line":436,"column":36},"end":{"line":436,"column":64}},"type":"cond-expr","locations":[{"start":{"line":436,"column":43},"end":{"line":436,"column":50}},{"start":{"line":436,"column":53},"end":{"line":436,"column":64}}],"line":436},"37":{"loc":{"start":{"line":437,"column":47},"end":{"line":437,"column":82}},"type":"cond-expr","locations":[{"start":{"line":437,"column":54},"end":{"line":437,"column":74}},{"start":{"line":437,"column":77},"end":{"line":437,"column":82}}],"line":437},"38":{"loc":{"start":{"line":440,"column":4},"end":{"line":443,"column":5}},"type":"if","locations":[{"start":{"line":440,"column":4},"end":{"line":443,"column":5}},{"start":{},"end":{}}],"line":440},"39":{"loc":{"start":{"line":447,"column":4},"end":{"line":451,"column":5}},"type":"if","locations":[{"start":{"line":447,"column":4},"end":{"line":451,"column":5}},{"start":{},"end":{}}],"line":447},"40":{"loc":{"start":{"line":470,"column":4},"end":{"line":472,"column":5}},"type":"if","locations":[{"start":{"line":470,"column":4},"end":{"line":472,"column":5}},{"start":{},"end":{}}],"line":470},"41":{"loc":{"start":{"line":479,"column":2},"end":{"line":481,"column":3}},"type":"if","locations":[{"start":{"line":479,"column":2},"end":{"line":481,"column":3}},{"start":{},"end":{}}],"line":479},"42":{"loc":{"start":{"line":492,"column":4},"end":{"line":495,"column":5}},"type":"if","locations":[{"start":{"line":492,"column":4},"end":{"line":495,"column":5}},{"start":{},"end":{}}],"line":492},"43":{"loc":{"start":{"line":504,"column":24},"end":{"line":504,"column":71}},"type":"binary-expr","locations":[{"start":{"line":504,"column":24},"end":{"line":504,"column":44}},{"start":{"line":504,"column":48},"end":{"line":504,"column":71}}],"line":504},"44":{"loc":{"start":{"line":572,"column":4},"end":{"line":576,"column":5}},"type":"if","locations":[{"start":{"line":572,"column":4},"end":{"line":576,"column":5}},{"start":{},"end":{}}],"line":572},"45":{"loc":{"start":{"line":596,"column":4},"end":{"line":599,"column":5}},"type":"if","locations":[{"start":{"line":596,"column":4},"end":{"line":599,"column":5}},{"start":{},"end":{}}],"line":596},"46":{"loc":{"start":{"line":601,"column":4},"end":{"line":604,"column":5}},"type":"if","locations":[{"start":{"line":601,"column":4},"end":{"line":604,"column":5}},{"start":{},"end":{}}],"line":601},"47":{"loc":{"start":{"line":611,"column":4},"end":{"line":615,"column":5}},"type":"if","locations":[{"start":{"line":611,"column":4},"end":{"line":615,"column":5}},{"start":{},"end":{}}],"line":611},"48":{"loc":{"start":{"line":639,"column":2},"end":{"line":651,"column":3}},"type":"if","locations":[{"start":{"line":639,"column":2},"end":{"line":651,"column":3}},{"start":{"line":645,"column":9},"end":{"line":651,"column":3}}],"line":639}},"s":{"0":1,"1":1,"2":1,"3":1,"4":1,"5":1,"6":1,"7":1,"8":0,"9":0,"10":0,"11":1,"12":7,"13":7,"14":7,"15":7,"16":1,"17":1,"18":6,"19":1,"20":1,"21":5,"22":5,"23":1,"24":0,"25":1,"26":1,"27":4,"28":4,"29":4,"30":4,"31":4,"32":4,"33":4,"34":4,"35":4,"36":4,"37":4,"38":4,"39":4,"40":0,"41":0,"42":0,"43":1,"44":3,"45":3,"46":3,"47":3,"48":3,"49":2,"50":2,"51":1,"52":1,"53":1,"54":1,"55":1,"56":1,"57":1,"58":1,"59":1,"60":1,"61":1,"62":1,"63":1,"64":0,"65":1,"66":0,"67":0,"68":0,"69":1,"70":0,"71":1,"72":3,"73":3,"74":3,"75":3,"76":3,"77":1,"78":1,"79":2,"80":1,"81":1,"82":1,"83":1,"84":1,"85":1,"86":1,"87":1,"88":1,"89":1,"90":1,"91":1,"92":0,"93":0,"94":0,"95":1,"96":0,"97":0,"98":0,"99":1,"100":23,"101":23,"102":23,"103":23,"104":0,"105":0,"106":23,"107":23,"108":1,"109":1,"110":1,"111":22,"112":1,"113":1,"114":1,"115":21,"116":21,"117":21,"118":2,"119":2,"120":19,"121":19,"122":19,"123":19,"124":19,"125":1,"126":1,"127":18,"128":2,"129":2,"130":1,"131":1,"132":16,"133":16,"134":0,"135":0,"136":0,"137":1,"138":0,"139":0,"140":0,"141":0,"142":0,"143":0,"144":0,"145":0,"146":0,"147":0,"148":0,"149":0,"150":0,"151":0,"152":1,"153":5,"154":5,"155":5,"156":5,"157":3,"158":3,"159":3,"160":2,"161":0,"162":0,"163":2,"164":2,"165":2,"166":2,"167":2,"168":0,"169":0,"170":2,"171":2,"172":2,"173":2,"174":2,"175":0,"176":2,"177":0,"178":0,"179":0,"180":2,"181":2,"182":0,"183":0,"184":0,"185":1,"186":2,"187":2,"188":2,"189":2,"190":1,"191":1,"192":1,"193":1,"194":1,"195":1,"196":1,"197":0,"198":0,"199":1,"200":1,"201":1,"202":1,"203":1,"204":0,"205":0,"206":0,"207":0,"208":0,"209":1,"210":1,"211":1,"212":0,"213":1,"214":1,"215":0,"216":0,"217":0,"218":1,"219":2,"220":2,"221":2,"222":2,"223":2,"224":1,"225":1,"226":1,"227":1,"228":1,"229":1,"230":1,"231":1,"232":1,"233":1,"234":1,"235":1,"236":1,"237":0,"238":0,"239":0,"240":1,"241":0,"242":0,"243":0,"244":0,"245":0,"246":0,"247":0,"248":0,"249":0,"250":0,"251":0,"252":0,"253":1,"254":4,"255":4,"256":4,"257":4,"258":4,"259":1,"260":1,"261":3,"262":1,"263":1,"264":2,"265":2,"266":1,"267":1,"268":1,"269":1,"270":1,"271":1,"272":1,"273":1,"274":1,"275":1,"276":1,"277":0,"278":0,"279":0,"280":1,"281":2,"282":2,"283":2,"284":2,"285":1,"286":1,"287":1},"f":{"0":0,"1":7,"2":3,"3":0,"4":3,"5":0,"6":23,"7":0,"8":5,"9":2,"10":2,"11":1,"12":1,"13":0,"14":2,"15":0,"16":4,"17":2},"b":{"0":[0,0],"1":[1,6],"2":[7,7,7],"3":[1,5],"4":[1,4],"5":[0,1],"6":[4,1],"7":[4,4],"8":[2,1],"9":[1,1],"10":[0,1],"11":[1,2],"12":[1,1],"13":[1,1],"14":[0,0],"15":[0,23],"16":[23,23],"17":[1,22],"18":[1,21],"19":[2,19],"20":[19,2],"21":[1,18],"22":[2,16],"23":[1,1],"24":[4,12],"25":[0,0],"26":[0,0],"27":[3,2],"28":[0,2],"29":[2,0],"30":[2,0],"31":[0,2],"32":[0,2],"33":[0,2],"34":[1,1],"35":[2,1],"36":[1,0],"37":[1,0],"38":[0,1],"39":[1,0],"40":[0,1],"41":[0,0],"42":[1,1],"43":[1,1],"44":[0,0],"45":[1,3],"46":[1,2],"47":[1,1],"48":[1,1]},"_coverageSchema":"1a1c01bbd47fc00a2c39e90264f33305004495a9","hash":"fd4f1f56c2f82d90bee7c42f397548fb4e4a0bf8","contentHash":"63fc2f8fa36c29cbd12378d221fa463bb8ef7c9f8c18993a1e446c09962d770b"},"C:\\Users\\Work\\Pictures\\Appointment-Booking\\models\\User.js":{"path":"C:\\Users\\Work\\Pictures\\Appointment-Booking\\models\\User.js","statementMap":{"0":{"start":{"line":1,"column":17},"end":{"line":1,"column":36}},"1":{"start":{"line":3,"column":19},"end":{"line":45,"column":2}},"2":{"start":{"line":47,"column":0},"end":{"line":47,"column":52}}},"fnMap":{},"branchMap":{},"s":{"0":1,"1":1,"2":1},"f":{},"b":{},"_coverageSchema":"1a1c01bbd47fc00a2c39e90264f33305004495a9","hash":"f641b34f8e7766a3b0f0d3a41c58d950f689baf7","contentHash":"eac18ebc0a9f9e7ed1b595b968c5369d1b793191df660586cfff31130bce80a9"},"C:\\Users\\Work\\Pictures\\Appointment-Booking\\routes\\profile.js":{"path":"C:\\Users\\Work\\Pictures\\Appointment-Booking\\routes\\profile.js","statementMap":{"0":{"start":{"line":1,"column":16},"end":{"line":1,"column":34}},"1":{"start":{"line":2,"column":15},"end":{"line":2,"column":31}},"2":{"start":{"line":3,"column":16},"end":{"line":3,"column":44}},"3":{"start":{"line":4,"column":13},"end":{"line":4,"column":38}},"4":{"start":{"line":5,"column":15},"end":{"line":5,"column":34}},"5":{"start":{"line":9,"column":2},"end":{"line":9,"column":32}},"6":{"start":{"line":9,"column":20},"end":{"line":9,"column":32}},"7":{"start":{"line":10,"column":16},"end":{"line":10,"column":26}},"8":{"start":{"line":11,"column":14},"end":{"line":11,"column":35}},"9":{"start":{"line":12,"column":12},"end":{"line":12,"column":51}},"10":{"start":{"line":13,"column":20},"end":{"line":13,"column":53}},"11":{"start":{"line":14,"column":2},"end":{"line":16,"column":3}},"12":{"start":{"line":15,"column":4},"end":{"line":15,"column":10}},"13":{"start":{"line":17,"column":2},"end":{"line":17,"column":13}},"14":{"start":{"line":21,"column":0},"end":{"line":80,"column":3}},"15":{"start":{"line":22,"column":2},"end":{"line":22,"column":40}},"16":{"start":{"line":23,"column":2},"end":{"line":23,"column":52}},"17":{"start":{"line":25,"column":2},"end":{"line":79,"column":3}},"18":{"start":{"line":26,"column":4},"end":{"line":30,"column":5}},"19":{"start":{"line":27,"column":6},"end":{"line":27,"column":39}},"20":{"start":{"line":28,"column":6},"end":{"line":28,"column":51}},"21":{"start":{"line":29,"column":6},"end":{"line":29,"column":41}},"22":{"start":{"line":32,"column":4},"end":{"line":36,"column":5}},"23":{"start":{"line":33,"column":6},"end":{"line":33,"column":69}},"24":{"start":{"line":34,"column":6},"end":{"line":34,"column":61}},"25":{"start":{"line":35,"column":6},"end":{"line":35,"column":41}},"26":{"start":{"line":38,"column":4},"end":{"line":38,"column":71}},"27":{"start":{"line":39,"column":18},"end":{"line":39,"column":72}},"28":{"start":{"line":40,"column":4},"end":{"line":40,"column":61}},"29":{"start":{"line":42,"column":4},"end":{"line":55,"column":5}},"30":{"start":{"line":43,"column":6},"end":{"line":50,"column":8}},"31":{"start":{"line":52,"column":6},"end":{"line":54,"column":7}},"32":{"start":{"line":53,"column":8},"end":{"line":53,"column":56}},"33":{"start":{"line":58,"column":4},"end":{"line":58,"column":61}},"34":{"start":{"line":59,"column":17},"end":{"line":59,"column":57}},"35":{"start":{"line":60,"column":4},"end":{"line":60,"column":55}},"36":{"start":{"line":61,"column":4},"end":{"line":61,"column":76}},"37":{"start":{"line":62,"column":30},"end":{"line":62,"column":65}},"38":{"start":{"line":64,"column":4},"end":{"line":64,"column":44}},"39":{"start":{"line":65,"column":4},"end":{"line":73,"column":7}},"40":{"start":{"line":75,"column":4},"end":{"line":75,"column":50}},"41":{"start":{"line":76,"column":4},"end":{"line":76,"column":49}},"42":{"start":{"line":77,"column":4},"end":{"line":77,"column":53}},"43":{"start":{"line":78,"column":4},"end":{"line":78,"column":44}},"44":{"start":{"line":83,"column":0},"end":{"line":199,"column":3}},"45":{"start":{"line":84,"column":2},"end":{"line":84,"column":48}},"46":{"start":{"line":85,"column":2},"end":{"line":85,"column":44}},"47":{"start":{"line":87,"column":2},"end":{"line":198,"column":3}},"48":{"start":{"line":88,"column":4},"end":{"line":91,"column":5}},"49":{"start":{"line":89,"column":6},"end":{"line":89,"column":51}},"50":{"start":{"line":90,"column":6},"end":{"line":90,"column":41}},"51":{"start":{"line":93,"column":58},"end":{"line":93,"column":66}},"52":{"start":{"line":95,"column":4},"end":{"line":98,"column":5}},"53":{"start":{"line":96,"column":6},"end":{"line":96,"column":56}},"54":{"start":{"line":97,"column":6},"end":{"line":97,"column":46}},"55":{"start":{"line":100,"column":4},"end":{"line":103,"column":5}},"56":{"start":{"line":101,"column":6},"end":{"line":101,"column":66}},"57":{"start":{"line":102,"column":6},"end":{"line":102,"column":46}},"58":{"start":{"line":105,"column":4},"end":{"line":108,"column":5}},"59":{"start":{"line":106,"column":6},"end":{"line":106,"column":63}},"60":{"start":{"line":107,"column":6},"end":{"line":107,"column":46}},"61":{"start":{"line":110,"column":25},"end":{"line":113,"column":6}},"62":{"start":{"line":114,"column":4},"end":{"line":117,"column":5}},"63":{"start":{"line":115,"column":6},"end":{"line":115,"column":71}},"64":{"start":{"line":116,"column":6},"end":{"line":116,"column":46}},"65":{"start":{"line":119,"column":28},"end":{"line":122,"column":6}},"66":{"start":{"line":123,"column":4},"end":{"line":126,"column":5}},"67":{"start":{"line":124,"column":6},"end":{"line":124,"column":64}},"68":{"start":{"line":125,"column":6},"end":{"line":125,"column":46}},"69":{"start":{"line":128,"column":16},"end":{"line":128,"column":51}},"70":{"start":{"line":130,"column":18},"end":{"line":130,"column":72}},"71":{"start":{"line":132,"column":4},"end":{"line":152,"column":5}},"72":{"start":{"line":133,"column":6},"end":{"line":133,"column":33}},"73":{"start":{"line":134,"column":6},"end":{"line":134,"column":41}},"74":{"start":{"line":135,"column":6},"end":{"line":135,"column":35}},"75":{"start":{"line":136,"column":6},"end":{"line":136,"column":49}},"76":{"start":{"line":137,"column":6},"end":{"line":137,"column":50}},"77":{"start":{"line":138,"column":6},"end":{"line":138,"column":24}},"78":{"start":{"line":139,"column":6},"end":{"line":139,"column":37}},"79":{"start":{"line":140,"column":6},"end":{"line":140,"column":27}},"80":{"start":{"line":142,"column":6},"end":{"line":150,"column":9}},"81":{"start":{"line":151,"column":6},"end":{"line":151,"column":27}},"82":{"start":{"line":155,"column":24},"end":{"line":163,"column":5}},"83":{"start":{"line":165,"column":4},"end":{"line":165,"column":81}},"84":{"start":{"line":168,"column":4},"end":{"line":168,"column":40}},"85":{"start":{"line":169,"column":4},"end":{"line":169,"column":56}},"86":{"start":{"line":170,"column":4},"end":{"line":170,"column":44}},"87":{"start":{"line":173,"column":4},"end":{"line":180,"column":7}},"88":{"start":{"line":174,"column":6},"end":{"line":179,"column":7}},"89":{"start":{"line":175,"column":8},"end":{"line":175,"column":52}},"90":{"start":{"line":177,"column":8},"end":{"line":177,"column":66}},"91":{"start":{"line":178,"column":8},"end":{"line":178,"column":69}},"92":{"start":{"line":182,"column":4},"end":{"line":182,"column":69}},"93":{"start":{"line":183,"column":4},"end":{"line":183,"column":97}},"94":{"start":{"line":184,"column":4},"end":{"line":184,"column":44}},"95":{"start":{"line":186,"column":4},"end":{"line":186,"column":52}},"96":{"start":{"line":188,"column":4},"end":{"line":196,"column":5}},"97":{"start":{"line":189,"column":6},"end":{"line":193,"column":7}},"98":{"start":{"line":190,"column":8},"end":{"line":190,"column":66}},"99":{"start":{"line":192,"column":8},"end":{"line":192,"column":75}},"100":{"start":{"line":195,"column":6},"end":{"line":195,"column":76}},"101":{"start":{"line":197,"column":4},"end":{"line":197,"column":37}},"102":{"start":{"line":202,"column":0},"end":{"line":225,"column":3}},"103":{"start":{"line":203,"column":2},"end":{"line":224,"column":3}},"104":{"start":{"line":204,"column":4},"end":{"line":207,"column":5}},"105":{"start":{"line":205,"column":6},"end":{"line":205,"column":51}},"106":{"start":{"line":206,"column":6},"end":{"line":206,"column":41}},"107":{"start":{"line":209,"column":4},"end":{"line":212,"column":5}},"108":{"start":{"line":210,"column":6},"end":{"line":210,"column":61}},"109":{"start":{"line":211,"column":6},"end":{"line":211,"column":41}},"110":{"start":{"line":214,"column":4},"end":{"line":219,"column":7}},"111":{"start":{"line":221,"column":4},"end":{"line":221,"column":58}},"112":{"start":{"line":222,"column":4},"end":{"line":222,"column":66}},"113":{"start":{"line":223,"column":4},"end":{"line":223,"column":37}},"114":{"start":{"line":228,"column":0},"end":{"line":294,"column":3}},"115":{"start":{"line":229,"column":2},"end":{"line":293,"column":3}},"116":{"start":{"line":230,"column":4},"end":{"line":233,"column":5}},"117":{"start":{"line":231,"column":6},"end":{"line":231,"column":51}},"118":{"start":{"line":232,"column":6},"end":{"line":232,"column":41}},"119":{"start":{"line":235,"column":62},"end":{"line":235,"column":70}},"120":{"start":{"line":237,"column":4},"end":{"line":240,"column":5}},"121":{"start":{"line":238,"column":6},"end":{"line":238,"column":110}},"122":{"start":{"line":239,"column":6},"end":{"line":239,"column":54}},"123":{"start":{"line":242,"column":4},"end":{"line":245,"column":5}},"124":{"start":{"line":243,"column":6},"end":{"line":243,"column":80}},"125":{"start":{"line":244,"column":6},"end":{"line":244,"column":54}},"126":{"start":{"line":247,"column":25},"end":{"line":247,"column":50}},"127":{"start":{"line":248,"column":25},"end":{"line":248,"column":50}},"128":{"start":{"line":249,"column":22},"end":{"line":249,"column":47}},"129":{"start":{"line":250,"column":23},"end":{"line":250,"column":53}},"130":{"start":{"line":252,"column":4},"end":{"line":255,"column":5}},"131":{"start":{"line":253,"column":6},"end":{"line":253,"column":156}},"132":{"start":{"line":254,"column":6},"end":{"line":254,"column":54}},"133":{"start":{"line":257,"column":4},"end":{"line":260,"column":5}},"134":{"start":{"line":258,"column":6},"end":{"line":258,"column":79}},"135":{"start":{"line":259,"column":6},"end":{"line":259,"column":54}},"136":{"start":{"line":262,"column":17},"end":{"line":262,"column":57}},"137":{"start":{"line":263,"column":4},"end":{"line":266,"column":5}},"138":{"start":{"line":264,"column":6},"end":{"line":264,"column":47}},"139":{"start":{"line":265,"column":6},"end":{"line":265,"column":54}},"140":{"start":{"line":268,"column":37},"end":{"line":268,"column":89}},"141":{"start":{"line":269,"column":4},"end":{"line":272,"column":5}},"142":{"start":{"line":270,"column":6},"end":{"line":270,"column":62}},"143":{"start":{"line":271,"column":6},"end":{"line":271,"column":54}},"144":{"start":{"line":274,"column":28},"end":{"line":274,"column":76}},"145":{"start":{"line":275,"column":4},"end":{"line":278,"column":5}},"146":{"start":{"line":276,"column":6},"end":{"line":276,"column":84}},"147":{"start":{"line":277,"column":6},"end":{"line":277,"column":54}},"148":{"start":{"line":280,"column":17},"end":{"line":280,"column":41}},"149":{"start":{"line":281,"column":27},"end":{"line":281,"column":63}},"150":{"start":{"line":283,"column":4},"end":{"line":283,"column":35}},"151":{"start":{"line":284,"column":4},"end":{"line":284,"column":22}},"152":{"start":{"line":286,"column":4},"end":{"line":286,"column":73}},"153":{"start":{"line":287,"column":4},"end":{"line":287,"column":63}},"154":{"start":{"line":288,"column":4},"end":{"line":288,"column":37}},"155":{"start":{"line":290,"column":4},"end":{"line":290,"column":53}},"156":{"start":{"line":291,"column":4},"end":{"line":291,"column":75}},"157":{"start":{"line":292,"column":4},"end":{"line":292,"column":45}},"158":{"start":{"line":297,"column":0},"end":{"line":320,"column":3}},"159":{"start":{"line":298,"column":2},"end":{"line":319,"column":3}},"160":{"start":{"line":299,"column":4},"end":{"line":301,"column":5}},"161":{"start":{"line":300,"column":6},"end":{"line":300,"column":61}},"162":{"start":{"line":303,"column":20},"end":{"line":303,"column":74}},"163":{"start":{"line":304,"column":4},"end":{"line":306,"column":5}},"164":{"start":{"line":305,"column":6},"end":{"line":305,"column":66}},"165":{"start":{"line":308,"column":4},"end":{"line":310,"column":5}},"166":{"start":{"line":309,"column":6},"end":{"line":309,"column":54}},"167":{"start":{"line":312,"column":4},"end":{"line":315,"column":7}},"168":{"start":{"line":317,"column":4},"end":{"line":317,"column":50}},"169":{"start":{"line":318,"column":4},"end":{"line":318,"column":52}},"170":{"start":{"line":323,"column":0},"end":{"line":340,"column":3}},"171":{"start":{"line":324,"column":2},"end":{"line":339,"column":3}},"172":{"start":{"line":325,"column":4},"end":{"line":328,"column":5}},"173":{"start":{"line":326,"column":6},"end":{"line":326,"column":51}},"174":{"start":{"line":327,"column":6},"end":{"line":327,"column":41}},"175":{"start":{"line":330,"column":4},"end":{"line":330,"column":68}},"176":{"start":{"line":331,"column":4},"end":{"line":331,"column":73}},"177":{"start":{"line":333,"column":4},"end":{"line":333,"column":61}},"178":{"start":{"line":334,"column":4},"end":{"line":334,"column":37}},"179":{"start":{"line":336,"column":4},"end":{"line":336,"column":54}},"180":{"start":{"line":337,"column":4},"end":{"line":337,"column":55}},"181":{"start":{"line":338,"column":4},"end":{"line":338,"column":37}},"182":{"start":{"line":342,"column":0},"end":{"line":342,"column":24}}},"fnMap":{"0":{"name":"calculateAge","decl":{"start":{"line":8,"column":9},"end":{"line":8,"column":21}},"loc":{"start":{"line":8,"column":35},"end":{"line":18,"column":1}},"line":8},"1":{"name":"(anonymous_1)","decl":{"start":{"line":21,"column":23},"end":{"line":21,"column":24}},"loc":{"start":{"line":21,"column":43},"end":{"line":80,"column":1}},"line":21},"2":{"name":"(anonymous_2)","decl":{"start":{"line":83,"column":31},"end":{"line":83,"column":32}},"loc":{"start":{"line":83,"column":51},"end":{"line":199,"column":1}},"line":83},"3":{"name":"(anonymous_3)","decl":{"start":{"line":173,"column":21},"end":{"line":173,"column":22}},"loc":{"start":{"line":173,"column":30},"end":{"line":180,"column":5}},"line":173},"4":{"name":"(anonymous_4)","decl":{"start":{"line":202,"column":31},"end":{"line":202,"column":32}},"loc":{"start":{"line":202,"column":51},"end":{"line":225,"column":1}},"line":202},"5":{"name":"(anonymous_5)","decl":{"start":{"line":228,"column":32},"end":{"line":228,"column":33}},"loc":{"start":{"line":228,"column":52},"end":{"line":294,"column":1}},"line":228},"6":{"name":"(anonymous_6)","decl":{"start":{"line":297,"column":28},"end":{"line":297,"column":29}},"loc":{"start":{"line":297,"column":48},"end":{"line":320,"column":1}},"line":297},"7":{"name":"(anonymous_7)","decl":{"start":{"line":323,"column":33},"end":{"line":323,"column":34}},"loc":{"start":{"line":323,"column":53},"end":{"line":340,"column":1}},"line":323}},"branchMap":{"0":{"loc":{"start":{"line":9,"column":2},"end":{"line":9,"column":32}},"type":"if","locations":[{"start":{"line":9,"column":2},"end":{"line":9,"column":32}},{"start":{},"end":{}}],"line":9},"1":{"loc":{"start":{"line":14,"column":2},"end":{"line":16,"column":3}},"type":"if","locations":[{"start":{"line":14,"column":2},"end":{"line":16,"column":3}},{"start":{},"end":{}}],"line":14},"2":{"loc":{"start":{"line":14,"column":6},"end":{"line":14,"column":75}},"type":"binary-expr","locations":[{"start":{"line":14,"column":6},"end":{"line":14,"column":19}},{"start":{"line":14,"column":24},"end":{"line":14,"column":39}},{"start":{"line":14,"column":43},"end":{"line":14,"column":74}}],"line":14},"3":{"loc":{"start":{"line":26,"column":4},"end":{"line":30,"column":5}},"type":"if","locations":[{"start":{"line":26,"column":4},"end":{"line":30,"column":5}},{"start":{},"end":{}}],"line":26},"4":{"loc":{"start":{"line":32,"column":4},"end":{"line":36,"column":5}},"type":"if","locations":[{"start":{"line":32,"column":4},"end":{"line":36,"column":5}},{"start":{},"end":{}}],"line":32},"5":{"loc":{"start":{"line":40,"column":37},"end":{"line":40,"column":59}},"type":"cond-expr","locations":[{"start":{"line":40,"column":47},"end":{"line":40,"column":52}},{"start":{"line":40,"column":55},"end":{"line":40,"column":59}}],"line":40},"6":{"loc":{"start":{"line":42,"column":4},"end":{"line":55,"column":5}},"type":"if","locations":[{"start":{"line":42,"column":4},"end":{"line":55,"column":5}},{"start":{"line":51,"column":11},"end":{"line":55,"column":5}}],"line":42},"7":{"loc":{"start":{"line":52,"column":6},"end":{"line":54,"column":7}},"type":"if","locations":[{"start":{"line":52,"column":6},"end":{"line":54,"column":7}},{"start":{},"end":{}}],"line":52},"8":{"loc":{"start":{"line":60,"column":34},"end":{"line":60,"column":53}},"type":"cond-expr","locations":[{"start":{"line":60,"column":41},"end":{"line":60,"column":46}},{"start":{"line":60,"column":49},"end":{"line":60,"column":53}}],"line":60},"9":{"loc":{"start":{"line":61,"column":39},"end":{"line":61,"column":74}},"type":"cond-expr","locations":[{"start":{"line":61,"column":46},"end":{"line":61,"column":66}},{"start":{"line":61,"column":69},"end":{"line":61,"column":74}}],"line":61},"10":{"loc":{"start":{"line":62,"column":30},"end":{"line":62,"column":65}},"type":"cond-expr","locations":[{"start":{"line":62,"column":37},"end":{"line":62,"column":57}},{"start":{"line":62,"column":60},"end":{"line":62,"column":65}}],"line":62},"11":{"loc":{"start":{"line":88,"column":4},"end":{"line":91,"column":5}},"type":"if","locations":[{"start":{"line":88,"column":4},"end":{"line":91,"column":5}},{"start":{},"end":{}}],"line":88},"12":{"loc":{"start":{"line":95,"column":4},"end":{"line":98,"column":5}},"type":"if","locations":[{"start":{"line":95,"column":4},"end":{"line":98,"column":5}},{"start":{},"end":{}}],"line":95},"13":{"loc":{"start":{"line":95,"column":8},"end":{"line":95,"column":62}},"type":"binary-expr","locations":[{"start":{"line":95,"column":8},"end":{"line":95,"column":13}},{"start":{"line":95,"column":17},"end":{"line":95,"column":26}},{"start":{"line":95,"column":30},"end":{"line":95,"column":36}},{"start":{"line":95,"column":40},"end":{"line":95,"column":46}},{"start":{"line":95,"column":50},"end":{"line":95,"column":62}}],"line":95},"14":{"loc":{"start":{"line":100,"column":4},"end":{"line":103,"column":5}},"type":"if","locations":[{"start":{"line":100,"column":4},"end":{"line":103,"column":5}},{"start":{},"end":{}}],"line":100},"15":{"loc":{"start":{"line":105,"column":4},"end":{"line":108,"column":5}},"type":"if","locations":[{"start":{"line":105,"column":4},"end":{"line":108,"column":5}},{"start":{},"end":{}}],"line":105},"16":{"loc":{"start":{"line":114,"column":4},"end":{"line":117,"column":5}},"type":"if","locations":[{"start":{"line":114,"column":4},"end":{"line":117,"column":5}},{"start":{},"end":{}}],"line":114},"17":{"loc":{"start":{"line":123,"column":4},"end":{"line":126,"column":5}},"type":"if","locations":[{"start":{"line":123,"column":4},"end":{"line":126,"column":5}},{"start":{},"end":{}}],"line":123},"18":{"loc":{"start":{"line":132,"column":4},"end":{"line":152,"column":5}},"type":"if","locations":[{"start":{"line":132,"column":4},"end":{"line":152,"column":5}},{"start":{"line":141,"column":11},"end":{"line":152,"column":5}}],"line":132},"19":{"loc":{"start":{"line":174,"column":6},"end":{"line":179,"column":7}},"type":"if","locations":[{"start":{"line":174,"column":6},"end":{"line":179,"column":7}},{"start":{"line":176,"column":13},"end":{"line":179,"column":7}}],"line":174},"20":{"loc":{"start":{"line":188,"column":4},"end":{"line":196,"column":5}},"type":"if","locations":[{"start":{"line":188,"column":4},"end":{"line":196,"column":5}},{"start":{"line":194,"column":11},"end":{"line":196,"column":5}}],"line":188},"21":{"loc":{"start":{"line":189,"column":6},"end":{"line":193,"column":7}},"type":"if","locations":[{"start":{"line":189,"column":6},"end":{"line":193,"column":7}},{"start":{"line":191,"column":13},"end":{"line":193,"column":7}}],"line":189},"22":{"loc":{"start":{"line":189,"column":10},"end":{"line":189,"column":55}},"type":"binary-expr","locations":[{"start":{"line":189,"column":10},"end":{"line":189,"column":26}},{"start":{"line":189,"column":30},"end":{"line":189,"column":55}}],"line":189},"23":{"loc":{"start":{"line":204,"column":4},"end":{"line":207,"column":5}},"type":"if","locations":[{"start":{"line":204,"column":4},"end":{"line":207,"column":5}},{"start":{},"end":{}}],"line":204},"24":{"loc":{"start":{"line":209,"column":4},"end":{"line":212,"column":5}},"type":"if","locations":[{"start":{"line":209,"column":4},"end":{"line":212,"column":5}},{"start":{},"end":{}}],"line":209},"25":{"loc":{"start":{"line":230,"column":4},"end":{"line":233,"column":5}},"type":"if","locations":[{"start":{"line":230,"column":4},"end":{"line":233,"column":5}},{"start":{},"end":{}}],"line":230},"26":{"loc":{"start":{"line":237,"column":4},"end":{"line":240,"column":5}},"type":"if","locations":[{"start":{"line":237,"column":4},"end":{"line":240,"column":5}},{"start":{},"end":{}}],"line":237},"27":{"loc":{"start":{"line":237,"column":8},"end":{"line":237,"column":60}},"type":"binary-expr","locations":[{"start":{"line":237,"column":8},"end":{"line":237,"column":24}},{"start":{"line":237,"column":28},"end":{"line":237,"column":40}},{"start":{"line":237,"column":44},"end":{"line":237,"column":60}}],"line":237},"28":{"loc":{"start":{"line":242,"column":4},"end":{"line":245,"column":5}},"type":"if","locations":[{"start":{"line":242,"column":4},"end":{"line":245,"column":5}},{"start":{},"end":{}}],"line":242},"29":{"loc":{"start":{"line":252,"column":4},"end":{"line":255,"column":5}},"type":"if","locations":[{"start":{"line":252,"column":4},"end":{"line":255,"column":5}},{"start":{},"end":{}}],"line":252},"30":{"loc":{"start":{"line":252,"column":8},"end":{"line":252,"column":67}},"type":"binary-expr","locations":[{"start":{"line":252,"column":8},"end":{"line":252,"column":21}},{"start":{"line":252,"column":25},"end":{"line":252,"column":38}},{"start":{"line":252,"column":42},"end":{"line":252,"column":52}},{"start":{"line":252,"column":56},"end":{"line":252,"column":67}}],"line":252},"31":{"loc":{"start":{"line":257,"column":4},"end":{"line":260,"column":5}},"type":"if","locations":[{"start":{"line":257,"column":4},"end":{"line":260,"column":5}},{"start":{},"end":{}}],"line":257},"32":{"loc":{"start":{"line":263,"column":4},"end":{"line":266,"column":5}},"type":"if","locations":[{"start":{"line":263,"column":4},"end":{"line":266,"column":5}},{"start":{},"end":{}}],"line":263},"33":{"loc":{"start":{"line":269,"column":4},"end":{"line":272,"column":5}},"type":"if","locations":[{"start":{"line":269,"column":4},"end":{"line":272,"column":5}},{"start":{},"end":{}}],"line":269},"34":{"loc":{"start":{"line":275,"column":4},"end":{"line":278,"column":5}},"type":"if","locations":[{"start":{"line":275,"column":4},"end":{"line":278,"column":5}},{"start":{},"end":{}}],"line":275},"35":{"loc":{"start":{"line":299,"column":4},"end":{"line":301,"column":5}},"type":"if","locations":[{"start":{"line":299,"column":4},"end":{"line":301,"column":5}},{"start":{},"end":{}}],"line":299},"36":{"loc":{"start":{"line":304,"column":4},"end":{"line":306,"column":5}},"type":"if","locations":[{"start":{"line":304,"column":4},"end":{"line":306,"column":5}},{"start":{},"end":{}}],"line":304},"37":{"loc":{"start":{"line":308,"column":4},"end":{"line":310,"column":5}},"type":"if","locations":[{"start":{"line":308,"column":4},"end":{"line":310,"column":5}},{"start":{},"end":{}}],"line":308},"38":{"loc":{"start":{"line":325,"column":4},"end":{"line":328,"column":5}},"type":"if","locations":[{"start":{"line":325,"column":4},"end":{"line":328,"column":5}},{"start":{},"end":{}}],"line":325}},"s":{"0":1,"1":1,"2":1,"3":1,"4":1,"5":0,"6":0,"7":0,"8":0,"9":0,"10":0,"11":0,"12":0,"13":0,"14":1,"15":0,"16":0,"17":0,"18":0,"19":0,"20":0,"21":0,"22":0,"23":0,"24":0,"25":0,"26":0,"27":0,"28":0,"29":0,"30":0,"31":0,"32":0,"33":0,"34":0,"35":0,"36":0,"37":0,"38":0,"39":0,"40":0,"41":0,"42":0,"43":0,"44":1,"45":0,"46":0,"47":0,"48":0,"49":0,"50":0,"51":0,"52":0,"53":0,"54":0,"55":0,"56":0,"57":0,"58":0,"59":0,"60":0,"61":0,"62":0,"63":0,"64":0,"65":0,"66":0,"67":0,"68":0,"69":0,"70":0,"71":0,"72":0,"73":0,"74":0,"75":0,"76":0,"77":0,"78":0,"79":0,"80":0,"81":0,"82":0,"83":0,"84":0,"85":0,"86":0,"87":0,"88":0,"89":0,"90":0,"91":0,"92":0,"93":0,"94":0,"95":0,"96":0,"97":0,"98":0,"99":0,"100":0,"101":0,"102":1,"103":0,"104":0,"105":0,"106":0,"107":0,"108":0,"109":0,"110":0,"111":0,"112":0,"113":0,"114":1,"115":0,"116":0,"117":0,"118":0,"119":0,"120":0,"121":0,"122":0,"123":0,"124":0,"125":0,"126":0,"127":0,"128":0,"129":0,"130":0,"131":0,"132":0,"133":0,"134":0,"135":0,"136":0,"137":0,"138":0,"139":0,"140":0,"141":0,"142":0,"143":0,"144":0,"145":0,"146":0,"147":0,"148":0,"149":0,"150":0,"151":0,"152":0,"153":0,"154":0,"155":0,"156":0,"157":0,"158":1,"159":0,"160":0,"161":0,"162":0,"163":0,"164":0,"165":0,"166":0,"167":0,"168":0,"169":0,"170":1,"171":0,"172":0,"173":0,"174":0,"175":0,"176":0,"177":0,"178":0,"179":0,"180":0,"181":0,"182":1},"f":{"0":0,"1":0,"2":0,"3":0,"4":0,"5":0,"6":0,"7":0},"b":{"0":[0,0],"1":[0,0],"2":[0,0,0],"3":[0,0],"4":[0,0],"5":[0,0],"6":[0,0],"7":[0,0],"8":[0,0],"9":[0,0],"10":[0,0],"11":[0,0],"12":[0,0],"13":[0,0,0,0,0],"14":[0,0],"15":[0,0],"16":[0,0],"17":[0,0],"18":[0,0],"19":[0,0],"20":[0,0],"21":[0,0],"22":[0,0],"23":[0,0],"24":[0,0],"25":[0,0],"26":[0,0],"27":[0,0,0],"28":[0,0],"29":[0,0],"30":[0,0,0,0],"31":[0,0],"32":[0,0],"33":[0,0],"34":[0,0],"35":[0,0],"36":[0,0],"37":[0,0],"38":[0,0]},"_coverageSchema":"1a1c01bbd47fc00a2c39e90264f33305004495a9","hash":"bcf9939773f027f736d8ce391482be4221471ac0","contentHash":"4455ed38ffab5a7878e1ceca07d1e2f675d27d740d260152b580cd3ccbfe039e"},"C:\\Users\\Work\\Pictures\\Appointment-Booking\\models\\Patient.js":{"path":"C:\\Users\\Work\\Pictures\\Appointment-Booking\\models\\Patient.js","statementMap":{"0":{"start":{"line":1,"column":17},"end":{"line":1,"column":36}},"1":{"start":{"line":3,"column":22},"end":{"line":47,"column":2}},"2":{"start":{"line":50,"column":0},"end":{"line":60,"column":2}},"3":{"start":{"line":51,"column":2},"end":{"line":51,"column":37}},"4":{"start":{"line":51,"column":25},"end":{"line":51,"column":37}},"5":{"start":{"line":52,"column":16},"end":{"line":52,"column":26}},"6":{"start":{"line":53,"column":14},"end":{"line":53,"column":40}},"7":{"start":{"line":54,"column":12},"end":{"line":54,"column":51}},"8":{"start":{"line":55,"column":20},"end":{"line":55,"column":53}},"9":{"start":{"line":56,"column":2},"end":{"line":58,"column":3}},"10":{"start":{"line":57,"column":4},"end":{"line":57,"column":10}},"11":{"start":{"line":59,"column":2},"end":{"line":59,"column":13}},"12":{"start":{"line":62,"column":0},"end":{"line":62,"column":58}}},"fnMap":{"0":{"name":"(anonymous_0)","decl":{"start":{"line":50,"column":37},"end":{"line":50,"column":38}},"loc":{"start":{"line":50,"column":48},"end":{"line":60,"column":1}},"line":50}},"branchMap":{"0":{"loc":{"start":{"line":51,"column":2},"end":{"line":51,"column":37}},"type":"if","locations":[{"start":{"line":51,"column":2},"end":{"line":51,"column":37}},{"start":{},"end":{}}],"line":51},"1":{"loc":{"start":{"line":56,"column":2},"end":{"line":58,"column":3}},"type":"if","locations":[{"start":{"line":56,"column":2},"end":{"line":58,"column":3}},{"start":{},"end":{}}],"line":56},"2":{"loc":{"start":{"line":56,"column":6},"end":{"line":56,"column":75}},"type":"binary-expr","locations":[{"start":{"line":56,"column":6},"end":{"line":56,"column":19}},{"start":{"line":56,"column":24},"end":{"line":56,"column":39}},{"start":{"line":56,"column":43},"end":{"line":56,"column":74}}],"line":56}},"s":{"0":1,"1":1,"2":1,"3":0,"4":0,"5":0,"6":0,"7":0,"8":0,"9":0,"10":0,"11":0,"12":1},"f":{"0":0},"b":{"0":[0,0],"1":[0,0],"2":[0,0,0]},"_coverageSchema":"1a1c01bbd47fc00a2c39e90264f33305004495a9","hash":"9ad583ddedef77c98ae22d8427482abf6d90ab2f","contentHash":"5ea8198311eb900c670dc035a2a672e0c4fd026d8029b5354ae37b005c454c03"},"C:\\Users\\Work\\Pictures\\Appointment-Booking\\routes\\appointment.js":{"path":"C:\\Users\\Work\\Pictures\\Appointment-Booking\\routes\\appointment.js","statementMap":{"0":{"start":{"line":1,"column":16},"end":{"line":1,"column":34}},"1":{"start":{"line":2,"column":15},"end":{"line":2,"column":31}},"2":{"start":{"line":3,"column":20},"end":{"line":3,"column":52}},"3":{"start":{"line":4,"column":16},"end":{"line":4,"column":44}},"4":{"start":{"line":5,"column":13},"end":{"line":5,"column":38}},"5":{"start":{"line":8,"column":0},"end":{"line":50,"column":3}},"6":{"start":{"line":9,"column":2},"end":{"line":49,"column":3}},"7":{"start":{"line":11,"column":4},"end":{"line":14,"column":5}},"8":{"start":{"line":12,"column":6},"end":{"line":12,"column":51}},"9":{"start":{"line":13,"column":6},"end":{"line":13,"column":41}},"10":{"start":{"line":17,"column":4},"end":{"line":20,"column":5}},"11":{"start":{"line":18,"column":6},"end":{"line":18,"column":61}},"12":{"start":{"line":19,"column":6},"end":{"line":19,"column":41}},"13":{"start":{"line":23,"column":20},"end":{"line":23,"column":74}},"14":{"start":{"line":26,"column":4},"end":{"line":29,"column":5}},"15":{"start":{"line":27,"column":6},"end":{"line":27,"column":114}},"16":{"start":{"line":32,"column":25},"end":{"line":34,"column":39}},"17":{"start":{"line":36,"column":4},"end":{"line":44,"column":7}},"18":{"start":{"line":46,"column":4},"end":{"line":46,"column":54}},"19":{"start":{"line":47,"column":4},"end":{"line":47,"column":62}},"20":{"start":{"line":48,"column":4},"end":{"line":48,"column":44}},"21":{"start":{"line":53,"column":0},"end":{"line":121,"column":3}},"22":{"start":{"line":54,"column":2},"end":{"line":120,"column":3}},"23":{"start":{"line":56,"column":4},"end":{"line":59,"column":5}},"24":{"start":{"line":57,"column":6},"end":{"line":57,"column":51}},"25":{"start":{"line":58,"column":6},"end":{"line":58,"column":41}},"26":{"start":{"line":61,"column":81},"end":{"line":61,"column":89}},"27":{"start":{"line":64,"column":4},"end":{"line":67,"column":5}},"28":{"start":{"line":65,"column":6},"end":{"line":65,"column":56}},"29":{"start":{"line":66,"column":6},"end":{"line":66,"column":50}},"30":{"start":{"line":70,"column":4},"end":{"line":73,"column":5}},"31":{"start":{"line":71,"column":6},"end":{"line":71,"column":66}},"32":{"start":{"line":72,"column":6},"end":{"line":72,"column":50}},"33":{"start":{"line":76,"column":4},"end":{"line":79,"column":5}},"34":{"start":{"line":77,"column":6},"end":{"line":77,"column":75}},"35":{"start":{"line":78,"column":6},"end":{"line":78,"column":50}},"36":{"start":{"line":81,"column":4},"end":{"line":84,"column":5}},"37":{"start":{"line":82,"column":6},"end":{"line":82,"column":73}},"38":{"start":{"line":83,"column":6},"end":{"line":83,"column":50}},"39":{"start":{"line":87,"column":32},"end":{"line":91,"column":6}},"40":{"start":{"line":93,"column":4},"end":{"line":96,"column":5}},"41":{"start":{"line":94,"column":6},"end":{"line":94,"column":94}},"42":{"start":{"line":95,"column":6},"end":{"line":95,"column":50}},"43":{"start":{"line":99,"column":24},"end":{"line":109,"column":6}},"
[...]
":43,"column":40}}],"line":43},"5":{"loc":{"start":{"line":52,"column":15},"end":{"line":52,"column":28}},"type":"binary-expr","locations":[{"start":{"line":52,"column":15},"end":{"line":52,"column":22}},{"start":{"line":52,"column":26},"end":{"line":52,"column":28}}],"line":52},"6":{"loc":{"start":{"line":68,"column":4},"end":{"line":71,"column":5}},"type":"if","locations":[{"start":{"line":68,"column":4},"end":{"line":71,"column":5}},{"start":{},"end":{}}],"line":68},"7":{"loc":{"start":{"line":68,"column":8},"end":{"line":68,"column":62}},"type":"binary-expr","locations":[{"start":{"line":68,"column":8},"end":{"line":68,"column":13}},{"start":{"line":68,"column":17},"end":{"line":68,"column":23}},{"start":{"line":68,"column":27},"end":{"line":68,"column":33}},{"start":{"line":68,"column":37},"end":{"line":68,"column":46}},{"start":{"line":68,"column":50},"end":{"line":68,"column":62}}],"line":68},"8":{"loc":{"start":{"line":75,"column":4},"end":{"line":78,"column":5}},"type":"if","locations":[{"start":{"line":75,"column":4},"end":{"line":78,"column":5}},{"start":{},"end":{}}],"line":75},"9":{"loc":{"start":{"line":82,"column":4},"end":{"line":85,"column":5}},"type":"if","locations":[{"start":{"line":82,"column":4},"end":{"line":85,"column":5}},{"start":{},"end":{}}],"line":82},"10":{"loc":{"start":{"line":88,"column":20},"end":{"line":88,"column":60}},"type":"binary-expr","locations":[{"start":{"line":88,"column":20},"end":{"line":88,"column":39}},{"start":{"line":88,"column":43},"end":{"line":88,"column":60}}],"line":88},"11":{"loc":{"start":{"line":120,"column":4},"end":{"line":123,"column":5}},"type":"if","locations":[{"start":{"line":120,"column":4},"end":{"line":123,"column":5}},{"start":{},"end":{}}],"line":120},"12":{"loc":{"start":{"line":120,"column":8},"end":{"line":120,"column":46}},"type":"binary-expr","locations":[{"start":{"line":120,"column":8},"end":{"line":120,"column":20}},{"start":{"line":120,"column":24},"end":{"line":120,"column":46}}],"line":120},"13":{"loc":{"start":{"line":126,"column":4},"end":{"line":129,"column":5}},"type":"if","locations":[{"start":{"line":126,"column":4},"end":{"line":129,"column":5}},{"start":{},"end":{}}],"line":126},"14":{"loc":{"start":{"line":148,"column":4},"end":{"line":151,"column":5}},"type":"if","locations":[{"start":{"line":148,"column":4},"end":{"line":151,"column":5}},{"start":{},"end":{}}],"line":148},"15":{"loc":{"start":{"line":154,"column":40},"end":{"line":154,"column":83}},"type":"cond-expr","locations":[{"start":{"line":154,"column":56},"end":{"line":154,"column":67}},{"start":{"line":154,"column":70},"end":{"line":154,"column":83}}],"line":154},"16":{"loc":{"start":{"line":167,"column":4},"end":{"line":170,"column":5}},"type":"if","locations":[{"start":{"line":167,"column":4},"end":{"line":170,"column":5}},{"start":{},"end":{}}],"line":167},"17":{"loc":{"start":{"line":171,"column":4},"end":{"line":174,"column":5}},"type":"if","locations":[{"start":{"line":171,"column":4},"end":{"line":174,"column":5}},{"start":{},"end":{}}],"line":171}},"s":{"0":1,"1":1,"2":1,"3":1,"4":1,"5":1,"6":0,"7":0,"8":0,"9":0,"10":0,"11":0,"12":0,"13":0,"14":0,"15":1,"16":1,"17":1,"18":1,"19":0,"20":0,"21":0,"22":1,"23":0,"24":0,"25":0,"26":0,"27":0,"28":0,"29":0,"30":0,"31":0,"32":0,"33":1,"34":0,"35":0,"36":0,"37":0,"38":0,"39":0,"40":0,"41":0,"42":0,"43":0,"44":0,"45":0,"46":0,"47":0,"48":0,"49":0,"50":0,"51":0,"52":0,"53":0,"54":0,"55":0,"56":0,"57":0,"58":1,"59":0,"60":0,"61":0,"62":0,"63":0,"64":0,"65":0,"66":0,"67":0,"68":0,"69":0,"70":0,"71":0,"72":0,"73":0,"74":0,"75":0,"76":1,"77":1,"78":1,"79":1,"80":0,"81":0,"82":1,"83":1,"84":1,"85":1,"86":0,"87":0,"88":0,"89":1,"90":0,"91":0,"92":0,"93":0,"94":0,"95":0,"96":0,"97":0,"98":0,"99":0,"100":0,"101":0,"102":0,"103":0,"104":0,"105":1},"f":{"0":0,"1":1,"2":0,"3":0,"4":0,"5":1,"6":0},"b":{"0":[0,0],"1":[0,0],"2":[0,0,0],"3":[0,0],"4":[0,0],"5":[0,0],"6":[0,0],"7":[0,0,0,0,0],"8":[0,0],"9":[0,0],"10":[0,0],"11":[0,0],"12":[0,0],"13":[0,0],"14":[0,1],"15":[0,1],"16":[0,0],"17":[0,0]},"_coverageSchema":"1a1c01bbd47fc00a2c39e90264f33305004495a9","hash":"9edcff703d15397cae989bfdbc35d6c99642b9a3","contentHash":"7e055ed7006b7a063514919110af88994ac907bfee25d11b1585dd705661c037"},"C:\\Users\\Work\\Pictures\\Appointment-Booking\\routes\\admin-nurse-accounts.js":{"path":"C:\\Users\\Work\\Pictures\\Appointment-Booking\\routes\\admin-nurse-accounts.js","statementMap":{"0":{"start":{"line":1,"column":16},"end":{"line":1,"column":34}},"1":{"start":{"line":2,"column":15},"end":{"line":2,"column":31}},"2":{"start":{"line":3,"column":15},"end":{"line":3,"column":34}},"3":{"start":{"line":4,"column":24},"end":{"line":4,"column":54}},"4":{"start":{"line":5,"column":13},"end":{"line":5,"column":38}},"5":{"start":{"line":6,"column":14},"end":{"line":6,"column":40}},"6":{"start":{"line":9,"column":0},"end":{"line":30,"column":3}},"7":{"start":{"line":10,"column":2},"end":{"line":29,"column":3}},"8":{"start":{"line":11,"column":19},"end":{"line":11,"column":97}},"9":{"start":{"line":13,"column":30},"end":{"line":16,"column":7}},"10":{"start":{"line":14,"column":22},"end":{"line":14,"column":64}},"11":{"start":{"line":15,"column":6},"end":{"line":15,"column":46}},"12":{"start":{"line":18,"column":4},"end":{"line":24,"column":7}},"13":{"start":{"line":26,"column":4},"end":{"line":26,"column":49}},"14":{"start":{"line":27,"column":4},"end":{"line":27,"column":52}},"15":{"start":{"line":28,"column":4},"end":{"line":28,"column":37}},"16":{"start":{"line":33,"column":0},"end":{"line":54,"column":3}},"17":{"start":{"line":34,"column":2},"end":{"line":53,"column":3}},"18":{"start":{"line":35,"column":17},"end":{"line":35,"column":71}},"19":{"start":{"line":36,"column":4},"end":{"line":39,"column":5}},"20":{"start":{"line":37,"column":6},"end":{"line":37,"column":48}},"21":{"start":{"line":38,"column":6},"end":{"line":38,"column":50}},"22":{"start":{"line":40,"column":20},"end":{"line":40,"column":61}},"23":{"start":{"line":41,"column":4},"end":{"line":48,"column":7}},"24":{"start":{"line":50,"column":4},"end":{"line":50,"column":46}},"25":{"start":{"line":51,"column":4},"end":{"line":51,"column":51}},"26":{"start":{"line":52,"column":4},"end":{"line":52,"column":41}},"27":{"start":{"line":57,"column":0},"end":{"line":124,"column":3}},"28":{"start":{"line":58,"column":2},"end":{"line":123,"column":3}},"29":{"start":{"line":63,"column":8},"end":{"line":63,"column":16}},"30":{"start":{"line":65,"column":4},"end":{"line":68,"column":5}},"31":{"start":{"line":66,"column":6},"end":{"line":66,"column":67}},"32":{"start":{"line":67,"column":6},"end":{"line":67,"column":65}},"33":{"start":{"line":71,"column":25},"end":{"line":71,"column":104}},"34":{"start":{"line":72,"column":4},"end":{"line":75,"column":5}},"35":{"start":{"line":73,"column":6},"end":{"line":73,"column":52}},"36":{"start":{"line":74,"column":6},"end":{"line":74,"column":65}},"37":{"start":{"line":78,"column":26},"end":{"line":78,"column":91}},"38":{"start":{"line":79,"column":4},"end":{"line":82,"column":5}},"39":{"start":{"line":80,"column":6},"end":{"line":80,"column":78}},"40":{"start":{"line":81,"column":6},"end":{"line":81,"column":65}},"41":{"start":{"line":85,"column":17},"end":{"line":85,"column":51}},"42":{"start":{"line":86,"column":4},"end":{"line":89,"column":5}},"43":{"start":{"line":87,"column":6},"end":{"line":87,"column":47}},"44":{"start":{"line":88,"column":6},"end":{"line":88,"column":50}},"45":{"start":{"line":90,"column":4},"end":{"line":90,"column":28}},"46":{"start":{"line":91,"column":4},"end":{"line":91,"column":44}},"47":{"start":{"line":92,"column":4},"end":{"line":92,"column":61}},"48":{"start":{"line":93,"column":4},"end":{"line":93,"column":22}},"49":{"start":{"line":96,"column":16},"end":{"line":96,"column":51}},"50":{"start":{"line":99,"column":4},"end":{"line":115,"column":6}},"51":{"start":{"line":117,"column":4},"end":{"line":117,"column":59}},"52":{"start":{"line":118,"column":4},"end":{"line":118,"column":41}},"53":{"start":{"line":120,"column":4},"end":{"line":120,"column":48}},"54":{"start":{"line":121,"column":4},"end":{"line":121,"column":53}},"55":{"start":{"line":122,"column":4},"end":{"line":122,"column":56}},"56":{"start":{"line":127,"column":0},"end":{"line":152,"column":3}},"57":{"start":{"line":128,"column":2},"end":{"line":151,"column":3}},"58":{"start":{"line":129,"column":28},"end":{"line":129,"column":36}},"59":{"start":{"line":130,"column":4},"end":{"line":133,"column":5}},"60":{"start":{"line":131,"column":6},"end":{"line":131,"column":71}},"61":{"start":{"line":132,"column":6},"end":{"line":132,"column":50}},"62":{"start":{"line":135,"column":17},"end":{"line":135,"column":51}},"63":{"start":{"line":136,"column":4},"end":{"line":139,"column":5}},"64":{"start":{"line":137,"column":6},"end":{"line":137,"column":47}},"65":{"start":{"line":138,"column":6},"end":{"line":138,"column":50}},"66":{"start":{"line":141,"column":17},"end":{"line":141,"column":41}},"67":{"start":{"line":142,"column":4},"end":{"line":142,"column":57}},"68":{"start":{"line":143,"column":4},"end":{"line":143,"column":22}},"69":{"start":{"line":145,"column":4},"end":{"line":145,"column":92}},"70":{"start":{"line":146,"column":4},"end":{"line":146,"column":41}},"71":{"start":{"line":148,"column":4},"end":{"line":148,"column":51}},"72":{"start":{"line":149,"column":4},"end":{"line":149,"column":56}},"73":{"start":{"line":150,"column":4},"end":{"line":150,"column":41}},"74":{"start":{"line":155,"column":0},"end":{"line":171,"column":3}},"75":{"start":{"line":156,"column":2},"end":{"line":170,"column":3}},"76":{"start":{"line":157,"column":17},"end":{"line":157,"column":51}},"77":{"start":{"line":158,"column":4},"end":{"line":161,"column":5}},"78":{"start":{"line":159,"column":6},"end":{"line":159,"column":47}},"79":{"start":{"line":160,"column":6},"end":{"line":160,"column":50}},"80":{"start":{"line":162,"column":4},"end":{"line":162,"column":35}},"81":{"start":{"line":163,"column":4},"end":{"line":163,"column":22}},"82":{"start":{"line":164,"column":4},"end":{"line":164,"column":98}},"83":{"start":{"line":165,"column":4},"end":{"line":165,"column":41}},"84":{"start":{"line":167,"column":4},"end":{"line":167,"column":49}},"85":{"start":{"line":168,"column":4},"end":{"line":168,"column":54}},"86":{"start":{"line":169,"column":4},"end":{"line":169,"column":41}},"87":{"start":{"line":176,"column":0},"end":{"line":197,"column":3}},"88":{"start":{"line":177,"column":2},"end":{"line":196,"column":3}},"89":{"start":{"line":178,"column":17},"end":{"line":178,"column":71}},"90":{"start":{"line":179,"column":4},"end":{"line":182,"column":5}},"91":{"start":{"line":180,"column":6},"end":{"line":180,"column":48}},"92":{"start":{"line":181,"column":6},"end":{"line":181,"column":50}},"93":{"start":{"line":184,"column":4},"end":{"line":191,"column":7}},"94":{"start":{"line":193,"column":4},"end":{"line":193,"column":48}},"95":{"start":{"line":194,"column":4},"end":{"line":194,"column":58}},"96":{"start":{"line":195,"column":4},"end":{"line":195,"column":41}},"97":{"start":{"line":201,"column":2},"end":{"line":201,"column":32}},"98":{"start":{"line":201,"column":20},"end":{"line":201,"column":32}},"99":{"start":{"line":202,"column":16},"end":{"line":202,"column":26}},"100":{"start":{"line":203,"column":14},"end":{"line":203,"column":35}},"101":{"start":{"line":204,"column":12},"end":{"line":204,"column":51}},"102":{"start":{"line":205,"column":20},"end":{"line":205,"column":53}},"103":{"start":{"line":206,"column":2},"end":{"line":208,"column":3}},"104":{"start":{"line":207,"column":4},"end":{"line":207,"column":10}},"105":{"start":{"line":209,"column":2},"end":{"line":209,"column":13}},"106":{"start":{"line":212,"column":0},"end":{"line":212,"column":24}}},"fnMap":{"0":{"name":"(anonymous_0)","decl":{"start":{"line":9,"column":46},"end":{"line":9,"column":47}},"loc":{"start":{"line":9,"column":66},"end":{"line":30,"column":1}},"line":9},"1":{"name":"(anonymous_1)","decl":{"start":{"line":13,"column":59},"end":{"line":13,"column":60}},"loc":{"start":{"line":13,"column":76},"end":{"line":16,"column":5}},"line":13},"2":{"name":"(anonymous_2)","decl":{"start":{"line":33,"column":48},"end":{"line":33,"column":49}},"loc":{"start":{"line":33,"column":68},"end":{"line":54,"column":1}},"line":33},"3":{"name":"(anonymous_3)","decl":{"start":{"line":57,"column":51},"end":{"line":57,"column":52}},"loc":{"start":{"line":57,"column":71},"end":{"line":124,"column":1}},"line":57},"4":{"name":"(anonymous_4)","decl":{"start":{"line":127,"column":60},"end":{"line":127,"column":61}},"loc":{"start":{"line":127,"column":80},"end":{"line":152,"column":1}},"line":127},"5":{"name":"(anonymous_5)","decl":{"start":{"line":155,"column":58},"end":{"line":155,"column":59}},"loc":{"start":{"line":155,"column":78},"end":{"line":171,"column":1}},"line":155},"6":{"name":"(anonymous_6)","decl":{"start":{"line":176,"column":52},"end":{"line":176,"column":53}},"loc":{"start":{"line":176,"column":72},"end":{"line":197,"column":1}},"line":176},"7":{"name":"calculateAge","decl":{"start":{"line":200,"column":9},"end":{"line":200,"column":21}},"loc":{"start":{"line":200,"column":35},"end":{"line":210,"column":1}},"line":200}},"branchMap":{"0":{"loc":{"start":{"line":36,"column":4},"end":{"line":39,"column":5}},"type":"if","locations":[{"start":{"line":36,"column":4},"end":{"line":39,"column":5}},{"start":{},"end":{}}],"line":36},"1":{"loc":{"start":{"line":36,"column":8},"end":{"line":36,"column":38}},"type":"binary-expr","locations":[{"start":{"line":36,"column":8},"end":{"line":36,"column":13}},{"start":{"line":36,"column":17},"end":{"line":36,"column":38}}],"line":36},"2":{"loc":{"start":{"line":45,"column":15},"end":{"line":45,"column":28}},"type":"binary-expr","locations":[{"start":{"line":45,"column":15},"end":{"line":45,"column":22}},{"start":{"line":45,"column":26},"end":{"line":45,"column":28}}],"line":45},"3":{"loc":{"start":{"line":65,"column":4},"end":{"line":68,"column":5}},"type":"if","locations":[{"start":{"line":65,"column":4},"end":{"line":68,"column":5}},{"start":{},"end":{}}],"line":65},"4":{"loc":{"start":{"line":65,"column":8},"end":{"line":65,"column":62}},"type":"binary-expr","locations":[{"start":{"line":65,"column":8},"end":{"line":65,"column":13}},{"start":{"line":65,"column":17},"end":{"line":65,"column":23}},{"start":{"line":65,"column":27},"end":{"line":65,"column":33}},{"start":{"line":65,"column":37},"end":{"line":65,"column":46}},{"start":{"line":65,"column":50},"end":{"line":65,"column":62}}],"line":65},"5":{"loc":{"start":{"line":72,"column":4},"end":{"line":75,"column":5}},"type":"if","locations":[{"start":{"line":72,"column":4},"end":{"line":75,"column":5}},{"start":{},"end":{}}],"line":72},"6":{"loc":{"start":{"line":79,"column":4},"end":{"line":82,"column":5}},"type":"if","locations":[{"start":{"line":79,"column":4},"end":{"line":82,"column":5}},{"start":{},"end":{}}],"line":79},"7":{"loc":{"start":{"line":86,"column":4},"end":{"line":89,"column":5}},"type":"if","locations":[{"start":{"line":86,"column":4},"end":{"line":89,"column":5}},{"start":{},"end":{}}],"line":86},"8":{"loc":{"start":{"line":92,"column":20},"end":{"line":92,"column":60}},"type":"binary-expr","locations":[{"start":{"line":92,"column":20},"end":{"line":92,"column":39}},{"start":{"line":92,"column":43},"end":{"line":92,"column":60}}],"line":92},"9":{"loc":{"start":{"line":108,"column":23},"end":{"line":108,"column":64}},"type":"cond-expr","locations":[{"start":{"line":108,"column":39},"end":{"line":108,"column":59}},{"start":{"line":108,"column":62},"end":{"line":108,"column":64}}],"line":108},"10":{"loc":{"start":{"line":109,"column":24},"end":{"line":109,"column":67}},"type":"cond-expr","locations":[{"start":{"line":109,"column":41},"end":{"line":109,"column":62}},{"start":{"line":109,"column":65},"end":{"line":109,"column":67}}],"line":109},"11":{"loc":{"start":{"line":110,"column":27},"end":{"line":110,"column":78}},"type":"cond-expr","locations":[{"start":{"line":110,"column":47},"end":{"line":110,"column":74}},{"start":{"line":110,"column":77},"end":{"line":110,"column":78}}],"line":110},"12":{"loc":{"start":{"line":111,"column":23},"end":{"line":111,"column":64}},"type":"cond-expr","locations":[{"start":{"line":111,"column":39},"end":{"line":111,"column":59}},{"start":{"line":111,"column":62},"end":{"line":111,"column":64}}],"line":111},"13":{"loc":{"start":{"line":130,"column":4},"end":{"line":133,"column":5}},"type":"if","locations":[{"start":{"line":130,"column":4},"end":{"line":133,"column":5}},{"start":{},"end":{}}],"line":130},"14":{"loc":{"start":{"line":130,"column":8},"end":{"line":130,"column":46}},"type":"binary-expr","locations":[{"start":{"line":130,"column":8},"end":{"line":130,"column":20}},{"start":{"line":130,"column":24},"end":{"line":130,"column":46}}],"line":130},"15":{"loc":{"start":{"line":136,"column":4},"end":{"line":139,"column":5}},"type":"if","locations":[{"start":{"line":136,"column":4},"end":{"line":139,"column":5}},{"start":{},"end":{}}],"line":136},"16":{"loc":{"start":{"line":158,"column":4},"end":{"line":161,"column":5}},"type":"if","locations":[{"start":{"line":158,"column":4},"end":{"line":161,"column":5}},{"start":{},"end":{}}],"line":158},"17":{"loc":{"start":{"line":164,"column":38},"end":{"line":164,"column":81}},"type":"cond-expr","locations":[{"start":{"line":164,"column":54},"end":{"line":164,"column":65}},{"start":{"line":164,"column":68},"end":{"line":164,"column":81}}],"line":164},"18":{"loc":{"start":{"line":179,"column":4},"end":{"line":182,"column":5}},"type":"if","locations":[{"start":{"line":179,"column":4},"end":{"line":182,"column":5}},{"start":{},"end":{}}],"line":179},"19":{"loc":{"start":{"line":179,"column":8},"end":{"line":179,"column":38}},"type":"binary-expr","locations":[{"start":{"line":179,"column":8},"end":{"line":179,"column":13}},{"start":{"line":179,"column":17},"end":{"line":179,"column":38}}],"line":179},"20":{"loc":{"start":{"line":201,"column":2},"end":{"line":201,"column":32}},"type":"if","locations":[{"start":{"line":201,"column":2},"end":{"line":201,"column":32}},{"start":{},"end":{}}],"line":201},"21":{"loc":{"start":{"line":206,"column":2},"end":{"line":208,"column":3}},"type":"if","locations":[{"start":{"line":206,"column":2},"end":{"line":208,"column":3}},{"start":{},"end":{}}],"line":206},"22":{"loc":{"start":{"line":206,"column":6},"end":{"line":206,"column":75}},"type":"binary-expr","locations":[{"start":{"line":206,"column":6},"end":{"line":206,"column":19}},{"start":{"line":206,"column":24},"end":{"line":206,"column":39}},{"start":{"line":206,"column":43},"end":{"line":206,"column":74}}],"line":206}},"s":{"0":1,"1":1,"2":1,"3":1,"4":1,"5":1,"6":1,"7":0,"8":0,"9":0,"10":0,"11":0,"12":0,"13":0,"14":0,"15":0,"16":1,"17":0,"18":0,"19":0,"20":0,"21":0,"22":0,"23":0,"24":0,"25":0,"26":0,"27":1,"28":0,"29":0,"30":0,"31":0,"32":0,"33":0,"34":0,"35":0,"36":0,"37":0,"38":0,"39":0,"40":0,"41":0,"42":0,"43":0,"44":0,"45":0,"46":0,"47":0,"48":0,"49":0,"50":0,"51":0,"52":0,"53":0,"54":0,"55":0,"56":1,"57":0,"58":0,"59":0,"60":0,"61":0,"62":0,"63":0,"64":0,"65":0,"66":0,"67":0,"68":0,"69":0,"70":0,"71":0,"72":0,"73":0,"74":1,"75":0,"76":0,"77":0,"78":0,"79":0,"80":0,"81":0,"82":0,"83":0,"84":0,"85":0,"86":0,"87":1,"88":0,"89":0,"90":0,"91":0,"92":0,"93":0,"94":0,"95":0,"96":0,"97":0,"98":0,"99":0,"100":0,"101":0,"102":0,"103":0,"104":0,"105":0,"106":1},"f":{"0":0,"1":0,"2":0,"3":0,"4":0,"5":0,"6":0,"7":0},"b":{"0":[0,0],"1":[0,0],"2":[0,0],"3":[0,0],"4":[0,0,0,0,0],"5":[0,0],"6":[0,0],"7":[0,0],"8":[0,0],"9":[0,0],"10":[0,0],"11":[0,0],"12":[0,0],"13":[0,0],"14":[0,0],"15":[0,0],"16":[0,0],"17":[0,0],"18":[0,0],"19":[0,0],"20":[0,0],"21":[0,0],"22":[0,0,0]},"_coverageSchema":"1a1c01bbd47fc00a2c39e90264f33305004495a9","hash":"ab7fbd3c54c53f2abdacd59ed01d25a25703e185","contentHash":"32effb258594fec702b99110eca826a8caf248c7d9208e7827fa5fa154fcb9bc"}}