TN:
SF:server.js
FN:39,(anonymous_0)
FN:40,(anonymous_1)
FN:65,(anonymous_2)
FN:71,(anonymous_3)
FN:114,(anonymous_4)
FN:128,(anonymous_5)
FN:136,(anonymous_6)
FNF:7
FNH:3
FNDA:1,(anonymous_0)
FNDA:0,(anonymous_1)
FNDA:95,(anonymous_2)
FNDA:95,(anonymous_3)
FNDA:0,(anonymous_4)
FNDA:0,(anonymous_5)
FNDA:0,(anonymous_6)
DA:1,1
DA:2,1
DA:3,1
DA:4,1
DA:5,1
DA:6,1
DA:7,1
DA:8,1
DA:9,1
DA:10,1
DA:11,1
DA:12,1
DA:13,1
DA:14,1
DA:15,1
DA:16,1
DA:17,1
DA:18,1
DA:19,1
DA:20,1
DA:21,1
DA:22,1
DA:24,1
DA:25,1
DA:26,1
DA:27,1
DA:28,1
DA:29,1
DA:30,1
DA:31,1
DA:32,1
DA:33,1
DA:34,1
DA:36,1
DA:38,1
DA:39,1
DA:41,0
DA:42,0
DA:45,1
DA:46,1
DA:47,1
DA:50,1
DA:51,1
DA:52,1
DA:55,1
DA:62,1
DA:65,1
DA:66,95
DA:67,95
DA:71,1
DA:72,95
DA:73,95
DA:74,95
DA:75,95
DA:76,95
DA:77,95
DA:78,95
DA:82,1
DA:83,1
DA:84,1
DA:85,1
DA:86,1
DA:87,1
DA:89,1
DA:90,1
DA:91,1
DA:92,1
DA:93,1
DA:94,1
DA:95,1
DA:96,1
DA:98,1
DA:99,1
DA:100,1
DA:101,1
DA:102,1
DA:103,1
DA:104,1
DA:105,1
DA:106,1
DA:107,1
DA:108,1
DA:109,1
DA:111,1
DA:114,1
DA:115,0
DA:116,0
DA:119,0
DA:121,0
DA:122,0
DA:124,0
DA:128,1
DA:129,0
DA:130,0
DA:131,0
DA:134,1
DA:135,1
DA:136,0
DA:137,0
DA:141,1
LF:100
LH:87
BRDA:56,0,0,1
BRDA:56,0,1,0
BRDA:76,1,0,95
BRDA:76,1,1,60
BRDA:77,2,0,95
BRDA:77,2,1,89
BRDA:115,3,0,0
BRDA:115,3,1,0
BRDA:116,4,0,0
BRDA:116,4,1,0
BRDA:121,5,0,0
BRDA:121,5,1,0
BRDA:134,6,0,1
BRDA:134,6,1,0
BRDA:135,7,0,0
BRDA:135,7,1,1
BRF:16
BRH:7
end_of_record
TN:
SF:cron\automated-notifications.js
FN:6,(anonymous_0)
FN:17,(anonymous_1)
FN:27,(anonymous_2)
FN:38,(anonymous_3)
FN:48,(anonymous_4)
FN:59,(anonymous_5)
FNF:6
FNH:0
FNDA:0,(anonymous_0)
FNDA:0,(anonymous_1)
FNDA:0,(anonymous_2)
FNDA:0,(anonymous_3)
FNDA:0,(anonymous_4)
FNDA:0,(anonymous_5)
DA:2,1
DA:3,1
DA:6,1
DA:7,0
DA:8,0
DA:10,0
DA:11,0
DA:12,0
DA:13,0
DA:16,0
DA:17,0
DA:18,0
DA:20,0
DA:27,1
DA:28,0
DA:29,0
DA:31,0
DA:32,0
DA:33,0
DA:34,0
DA:37,0
DA:38,0
DA:39,0
DA:41,0
DA:48,1
DA:49,0
DA:50,0
DA:52,0
DA:53,0
DA:54,0
DA:55,0
DA:58,0
DA:59,0
DA:60,0
DA:62,0
DA:68,1
DA:69,1
DA:70,1
DA:71,1
LF:39
LH:9
BRDA:11,0,0,0
BRDA:11,0,1,0
BRDA:11,1,0,0
BRDA:11,1,1,0
BRDA:32,2,0,0
BRDA:32,2,1,0
BRDA:32,3,0,0
BRDA:32,3,1,0
BRDA:53,4,0,0
BRDA:53,4,1,0
BRDA:53,5,0,0
BRDA:53,5,1,0
BRF:12
BRH:0
end_of_record
TN:
SF:middleware\admin.js
FN:1,(anonymous_0)
FNF:1
FNH:1
FNDA:17,(anonymous_0)
DA:1,1
DA:2,17
DA:3,17
DA:5,17
DA:6,0
DA:7,0
DA:8,0
DA:11,17
DA:12,0
DA:13,0
DA:14,0
DA:17,17
DA:18,17
LF:13
LH:7
BRDA:5,0,0,0
BRDA:5,0,1,17
BRDA:11,1,0,0
BRDA:11,1,1,17
BRF:4
BRH:2
end_of_record
TN:
SF:models\Appointment.js
FNF:0
FNH:0
DA:1,1
DA:3,1
DA:64,1
LF:3
LH:3
BRF:0
BRH:0
end_of_record
TN:
SF:models\AuditLog.js
FNF:0
FNH:0
DA:1,1
DA:3,1
DA:58,1
DA:59,1
DA:60,1
DA:62,1
LF:6
LH:6
BRF:0
BRH:0
end_of_record
TN:
SF:models\Driver.js
FNF:0
FNH:0
DA:1,1
DA:3,1
DA:76,1
LF:3
LH:3
BRF:0
BRH:0
end_of_record
TN:
SF:models\Message.js
FNF:0
FNH:0
DA:1,1
DA:3,1
DA:66,1
LF:3
LH:3
BRF:0
BRH:0
end_of_record
TN:
SF:models\Nurse.js
FNF:0
FNH:0
DA:2,1
DA:4,1
DA:66,1
LF:3
LH:3
BRF:0
BRH:0
end_of_record
TN:
SF:models\Order.js
FNF:0
FNH:0
DA:1,1
DA:3,1
DA:93,1
LF:3
LH:3
BRF:0
BRH:0
end_of_record
TN:
SF:models\Patient.js
FN:50,(anonymous_0)
FNF:1
FNH:0
FNDA:0,(anonymous_0)
DA:1,1
DA:3,1
DA:50,1
DA:51,0
DA:52,0
DA:53,0
DA:54,0
DA:55,0
DA:56,0
DA:57,0
DA:59,0
DA:62,1
LF:12
LH:4
BRDA:51,0,0,0
BRDA:51,0,1,0
BRDA:56,1,0,0
BRDA:56,1,1,0
BRDA:56,2,0,0
BRDA:56,2,1,0
BRDA:56,2,2,0
BRF:7
BRH:0
end_of_record
TN:
SF:models\User.js
FNF:0
FNH:0
DA:1,1
DA:3,1
DA:47,1
LF:3
LH:3
BRF:0
BRH:0
end_of_record
TN:
SF:routes\admin-actions-notification.js
FN:10,(anonymous_0)
FN:42,(anonymous_1)
FN:83,(anonymous_2)
FN:106,(anonymous_3)
FN:174,(anonymous_4)
FN:197,(anonymous_5)
FN:203,(anonymous_6)
FN:206,(anonymous_7)
FN:216,(anonymous_8)
FN:228,(anonymous_9)
FNF:10
FNH:0
FNDA:0,(anonymous_0)
FNDA:0,(anonymous_1)
FNDA:0,(anonymous_2)
FNDA:0,(anonymous_3)
FNDA:0,(anonymous_4)
FNDA:0,(anonymous_5)
FNDA:0,(anonymous_6)
FNDA:0,(anonymous_7)
FNDA:0,(anonymous_8)
FNDA:0,(anonymous_9)
DA:1,1
DA:2,1
DA:3,1
DA:4,1
DA:5,1
DA:6,1
DA:7,1
DA:10,1
DA:11,0
DA:12,0
DA:13,0
DA:17,0
DA:25,0
DA:35,0
DA:36,0
DA:37,0
DA:42,1
DA:43,0
DA:44,0
DA:45,0
DA:46,0
DA:47,0
DA:50,0
DA:51,0
DA:53,0
DA:54,0
DA:56,0
DA:57,0
DA:58,0
DA:61,0
DA:62,0
DA:63,0
DA:64,0
DA:66,0
DA:67,0
DA:69,0
DA:70,0
DA:72,0
DA:74,0
DA:75,0
DA:76,0
DA:78,0
DA:79,0
DA:80,0
DA:81,0
DA:83,0
DA:85,0
DA:86,0
DA:87,0
DA:91,0
DA:92,0
DA:93,0
DA:96,0
DA:97,0
DA:99,0
DA:100,0
DA:101,0
DA:106,1
DA:107,0
DA:108,0
DA:109,0
DA:110,0
DA:111,0
DA:114,0
DA:115,0
DA:117,0
DA:119,0
DA:120,0
DA:121,0
DA:122,0
DA:123,0
DA:127,0
DA:128,0
DA:129,0
DA:130,0
DA:131,0
DA:132,0
DA:133,0
DA:134,0
DA:138,0
DA:139,0
DA:140,0
DA:141,0
DA:142,0
DA:144,0
DA:145,0
DA:148,0
DA:149,0
DA:150,0
DA:153,0
DA:154,0
DA:155,0
DA:156,0
DA:158,0
DA:159,0
DA:160,0
DA:161,0
DA:163,0
DA:165,0
DA:166,0
DA:167,0
DA:169,0
DA:170,0
DA:171,0
DA:172,0
DA:174,0
DA:176,0
DA:177,0
DA:178,0
DA:182,0
DA:183,0
DA:184,0
DA:187,0
DA:188,0
DA:190,0
DA:191,0
DA:192,0
DA:197,1
DA:198,0
DA:199,0
DA:200,0
DA:201,0
DA:202,0
DA:203,0
DA:204,0
DA:206,0
DA:207,0
DA:210,0
DA:213,0
DA:214,0
DA:216,0
DA:217,0
DA:219,0
DA:221,0
DA:222,0
DA:223,0
DA:228,1
DA:229,0
DA:230,0
DA:231,0
DA:232,0
DA:233,0
DA:234,0
DA:235,0
DA:237,0
DA:238,0
DA:240,0
DA:242,0
DA:243,0
DA:244,0
DA:248,1
LF:151
LH:13
BRDA:45,0,0,0
BRDA:45,0,1,0
BRDA:45,1,0,0
BRDA:45,1,1,0
BRDA:51,2,0,0
BRDA:51,2,1,0
BRDA:56,3,0,0
BRDA:56,3,1,0
BRDA:74,4,0,0
BRDA:74,4,1,0
BRDA:79,5,0,0
BRDA:79,5,1,0
BRDA:92,6,0,0
BRDA:92,6,1,0
BRDA:96,7,0,0
BRDA:96,7,1,0
BRDA:109,8,0,0
BRDA:109,8,1,0
BRDA:109,9,0,0
BRDA:109,9,1,0
BRDA:115,10,0,0
BRDA:115,10,1,0
BRDA:119,11,0,0
BRDA:119,11,1,0
BRDA:129,12,0,0
BRDA:129,12,1,0
BRDA:140,13,0,0
BRDA:140,13,1,0
BRDA:148,14,0,0
BRDA:148,14,1,0
BRDA:165,15,0,0
BRDA:165,15,1,0
BRDA:170,16,0,0
BRDA:170,16,1,0
BRDA:183,17,0,0
BRDA:183,17,1,0
BRDA:187,18,0,0
BRDA:187,18,1,0
BRDA:202,19,0,0
BRDA:202,19,1,0
BRDA:207,20,0,0
BRDA:207,20,1,0
BRDA:213,21,0,0
BRDA:213,21,1,0
BRDA:233,22,0,0
BRDA:233,22,1,0
BRDA:237,23,0,0
BRDA:237,23,1,0
BRDA:238,24,0,0
BRDA:238,24,1,0
BRF:50
BRH:0
end_of_record
TN:
SF:routes\admin-analytics.js
FN:10,(anonymous_0)
FN:20,(anonymous_1)
FN:36,(anonymous_2)
FN:57,(anonymous_3)
FN:80,(anonymous_4)
FN:100,(anonymous_5)
FN:105,(anonymous_6)
FN:106,(anonymous_7)
FN:116,(anonymous_8)
FN:125,(anonymous_9)
FN:144,(anonymous_10)
FN:155,(anonymous_11)
FN:160,(anonymous_12)
FN:163,(anonymous_13)
FNF:14
FNH:1
FNDA:1,(anonymous_0)
FNDA:0,(anonymous_1)
FNDA:0,(anonymous_2)
FNDA:0,(anonymous_3)
FNDA:0,(anonymous_4)
FNDA:0,(anonymous_5)
FNDA:0,(anonymous_6)
FNDA:0,(anonymous_7)
FNDA:0,(anonymous_8)
FNDA:0,(anonymous_9)
FNDA:0,(anonymous_10)
FNDA:0,(anonymous_11)
FNDA:0,(anonymous_12)
FNDA:0,(anonymous_13)
DA:1,1
DA:2,1
DA:3,1
DA:4,1
DA:5,1
DA:6,1
DA:7,1
DA:10,1
DA:11,1
DA:20,1
DA:21,0
DA:22,0
DA:25,0
DA:27,0
DA:29,0
DA:30,0
DA:31,0
DA:35,0
DA:36,0
DA:37,0
DA:38,0
DA:41,0
DA:42,0
DA:43,0
DA:44,0
DA:45,0
DA:46,0
DA:48,0
DA:49,0
DA:51,0
DA:52,0
DA:53,0
DA:56,0
DA:57,0
DA:59,0
DA:60,0
DA:61,0
DA:64,0
DA:65,0
DA:66,0
DA:67,0
DA:68,0
DA:69,0
DA:71,0
DA:72,0
DA:74,0
DA:75,0
DA:76,0
DA:79,0
DA:80,0
DA:81,0
DA:82,0
DA:84,0
DA:85,0
DA:86,0
DA:87,0
DA:88,0
DA:89,0
DA:91,0
DA:94,0
DA:95,0
DA:100,1
DA:101,0
DA:102,0
DA:105,0
DA:106,0
DA:107,0
DA:108,0
DA:110,0
DA:111,0
DA:116,1
DA:117,0
DA:118,0
DA:119,0
DA:120,0
DA:121,0
DA:124,0
DA:125,0
DA:126,0
DA:127,0
DA:129,0
DA:130,0
DA:131,0
DA:132,0
DA:133,0
DA:134,0
DA:136,0
DA:138,0
DA:139,0
DA:144,1
DA:145,0
DA:146,0
DA:148,0
DA:155,0
DA:156,0
DA:159,0
DA:160,0
DA:161,0
DA:162,0
DA:163,0
DA:164,0
DA:165,0
DA:166,0
DA:168,0
DA:170,0
DA:171,0
DA:175,1
LF:107
LH:14
BRDA:22,0,0,0
BRDA:27,1,0,0
BRDA:27,1,1,0
BRDA:38,2,0,0
BRDA:38,2,1,0
BRDA:46,3,0,0
BRDA:46,3,1,0
BRDA:49,4,0,0
BRDA:49,4,1,0
BRDA:61,5,0,0
BRDA:61,5,1,0
BRDA:69,6,0,0
BRDA:69,6,1,0
BRDA:72,7,0,0
BRDA:72,7,1,0
BRDA:82,8,0,0
BRDA:82,8,1,0
BRDA:89,9,0,0
BRDA:89,9,1,0
BRDA:105,10,0,0
BRDA:105,10,1,0
BRDA:127,11,0,0
BRDA:127,11,1,0
BRDA:134,12,0,0
BRDA:134,12,1,0
BRDA:146,13,0,0
BRDA:146,13,1,0
BRDA:164,14,0,0
BRDA:164,14,1,0
BRF:29
BRH:0
end_of_record
TN:
SF:routes\admin-audit.js
FN:7,(anonymous_0)
FNF:1
FNH:0
FNDA:0,(anonymous_0)
DA:1,1
DA:2,1
DA:3,1
DA:4,1
DA:7,1
DA:8,0
DA:9,0
DA:12,0
DA:13,0
DA:14,0
DA:15,0
DA:16,0
DA:17,0
DA:18,0
DA:19,0
DA:23,0
DA:30,0
DA:31,0
DA:40,0
DA:42,0
DA:58,0
DA:59,0
DA:60,0
DA:64,1
LF:24
LH:6
BRDA:9,0,0,0
BRDA:9,1,0,0
BRDA:13,2,0,0
BRDA:13,2,1,0
BRDA:14,3,0,0
BRDA:14,3,1,0
BRDA:15,4,0,0
BRDA:15,4,1,0
BRDA:16,5,0,0
BRDA:16,5,1,0
BRDA:16,6,0,0
BRDA:16,6,1,0
BRDA:18,7,0,0
BRDA:18,7,1,0
BRDA:19,8,0,0
BRDA:19,8,1,0
BRF:16
BRH:0
end_of_record
TN:
SF:routes\admin-create-driver.js
FN:8,calculateAge
FN:21,generatePassword
FN:31,(anonymous_2)
FN:41,(anonymous_3)
FN:122,(anonymous_4)
FN:144,(anonymous_5)
FN:214,(anonymous_6)
FN:231,(anonymous_7)
FN:256,(anonymous_8)
FNF:9
FNH:5
FNDA:1,calculateAge
FNDA:1,generatePassword
FNDA:0,(anonymous_2)
FNDA:1,(anonymous_3)
FNDA:0,(anonymous_4)
FNDA:0,(anonymous_5)
FNDA:1,(anonymous_6)
FNDA:0,(anonymous_7)
FNDA:1,(anonymous_8)
DA:1,1
DA:2,1
DA:3,1
DA:4,1
DA:5,1
DA:9,1
DA:10,1
DA:11,1
DA:12,1
DA:13,1
DA:14,1
DA:15,0
DA:17,1
DA:22,1
DA:23,1
DA:24,1
DA:25,10
DA:27,1
DA:31,1
DA:32,0
DA:41,1
DA:42,1
DA:52,1
DA:55,1
DA:56,0
DA:57,0
DA:61,1
DA:62,0
DA:63,0
DA:67,1
DA:68,0
DA:69,0
DA:73,1
DA:74,1
DA:75,0
DA:76,0
DA:80,1
DA:81,1
DA:82,0
DA:83,0
DA:87,1
DA:90,1
DA:91,1
DA:92,1
DA:95,1
DA:110,1
DA:112,1
DA:113,1
DA:115,0
DA:116,0
DA:117,0
DA:122,1
DA:123,0
DA:124,0
DA:125,0
DA:126,0
DA:127,0
DA:129,0
DA:137,0
DA:138,0
DA:139,0
DA:144,1
DA:145,0
DA:156,0
DA:159,0
DA:160,0
DA:161,0
DA:164,0
DA:165,0
DA:166,0
DA:169,0
DA:170,0
DA:171,0
DA:175,0
DA:176,0
DA:177,0
DA:178,0
DA:182,0
DA:183,0
DA:184,0
DA:185,0
DA:188,0
DA:190,0
DA:204,0
DA:205,0
DA:207,0
DA:208,0
DA:209,0
DA:214,1
DA:215,1
DA:216,1
DA:217,1
DA:218,0
DA:219,0
DA:221,1
DA:222,1
DA:224,0
DA:225,0
DA:226,0
DA:231,1
DA:232,0
DA:233,0
DA:234,0
DA:235,0
DA:236,0
DA:239,0
DA:240,0
DA:241,0
DA:242,0
DA:243,0
DA:244,0
DA:246,0
DA:247,0
DA:249,0
DA:250,0
DA:251,0
DA:256,1
DA:257,1
DA:258,1
DA:259,1
DA:260,1
DA:261,0
DA:262,0
DA:265,1
DA:266,1
DA:267,0
DA:268,0
DA:271,1
DA:272,1
DA:273,1
DA:275,1
DA:276,1
DA:278,0
DA:279,0
DA:280,0
DA:284,1
LF:136
LH:58
BRDA:9,0,0,0
BRDA:9,0,1,1
BRDA:14,1,0,0
BRDA:14,1,1,1
BRDA:14,2,0,1
BRDA:14,2,1,1
BRDA:14,2,2,0
BRDA:55,3,0,0
BRDA:55,3,1,1
BRDA:55,4,0,1
BRDA:55,4,1,1
BRDA:55,4,2,1
BRDA:55,4,3,1
BRDA:55,4,4,1
BRDA:61,5,0,0
BRDA:61,5,1,1
BRDA:67,6,0,0
BRDA:67,6,1,1
BRDA:74,7,0,0
BRDA:74,7,1,1
BRDA:81,8,0,0
BRDA:81,8,1,1
BRDA:104,9,0,1
BRDA:104,9,1,0
BRDA:105,10,0,1
BRDA:105,10,1,0
BRDA:106,11,0,1
BRDA:106,11,1,0
BRDA:125,12,0,0
BRDA:125,12,1,0
BRDA:159,13,0,0
BRDA:159,13,1,0
BRDA:159,14,0,0
BRDA:159,14,1,0
BRDA:159,14,2,0
BRDA:159,14,3,0
BRDA:159,14,4,0
BRDA:164,15,0,0
BRDA:164,15,1,0
BRDA:169,16,0,0
BRDA:169,16,1,0
BRDA:176,17,0,0
BRDA:176,17,1,0
BRDA:183,18,0,0
BRDA:183,18,1,0
BRDA:197,19,0,0
BRDA:197,19,1,0
BRDA:198,20,0,0
BRDA:198,20,1,0
BRDA:199,21,0,0
BRDA:199,21,1,0
BRDA:200,22,0,0
BRDA:200,22,1,0
BRDA:217,23,0,0
BRDA:217,23,1,1
BRDA:234,24,0,0
BRDA:234,24,1,0
BRDA:260,25,0,0
BRDA:260,25,1,1
BRDA:266,26,0,0
BRDA:266,26,1,1
BRF:61
BRH:20
end_of_record
TN:
SF:routes\admin-driver.js
FN:8,calculateAge
FN:21,generatePassword
FN:31,(anonymous_2)
FN:53,(anonymous_3)
FN:123,(anonymous_4)
FN:140,(anonymous_5)
FN:165,(anonymous_6)
FNF:7
FNH:0
FNDA:0,calculateAge
FNDA:0,generatePassword
FNDA:0,(anonymous_2)
FNDA:0,(anonymous_3)
FNDA:0,(anonymous_4)
FNDA:0,(anonymous_5)
FNDA:0,(anonymous_6)
DA:1,1
DA:2,1
DA:3,1
DA:4,1
DA:5,1
DA:9,0
DA:10,0
DA:11,0
DA:12,0
DA:13,0
DA:14,0
DA:15,0
DA:17,0
DA:22,0
DA:23,0
DA:24,0
DA:25,0
DA:27,0
DA:31,1
DA:32,0
DA:33,0
DA:34,0
DA:35,0
DA:36,0
DA:38,0
DA:46,0
DA:47,0
DA:48,0
DA:53,1
DA:54,0
DA:65,0
DA:68,0
DA:69,0
DA:70,0
DA:73,0
DA:74,0
DA:75,0
DA:78,0
DA:79,0
DA:80,0
DA:84,0
DA:85,0
DA:86,0
DA:87,0
DA:91,0
DA:92,0
DA:93,0
DA:94,0
DA:97,0
DA:99,0
DA:113,0
DA:114,0
DA:116,0
DA:117,0
DA:118,0
DA:123,1
DA:124,0
DA:125,0
DA:126,0
DA:127,0
DA:128,0
DA:130,0
DA:131,0
DA:133,0
DA:134,0
DA:135,0
DA:140,1
DA:141,0
DA:142,0
DA:143,0
DA:144,0
DA:145,0
DA:148,0
DA:149,0
DA:150,0
DA:151,0
DA:152,0
DA:153,0
DA:155,0
DA:156,0
DA:158,0
DA:159,0
DA:160,0
DA:165,1
DA:166,0
DA:167,0
DA:168,0
DA:169,0
DA:170,0
DA:171,0
DA:174,0
DA:175,0
DA:176,0
DA:177,0
DA:180,0
DA:181,0
DA:182,0
DA:184,0
DA:185,0
DA:187,0
DA:188,0
DA:189,0
DA:193,1
LF:103
LH:11
BRDA:9,0,0,0
BRDA:9,0,1,0
BRDA:14,1,0,0
BRDA:14,1,1,0
BRDA:14,2,0,0
BRDA:14,2,1,0
BRDA:14,2,2,0
BRDA:34,3,0,0
BRDA:34,3,1,0
BRDA:68,4,0,0
BRDA:68,4,1,0
BRDA:68,5,0,0
BRDA:68,5,1,0
BRDA:68,5,2,0
BRDA:68,5,3,0
BRDA:68,5,4,0
BRDA:73,6,0,0
BRDA:73,6,1,0
BRDA:78,7,0,0
BRDA:78,7,1,0
BRDA:85,8,0,0
BRDA:85,8,1,0
BRDA:92,9,0,0
BRDA:92,9,1,0
BRDA:106,10,0,0
BRDA:106,10,1,0
BRDA:107,11,0,0
BRDA:107,11,1,0
BRDA:108,12,0,0
BRDA:108,12,1,0
BRDA:109,13,0,0
BRDA:109,13,1,0
BRDA:126,14,0,0
BRDA:126,14,1,0
BRDA:143,15,0,0
BRDA:143,15,1,0
BRDA:169,16,0,0
BRDA:169,16,1,0
BRDA:175,17,0,0
BRDA:175,17,1,0
BRF:40
BRH:0
end_of_record
TN:
SF:routes\admin-export-data.js
FN:11,arrayToCSV
FN:20,(anonymous_1)
FN:34,(anonymous_2)
FN:42,(anonymous_3)
FN:52,(anonymous_4)
FN:59,(anonymous_5)
FN:85,(anonymous_6)
FN:91,(anonymous_7)
FN:114,(anonymous_8)
FN:120,(anonymous_9)
FN:143,(anonymous_10)
FN:149,(anonymous_11)
FNF:12
FNH:5
FNDA:1,arrayToCSV
FNDA:16,(anonymous_1)
FNDA:16,(anonymous_2)
FNDA:0,(anonymous_3)
FNDA:1,(anonymous_4)
FNDA:2,(anonymous_5)
FNDA:0,(anonymous_6)
FNDA:0,(anonymous_7)
FNDA:0,(anonymous_8)
FNDA:0,(anonymous_9)
FNDA:0,(anonymous_10)
FNDA:0,(anonymous_11)
DA:1,1
DA:2,1
DA:3,1
DA:4,1
DA:5,1
DA:6,1
DA:7,1
DA:8,1
DA:12,1
DA:15,1
DA:16,1
DA:20,1
DA:21,16
DA:22,16
DA:23,16
DA:24,0
DA:26,16
DA:30,1
DA:33,1
DA:34,16
DA:35,2
DA:38,1
DA:42,1
DA:43,0
DA:52,1
DA:53,1
DA:54,1
DA:59,1
DA:60,2
DA:61,2
DA:73,1
DA:74,1
DA:75,1
DA:76,1
DA:78,0
DA:79,0
DA:80,0
DA:85,1
DA:86,0
DA:87,0
DA:91,0
DA:102,0
DA:103,0
DA:104,0
DA:105,0
DA:107,0
DA:108,0
DA:109,0
DA:114,1
DA:115,0
DA:116,0
DA:120,0
DA:131,0
DA:132,0
DA:133,0
DA:134,0
DA:136,0
DA:137,0
DA:138,0
DA:143,1
DA:144,0
DA:145,0
DA:149,0
DA:161,0
DA:162,0
DA:163,0
DA:164,0
DA:166,0
DA:167,0
DA:168,0
DA:172,1
LF:71
LH:36
BRDA:12,0,0,0
BRDA:12,0,1,1
BRDA:12,1,0,1
BRDA:12,1,1,1
BRDA:15,2,0,1
BRDA:15,2,1,0
BRDA:21,3,0,0
BRDA:21,3,1,16
BRDA:21,4,0,16
BRDA:21,4,1,16
BRDA:23,5,0,0
BRDA:23,5,1,16
BRDA:23,6,0,16
BRDA:23,6,1,16
BRDA:23,6,2,16
BRDA:34,7,0,16
BRDA:34,7,1,0
BRDA:64,8,0,2
BRDA:64,8,1,2
BRDA:65,9,0,2
BRDA:65,9,1,2
BRDA:66,10,0,2
BRDA:66,10,1,0
BRDA:67,11,0,2
BRDA:67,11,1,0
BRDA:67,12,0,1
BRDA:67,12,1,1
BRDA:68,13,0,1
BRDA:68,13,1,1
BRDA:98,14,0,0
BRDA:98,14,1,0
BRDA:125,15,0,0
BRDA:125,15,1,0
BRDA:126,16,0,0
BRDA:126,16,1,0
BRDA:128,17,0,0
BRDA:128,17,1,0
BRDA:156,18,0,0
BRDA:156,18,1,0
BRDA:158,19,0,0
BRDA:158,19,1,0
BRF:41
BRH:22
end_of_record
TN:
SF:routes\admin-manage-patient-accounts.js
FN:9,calculateAge
FN:22,(anonymous_1)
FN:40,(anonymous_2)
FN:64,(anonymous_3)
FN:117,(anonymous_4)
FN:145,(anonymous_5)
FN:164,(anonymous_6)
FNF:7
FNH:2
FNDA:0,calculateAge
FNDA:1,(anonymous_1)
FNDA:0,(anonymous_2)
FNDA:0,(anonymous_3)
FNDA:0,(anonymous_4)
FNDA:1,(anonymous_5)
FNDA:0,(anonymous_6)
DA:1,1
DA:2,1
DA:3,1
DA:4,1
DA:5,1
DA:6,1
DA:10,0
DA:11,0
DA:12,0
DA:13,0
DA:14,0
DA:15,0
DA:16,0
DA:18,0
DA:22,1
DA:23,1
DA:24,1
DA:25,1
DA:33,0
DA:34,0
DA:35,0
DA:40,1
DA:41,0
DA:42,0
DA:43,0
DA:44,0
DA:45,0
DA:47,0
DA:48,0
DA:57,0
DA:58,0
DA:59,0
DA:64,1
DA:65,0
DA:66,0
DA:68,0
DA:69,0
DA:70,0
DA:74,0
DA:75,0
DA:76,0
DA:77,0
DA:81,0
DA:82,0
DA:83,0
DA:84,0
DA:86,0
DA:87,0
DA:88,0
DA:89,0
DA:92,0
DA:93,0
DA:107,0
DA:108,0
DA:110,0
DA:111,0
DA:112,0
DA:117,1
DA:118,0
DA:119,0
DA:120,0
DA:121,0
DA:122,0
DA:125,0
DA:126,0
DA:127,0
DA:128,0
DA:131,0
DA:132,0
DA:133,0
DA:135,0
DA:136,0
DA:138,0
DA:139,0
DA:140,0
DA:145,1
DA:146,1
DA:147,1
DA:148,1
DA:149,0
DA:150,0
DA:152,1
DA:153,1
DA:154,1
DA:155,1
DA:157,0
DA:158,0
DA:159,0
DA:164,1
DA:165,0
DA:166,0
DA:167,0
DA:168,0
DA:169,0
DA:171,0
DA:172,0
DA:173,0
DA:176,0
DA:177,0
DA:178,0
DA:179,0
DA:181,0
DA:182,0
DA:183,0
DA:187,1
LF:105
LH:23
BRDA:10,0,0,0
BRDA:10,0,1,0
BRDA:15,1,0,0
BRDA:15,1,1,0
BRDA:15,2,0,0
BRDA:15,2,1,0
BRDA:15,2,2,0
BRDA:43,3,0,0
BRDA:43,3,1,0
BRDA:43,4,0,0
BRDA:43,4,1,0
BRDA:52,5,0,0
BRDA:52,5,1,0
BRDA:68,6,0,0
BRDA:68,6,1,0
BRDA:68,7,0,0
BRDA:68,7,1,0
BRDA:68,7,2,0
BRDA:68,7,3,0
BRDA:68,7,4,0
BRDA:75,8,0,0
BRDA:75,8,1,0
BRDA:82,9,0,0
BRDA:82,9,1,0
BRDA:88,10,0,0
BRDA:88,10,1,0
BRDA:120,11,0,0
BRDA:120,11,1,0
BRDA:120,12,0,0
BRDA:120,12,1,0
BRDA:126,13,0,0
BRDA:126,13,1,0
BRDA:148,14,0,0
BRDA:148,14,1,1
BRDA:154,15,0,0
BRDA:154,15,1,1
BRDA:167,16,0,0
BRDA:167,16,1,0
BRDA:171,17,0,0
BRDA:171,17,1,0
BRF:40
BRH:2
end_of_record
TN:
SF:routes\admin-message-management.js
FN:8,(anonymous_0)
FN:33,(anonymous_1)
FN:66,(anonymous_2)
FN:83,(anonymous_3)
FN:103,(anonymous_4)
FNF:5
FNH:3
FNDA:1,(anonymous_0)
FNDA:1,(anonymous_1)
FNDA:0,(anonymous_2)
FNDA:1,(anonymous_3)
FNDA:0,(anonymous_4)
DA:1,1
DA:2,1
DA:3,1
DA:4,1
DA:5,1
DA:8,1
DA:9,1
DA:10,1
DA:11,1
DA:12,1
DA:13,0
DA:15,1
DA:17,1
DA:26,0
DA:27,0
DA:28,0
DA:33,1
DA:34,1
DA:35,1
DA:36,1
DA:37,0
DA:38,0
DA:41,1
DA:42,1
DA:43,0
DA:44,0
DA:48,1
DA:49,1
DA:50,1
DA:51,1
DA:52,1
DA:53,1
DA:54,1
DA:56,1
DA:57,1
DA:59,0
DA:60,0
DA:61,0
DA:66,1
DA:67,0
DA:68,0
DA:69,0
DA:70,0
DA:71,0
DA:73,0
DA:74,0
DA:76,0
DA:77,0
DA:78,0
DA:83,1
DA:84,1
DA:85,1
DA:86,1
DA:87,0
DA:88,0
DA:90,1
DA:91,1
DA:92,1
DA:93,1
DA:94,1
DA:96,0
DA:97,0
DA:98,0
DA:103,1
DA:104,0
DA:105,0
DA:106,0
DA:107,0
DA:108,0
DA:110,0
DA:111,0
DA:112,0
DA:113,0
DA:114,0
DA:116,0
DA:117,0
DA:118,0
DA:122,1
LF:78
LH:39
BRDA:12,0,0,0
BRDA:12,0,1,1
BRDA:12,1,0,1
BRDA:12,1,1,0
BRDA:21,2,0,1
BRDA:21,2,1,1
BRDA:36,3,0,0
BRDA:36,3,1,1
BRDA:36,4,0,1
BRDA:36,4,1,1
BRDA:42,5,0,0
BRDA:42,5,1,1
BRDA:69,6,0,0
BRDA:69,6,1,0
BRDA:86,7,0,0
BRDA:86,7,1,1
BRDA:106,8,0,0
BRDA:106,8,1,0
BRF:18
BRH:9
end_of_record
TN:
SF:routes\admin-nurse-accounts.js
FN:9,(anonymous_0)
FN:13,(anonymous_1)
FN:33,(anonymous_2)
FN:57,(anonymous_3)
FN:127,(anonymous_4)
FN:155,(anonymous_5)
FN:176,(anonymous_6)
FN:200,calculateAge
FNF:8
FNH:0
FNDA:0,(anonymous_0)
FNDA:0,(anonymous_1)
FNDA:0,(anonymous_2)
FNDA:0,(anonymous_3)
FNDA:0,(anonymous_4)
FNDA:0,(anonymous_5)
FNDA:0,(anonymous_6)
FNDA:0,calculateAge
DA:1,1
DA:2,1
DA:3,1
DA:4,1
DA:5,1
DA:6,1
DA:9,1
DA:10,0
DA:11,0
DA:13,0
DA:14,0
DA:15,0
DA:18,0
DA:26,0
DA:27,0
DA:28,0
DA:33,1
DA:34,0
DA:35,0
DA:36,0
DA:37,0
DA:38,0
DA:40,0
DA:41,0
DA:50,0
DA:51,0
DA:52,0
DA:57,1
DA:58,0
DA:63,0
DA:65,0
DA:66,0
DA:67,0
DA:71,0
DA:72,0
DA:73,0
DA:74,0
DA:78,0
DA:79,0
DA:80,0
DA:81,0
DA:85,0
DA:86,0
DA:87,0
DA:88,0
DA:90,0
DA:91,0
DA:92,0
DA:93,0
DA:96,0
DA:99,0
DA:117,0
DA:118,0
DA:120,0
DA:121,0
DA:122,0
DA:127,1
DA:128,0
DA:129,0
DA:130,0
DA:131,0
DA:132,0
DA:135,0
DA:136,0
DA:137,0
DA:138,0
DA:141,0
DA:142,0
DA:143,0
DA:145,0
DA:146,0
DA:148,0
DA:149,0
DA:150,0
DA:155,1
DA:156,0
DA:157,0
DA:158,0
DA:159,0
DA:160,0
DA:162,0
DA:163,0
DA:164,0
DA:165,0
DA:167,0
DA:168,0
DA:169,0
DA:176,1
DA:177,0
DA:178,0
DA:179,0
DA:180,0
DA:181,0
DA:184,0
DA:193,0
DA:194,0
DA:195,0
DA:201,0
DA:202,0
DA:203,0
DA:204,0
DA:205,0
DA:206,0
DA:207,0
DA:209,0
DA:212,1
LF:106
LH:13
BRDA:36,0,0,0
BRDA:36,0,1,0
BRDA:36,1,0,0
BRDA:36,1,1,0
BRDA:45,2,0,0
BRDA:45,2,1,0
BRDA:65,3,0,0
BRDA:65,3,1,0
BRDA:65,4,0,0
BRDA:65,4,1,0
BRDA:65,4,2,0
BRDA:65,4,3,0
BRDA:65,4,4,0
BRDA:72,5,0,0
BRDA:72,5,1,0
BRDA:79,6,0,0
BRDA:79,6,1,0
BRDA:86,7,0,0
BRDA:86,7,1,0
BRDA:92,8,0,0
BRDA:92,8,1,0
BRDA:108,9,0,0
BRDA:108,9,1,0
BRDA:109,10,0,0
BRDA:109,10,1,0
BRDA:110,11,0,0
BRDA:110,11,1,0
BRDA:111,12,0,0
BRDA:111,12,1,0
BRDA:130,13,0,0
BRDA:130,13,1,0
BRDA:130,14,0,0
BRDA:130,14,1,0
BRDA:136,15,0,0
BRDA:136,15,1,0
BRDA:158,16,0,0
BRDA:158,16,1,0
BRDA:164,17,0,0
BRDA:164,17,1,0
BRDA:179,18,0,0
BRDA:179,18,1,0
BRDA:179,19,0,0
BRDA:179,19,1,0
BRDA:201,20,0,0
BRDA:201,20,1,0
BRDA:206,21,0,0
BRDA:206,21,1,0
BRDA:206,22,0,0
BRDA:206,22,1,0
BRDA:206,22,2,0
BRF:50
BRH:0
end_of_record
TN:
SF:routes\admin-order-management.js
FN:8,(anonymous_0)
FN:35,(anonymous_1)
FN:67,(anonymous_2)
FN:112,(anonymous_3)
FNF:4
FNH:3
FNDA:1,(anonymous_0)
FNDA:1,(anonymous_1)
FNDA:1,(anonymous_2)
FNDA:0,(anonymous_3)
DA:1,1
DA:2,1
DA:3,1
DA:4,1
DA:5,1
DA:8,1
DA:9,1
DA:10,1
DA:11,1
DA:12,1
DA:13,0
DA:15,1
DA:16,1
DA:18,1
DA:28,0
DA:29,0
DA:30,0
DA:35,1
DA:36,1
DA:37,1
DA:38,1
DA:39,1
DA:40,0
DA:41,0
DA:44,1
DA:45,1
DA:46,0
DA:47,0
DA:50,1
DA:51,1
DA:52,0
DA:54,1
DA:55,1
DA:57,1
DA:58,1
DA:60,0
DA:61,0
DA:62,0
DA:67,1
DA:68,1
DA:69,1
DA:70,1
DA:71,1
DA:72,0
DA:73,0
DA:76,1
DA:77,0
DA:78,0
DA:81,1
DA:82,1
DA:83,1
DA:84,0
DA:85,0
DA:87,1
DA:88,1
DA:89,1
DA:90,1
DA:93,0
DA:94,0
DA:95,0
DA:96,0
DA:99,1
DA:100,1
DA:102,1
DA:103,1
DA:105,0
DA:106,0
DA:107,0
DA:112,1
DA:113,0
DA:114,0
DA:115,0
DA:116,0
DA:117,0
DA:119,0
DA:120,0
DA:122,0
DA:123,0
DA:124,0
DA:128,1
LF:80
LH:45
BRDA:12,0,0,0
BRDA:12,0,1,1
BRDA:12,1,0,1
BRDA:12,1,1,0
BRDA:23,2,0,1
BRDA:23,2,1,1
BRDA:39,3,0,0
BRDA:39,3,1,1
BRDA:45,4,0,0
BRDA:45,4,1,1
BRDA:51,5,0,0
BRDA:51,5,1,1
BRDA:71,6,0,0
BRDA:71,6,1,1
BRDA:76,7,0,0
BRDA:76,7,1,1
BRDA:76,8,0,1
BRDA:76,8,1,1
BRDA:81,9,0,1
BRDA:81,9,1,0
BRDA:83,10,0,0
BRDA:83,10,1,1
BRDA:83,11,0,1
BRDA:83,11,1,1
BRDA:90,12,0,1
BRDA:90,12,1,1
BRDA:102,13,0,1
BRDA:102,13,1,0
BRDA:115,14,0,0
BRDA:115,14,1,0
BRF:30
BRH:18
end_of_record
TN:
SF:routes\admin.js
FN:15,calculateAge
FN:28,(anonymous_1)
FN:85,(anonymous_2)
FN:105,(anonymous_3)
FN:128,(anonymous_4)
FN:148,(anonymous_5)
FN:171,(anonymous_6)
FN:191,(anonymous_7)
FN:213,(anonymous_8)
FN:232,(anonymous_9)
FN:263,(anonymous_10)
FN:282,(anonymous_11)
FN:308,(anonymous_12)
FN:328,(anonymous_13)
FN:338,(anonymous_14)
FN:406,(anonymous_15)
FN:437,(anonymous_16)
FN:467,(anonymous_17)
FN:500,(anonymous_18)
FN:526,(anonymous_19)
FN:533,(anonymous_20)
FN:542,(anonymous_21)
FNF:22
FNH:5
FNDA:1,calculateAge
FNDA:1,(anonymous_1)
FNDA:0,(anonymous_2)
FNDA:0,(anonymous_3)
FNDA:0,(anonymous_4)
FNDA:0,(anonymous_5)
FNDA:0,(anonymous_6)
FNDA:0,(anonymous_7)
FNDA:0,(anonymous_8)
FNDA:0,(anonymous_9)
FNDA:0,(anonymous_10)
FNDA:0,(anonymous_11)
FNDA:1,(anonymous_12)
FNDA:0,(anonymous_13)
FNDA:1,(anonymous_14)
FNDA:0,(anonymous_15)
FNDA:1,(anonymous_16)
FNDA:0,(anonymous_17)
FNDA:0,(anonymous_18)
FNDA:0,(anonymous_19)
FNDA:0,(anonymous_20)
FNDA:0,(anonymous_21)
DA:1,1
DA:2,1
DA:3,1
DA:4,1
DA:5,1
DA:6,1
DA:7,1
DA:8,1
DA:9,1
DA:10,1
DA:11,1
DA:12,1
DA:16,1
DA:17,1
DA:18,1
DA:19,1
DA:20,1
DA:21,1
DA:22,0
DA:24,1
DA:28,1
DA:29,1
DA:38,1
DA:48,1
DA:49,1
DA:50,1
DA:51,1
DA:52,1
DA:53,1
DA:55,1
DA:77,0
DA:78,0
DA:79,0
DA:85,1
DA:86,0
DA:87,0
DA:88,0
DA:98,0
DA:99,0
DA:100,0
DA:105,1
DA:106,0
DA:107,0
DA:108,0
DA:109,0
DA:110,0
DA:112,0
DA:120,0
DA:121,0
DA:122,0
DA:128,1
DA:129,0
DA:130,0
DA:131,0
DA:141,0
DA:142,0
DA:143,0
DA:148,1
DA:149,0
DA:150,0
DA:151,0
DA:152,0
DA:153,0
DA:155,0
DA:163,0
DA:164,0
DA:165,0
DA:171,1
DA:172,0
DA:173,0
DA:174,0
DA:184,0
DA:185,0
DA:186,0
DA:191,1
DA:192,0
DA:193,0
DA:194,0
DA:195,0
DA:196,0
DA:198,0
DA:206,0
DA:207,0
DA:208,0
DA:213,1
DA:214,0
DA:215,0
DA:216,0
DA:226,0
DA:227,0
DA:228,0
DA:232,1
DA:233,0
DA:234,0
DA:235,0
DA:236,0
DA:237,0
DA:239,0
DA:240,0
DA:241,0
DA:242,0
DA:244,0
DA:256,0
DA:257,0
DA:258,0
DA:263,1
DA:264,0
DA:265,0
DA:266,0
DA:276,0
DA:277,0
DA:278,0
DA:282,1
DA:283,0
DA:284,0
DA:285,0
DA:286,0
DA:287,0
DA:289,0
DA:291,0
DA:300,0
DA:301,0
DA:302,0
DA:308,1
DA:309,1
DA:310,1
DA:311,1
DA:321,0
DA:322,0
DA:323,0
DA:328,1
DA:329,0
DA:338,1
DA:339,1
DA:343,1
DA:345,1
DA:346,0
DA:347,0
DA:349,1
DA:350,0
DA:351,0
DA:354,1
DA:355,1
DA:356,0
DA:357,0
DA:360,1
DA:361,1
DA:362,0
DA:363,0
DA:366,1
DA:367,1
DA:369,1
DA:377,1
DA:379,1
DA:381,1
DA:394,1
DA:396,1
DA:397,1
DA:399,0
DA:400,0
DA:401,0
DA:406,1
DA:407,0
DA:408,0
DA:409,0
DA:410,0
DA:411,0
DA:413,0
DA:414,0
DA:415,0
DA:416,0
DA:418,0
DA:430,0
DA:431,0
DA:432,0
DA:437,1
DA:438,1
DA:439,1
DA:440,1
DA:441,0
DA:442,0
DA:444,1
DA:445,0
DA:446,0
DA:448,1
DA:449,0
DA:450,0
DA:453,1
DA:454,1
DA:455,1
DA:457,1
DA:458,1
DA:460,0
DA:461,0
DA:462,0
DA:467,1
DA:468,0
DA:469,0
DA:470,0
DA:471,0
DA:472,0
DA:474,0
DA:475,0
DA:476,0
DA:478,0
DA:479,0
DA:480,0
DA:483,0
DA:484,0
DA:485,0
DA:486,0
DA:489,0
DA:490,0
DA:491,0
DA:493,0
DA:494,0
DA:495,0
DA:500,1
DA:501,0
DA:502,0
DA:503,0
DA:504,0
DA:505,0
DA:506,0
DA:508,0
DA:509,0
DA:510,0
DA:513,0
DA:514,0
DA:516,0
DA:517,0
DA:519,0
DA:520,0
DA:521,0
DA:526,1
DA:527,0
DA:533,1
DA:534,0
DA:542,1
DA:543,0
DA:544,0
DA:547,0
DA:548,0
DA:549,0
DA:551,0
DA:552,0
DA:553,0
DA:555,0
DA:556,0
DA:557,0
DA:561,0
DA:562,0
DA:563,0
DA:564,0
DA:568,0
DA:569,0
DA:570,0
DA:571,0
DA:575,0
DA:576,0
DA:577,0
DA:579,0
DA:580,0
DA:582,0
DA:583,0
DA:584,0
DA:589,1
DA:590,1
LF:268
LH:81
BRDA:16,0,0,0
BRDA:16,0,1,1
BRDA:21,1,0,0
BRDA:21,1,1,1
BRDA:21,2,0,1
BRDA:21,2,1,1
BRDA:21,2,2,0
BRDA:108,3,0,0
BRDA:108,3,1,0
BRDA:151,4,0,0
BRDA:151,4,1,0
BRDA:194,5,0,0
BRDA:194,5,1,0
BRDA:235,6,0,0
BRDA:235,6,1,0
BRDA:235,7,0,0
BRDA:235,7,1,0
BRDA:285,8,0,0
BRDA:285,8,1,0
BRDA:345,9,0,0
BRDA:345,9,1,1
BRDA:345,10,0,1
BRDA:345,10,1,1
BRDA:345,10,2,1
BRDA:345,10,3,1
BRDA:345,10,4,1
BRDA:345,10,5,1
BRDA:349,11,0,0
BRDA:349,11,1,1
BRDA:355,12,0,0
BRDA:355,12,1,1
BRDA:361,13,0,0
BRDA:361,13,1,1
BRDA:389,14,0,1
BRDA:389,14,1,0
BRDA:390,15,0,1
BRDA:390,15,1,0
BRDA:391,16,0,1
BRDA:391,16,1,0
BRDA:392,17,0,1
BRDA:392,17,1,0
BRDA:409,18,0,0
BRDA:409,18,1,0
BRDA:409,19,0,0
BRDA:409,19,1,0
BRDA:440,20,0,0
BRDA:440,20,1,1
BRDA:444,21,0,0
BRDA:444,21,1,1
BRDA:448,22,0,0
BRDA:448,22,1,1
BRDA:470,23,0,0
BRDA:470,23,1,0
BRDA:474,24,0,0
BRDA:474,24,1,0
BRDA:478,25,0,0
BRDA:478,25,1,0
BRDA:483,26,0,0
BRDA:483,26,1,0
BRDA:485,27,0,0
BRDA:485,27,1,0
BRDA:504,28,0,0
BRDA:504,28,1,0
BRDA:508,29,0,0
BRDA:508,29,1,0
BRDA:516,30,0,0
BRDA:516,30,1,0
BRDA:547,31,0,0
BRDA:547,31,1,0
BRDA:547,32,0,0
BRDA:547,32,1,0
BRDA:547,32,2,0
BRDA:551,33,0,0
BRDA:551,33,1,0
BRDA:555,34,0,0
BRDA:555,34,1,0
BRDA:562,35,0,0
BRDA:562,35,1,0
BRDA:569,36,0,0
BRDA:569,36,1,0
BRF:80
BRH:21
end_of_record
TN:
SF:routes\appointment.js
FN:8,(anonymous_0)
FN:53,(anonymous_1)
FN:124,(anonymous_2)
FN:154,(anonymous_3)
FN:197,(anonymous_4)
FNF:5
FNH:4
FNDA:1,(anonymous_0)
FNDA:3,(anonymous_1)
FNDA:1,(anonymous_2)
FNDA:1,(anonymous_3)
FNDA:0,(anonymous_4)
DA:1,1
DA:2,1
DA:3,1
DA:4,1
DA:5,1
DA:8,1
DA:9,1
DA:11,1
DA:12,0
DA:13,0
DA:17,1
DA:18,0
DA:19,0
DA:23,1
DA:26,1
DA:27,0
DA:32,1
DA:36,1
DA:46,0
DA:47,0
DA:48,0
DA:53,1
DA:54,3
DA:56,3
DA:57,0
DA:58,0
DA:61,3
DA:64,3
DA:65,0
DA:66,0
DA:70,3
DA:71,0
DA:72,0
DA:76,3
DA:77,1
DA:78,1
DA:81,2
DA:82,0
DA:83,0
DA:87,2
DA:93,2
DA:94,0
DA:95,0
DA:99,2
DA:111,2
DA:113,2
DA:114,2
DA:115,2
DA:117,0
DA:118,0
DA:119,0
DA:124,1
DA:125,1
DA:126,1
DA:127,0
DA:128,0
DA:131,1
DA:136,1
DA:137,0
DA:138,0
DA:141,1
DA:147,0
DA:148,0
DA:149,0
DA:154,1
DA:155,1
DA:156,1
DA:157,0
DA:158,0
DA:161,1
DA:166,1
DA:167,0
DA:168,0
DA:172,1
DA:173,0
DA:174,0
DA:177,1
DA:178,0
DA:179,0
DA:182,1
DA:183,1
DA:184,1
DA:186,1
DA:187,1
DA:188,1
DA:190,0
DA:191,0
DA:192,0
DA:197,1
DA:198,0
DA:199,0
DA:200,0
DA:203,0
DA:207,0
DA:212,0
DA:213,0
DA:221,1
LF:97
LH:51
BRDA:11,0,0,0
BRDA:11,0,1,1
BRDA:17,1,0,0
BRDA:17,1,1,1
BRDA:26,2,0,0
BRDA:26,2,1,1
BRDA:26,3,0,1
BRDA:26,3,1,1
BRDA:39,4,0,1
BRDA:39,4,1,0
BRDA:40,5,0,1
BRDA:40,5,1,0
BRDA:56,6,0,0
BRDA:56,6,1,3
BRDA:64,7,0,0
BRDA:64,7,1,3
BRDA:64,8,0,3
BRDA:64,8,1,3
BRDA:64,8,2,3
BRDA:64,8,3,3
BRDA:64,8,4,3
BRDA:64,8,5,3
BRDA:70,9,0,0
BRDA:70,9,1,3
BRDA:76,10,0,1
BRDA:76,10,1,2
BRDA:81,11,0,0
BRDA:81,11,1,2
BRDA:93,12,0,0
BRDA:93,12,1,2
BRDA:126,13,0,0
BRDA:126,13,1,1
BRDA:136,14,0,0
BRDA:136,14,1,1
BRDA:156,15,0,0
BRDA:156,15,1,1
BRDA:166,16,0,0
BRDA:166,16,1,1
BRDA:172,17,0,0
BRDA:172,17,1,1
BRDA:177,18,0,0
BRDA:177,18,1,1
BRDA:199,19,0,0
BRDA:199,19,1,0
BRF:44
BRH:26
end_of_record
TN:
SF:routes\auth.js
FN:18,(anonymous_0)
FN:25,(anonymous_1)
FN:127,(anonymous_2)
FN:179,(anonymous_3)
FN:183,(anonymous_4)
FN:264,(anonymous_5)
FN:272,(anonymous_6)
FN:344,(anonymous_7)
FN:370,(anonymous_8)
FN:400,(anonymous_9)
FN:425,(anonymous_10)
FN:468,(anonymous_11)
FN:469,(anonymous_12)
FN:478,(anonymous_13)
FN:485,(anonymous_14)
FN:562,(anonymous_15)
FN:589,(anonymous_16)
FN:634,(anonymous_17)
FNF:18
FNH:12
FNDA:0,(anonymous_0)
FNDA:7,(anonymous_1)
FNDA:3,(anonymous_2)
FNDA:0,(anonymous_3)
FNDA:3,(anonymous_4)
FNDA:0,(anonymous_5)
FNDA:23,(anonymous_6)
FNDA:0,(anonymous_7)
FNDA:5,(anonymous_8)
FNDA:2,(anonymous_9)
FNDA:2,(anonymous_10)
FNDA:1,(anonymous_11)
FNDA:1,(anonymous_12)
FNDA:0,(anonymous_13)
FNDA:2,(anonymous_14)
FNDA:0,(anonymous_15)
FNDA:4,(anonymous_16)
FNDA:2,(anonymous_17)
DA:1,1
DA:2,1
DA:3,1
DA:4,1
DA:5,1
DA:6,1
DA:9,1
DA:18,1
DA:19,0
DA:20,0
DA:22,0
DA:25,1
DA:26,7
DA:27,7
DA:28,7
DA:30,7
DA:31,1
DA:32,1
DA:35,6
DA:36,1
DA:37,1
DA:40,5
DA:41,5
DA:42,1
DA:43,0
DA:45,1
DA:47,1
DA:50,4
DA:51,4
DA:53,4
DA:54,4
DA:56,4
DA:65,4
DA:66,4
DA:68,4
DA:70,4
DA:114,4
DA:115,4
DA:117,4
DA:118,4
DA:120,0
DA:121,0
DA:122,0
DA:127,1
DA:128,3
DA:129,3
DA:130,3
DA:132,3
DA:137,3
DA:138,2
DA:139,2
DA:140,1
DA:141,1
DA:142,1
DA:145,1
DA:146,1
DA:149,1
DA:150,1
DA:151,1
DA:152,1
DA:154,1
DA:155,1
DA:157,1
DA:166,1
DA:167,0
DA:169,1
DA:172,0
DA:173,0
DA:174,0
DA:179,1
DA:180,0
DA:183,1
DA:184,3
DA:185,3
DA:186,3
DA:188,3
DA:190,3
DA:191,1
DA:192,1
DA:195,2
DA:196,1
DA:197,1
DA:200,1
DA:201,1
DA:202,1
DA:203,1
DA:205,1
DA:207,1
DA:251,1
DA:252,1
DA:254,1
DA:255,1
DA:257,0
DA:258,0
DA:259,0
DA:264,1
DA:265,0
DA:266,0
DA:268,0
DA:272,1
DA:273,23
DA:274,23
DA:275,23
DA:277,23
DA:278,0
DA:279,0
DA:282,23
DA:283,23
DA:284,1
DA:285,1
DA:286,1
DA:289,22
DA:290,1
DA:291,1
DA:292,1
DA:295,21
DA:296,21
DA:298,21
DA:299,2
DA:300,2
DA:304,19
DA:313,19
DA:314,19
DA:315,19
DA:318,19
DA:319,1
DA:320,1
DA:324,18
DA:325,2
DA:326,2
DA:327,1
DA:329,1
DA:334,16
DA:335,16
DA:337,0
DA:338,0
DA:339,0
DA:344,1
DA:345,0
DA:346,0
DA:348,0
DA:349,0
DA:350,0
DA:351,0
DA:352,0
DA:355,0
DA:356,0
DA:357,0
DA:358,0
DA:363,0
DA:364,0
DA:365,0
DA:370,1
DA:371,5
DA:372,5
DA:374,5
DA:375,5
DA:376,3
DA:377,3
DA:378,3
DA:381,2
DA:382,0
DA:383,0
DA:386,2
DA:387,2
DA:388,2
DA:389,2
DA:391,2
DA:392,0
DA:393,0
DA:396,2
DA:397,2
DA:398,2
DA:400,2
DA:401,2
DA:404,2
DA:405,0
DA:406,0
DA:407,0
DA:410,2
DA:411,2
DA:418,0
DA:419,0
DA:420,0
DA:425,1
DA:426,2
DA:427,2
DA:429,2
DA:430,2
DA:431,1
DA:432,1
DA:435,1
DA:436,1
DA:437,1
DA:438,1
DA:440,1
DA:441,0
DA:442,0
DA:445,1
DA:447,1
DA:448,1
DA:449,1
DA:450,1
DA:453,0
DA:454,0
DA:461,0
DA:462,0
DA:463,0
DA:468,1
DA:469,1
DA:470,1
DA:471,0
DA:473,1
DA:478,1
DA:479,0
DA:480,0
DA:482,0
DA:485,1
DA:486,2
DA:487,2
DA:488,2
DA:490,2
DA:492,2
DA:493,1
DA:494,1
DA:497,1
DA:498,1
DA:499,1
DA:500,1
DA:502,1
DA:504,1
DA:506,1
DA:549,1
DA:550,1
DA:552,1
DA:553,1
DA:555,0
DA:556,0
DA:557,0
DA:562,1
DA:563,0
DA:564,0
DA:565,0
DA:567,0
DA:572,0
DA:573,0
DA:574,0
DA:575,0
DA:578,0
DA:583,0
DA:584,0
DA:585,0
DA:589,1
DA:590,4
DA:591,4
DA:592,4
DA:594,4
DA:596,4
DA:597,1
DA:598,1
DA:601,3
DA:602,1
DA:603,1
DA:606,2
DA:611,2
DA:612,1
DA:613,1
DA:614,1
DA:617,1
DA:618,1
DA:619,1
DA:620,1
DA:621,1
DA:623,1
DA:624,1
DA:625,1
DA:627,0
DA:628,0
DA:629,0
DA:634,1
DA:635,2
DA:636,2
DA:637,2
DA:639,2
DA:640,1
DA:646,1
DA:654,1
LF:287
LH:211
BRDA:19,0,0,0
BRDA:19,0,1,0
BRDA:30,1,0,1
BRDA:30,1,1,6
BRDA:30,2,0,7
BRDA:30,2,1,7
BRDA:30,2,2,7
BRDA:35,3,0,1
BRDA:35,3,1,5
BRDA:41,4,0,1
BRDA:41,4,1,4
BRDA:42,5,0,0
BRDA:42,5,1,1
BRDA:60,6,0,4
BRDA:60,6,1,1
BRDA:68,7,0,4
BRDA:68,7,1,4
BRDA:137,8,0,2
BRDA:137,8,1,1
BRDA:139,9,0,1
BRDA:139,9,1,1
BRDA:166,10,0,0
BRDA:166,10,1,1
BRDA:190,11,0,1
BRDA:190,11,1,2
BRDA:195,12,0,1
BRDA:195,12,1,1
BRDA:205,13,0,1
BRDA:205,13,1,1
BRDA:265,14,0,0
BRDA:265,14,1,0
BRDA:277,15,0,0
BRDA:277,15,1,23
BRDA:277,16,0,23
BRDA:277,16,1,23
BRDA:283,17,0,1
BRDA:283,17,1,22
BRDA:289,18,0,1
BRDA:289,18,1,21
BRDA:298,19,0,2
BRDA:298,19,1,19
BRDA:310,20,0,19
BRDA:310,20,1,2
BRDA:318,21,0,1
BRDA:318,21,1,18
BRDA:324,22,0,2
BRDA:324,22,1,16
BRDA:326,23,0,1
BRDA:326,23,1,1
BRDA:334,24,0,4
BRDA:334,24,1,12
BRDA:349,25,0,0
BRDA:349,25,1,0
BRDA:355,26,0,0
BRDA:355,26,1,0
BRDA:375,27,0,3
BRDA:375,27,1,2
BRDA:381,28,0,0
BRDA:381,28,1,2
BRDA:387,29,0,2
BRDA:387,29,1,0
BRDA:388,30,0,2
BRDA:388,30,1,0
BRDA:391,31,0,0
BRDA:391,31,1,2
BRDA:401,32,0,0
BRDA:401,32,1,2
BRDA:404,33,0,0
BRDA:404,33,1,2
BRDA:430,34,0,1
BRDA:430,34,1,1
BRDA:430,35,0,2
BRDA:430,35,1,1
BRDA:436,36,0,1
BRDA:436,36,1,0
BRDA:437,37,0,1
BRDA:437,37,1,0
BRDA:440,38,0,0
BRDA:440,38,1,1
BRDA:447,39,0,1
BRDA:447,39,1,0
BRDA:470,40,0,0
BRDA:470,40,1,1
BRDA:479,41,0,0
BRDA:479,41,1,0
BRDA:492,42,0,1
BRDA:492,42,1,1
BRDA:504,43,0,1
BRDA:504,43,1,1
BRDA:572,44,0,0
BRDA:572,44,1,0
BRDA:596,45,0,1
BRDA:596,45,1,3
BRDA:601,46,0,1
BRDA:601,46,1,2
BRDA:611,47,0,1
BRDA:611,47,1,1
BRDA:639,48,0,1
BRDA:639,48,1,1
BRF:99
BRH:73
end_of_record
TN:
SF:routes\create-driver.js
FN:7,calculateAge
FN:20,generatePassword
FN:30,(anonymous_2)
FN:59,(anonymous_3)
FN:170,(anonymous_4)
FN:181,(anonymous_5)
FN:207,(anonymous_6)
FN:235,(anonymous_7)
FN:323,(anonymous_8)
FN:347,(anonymous_9)
FN:376,(anonymous_10)
FN:420,(anonymous_11)
FN:462,(anonymous_12)
FNF:13
FNH:0
FNDA:0,calculateAge
FNDA:0,generatePassword
FNDA:0,(anonymous_2)
FNDA:0,(anonymous_3)
FNDA:0,(anonymous_4)
FNDA:0,(anonymous_5)
FNDA:0,(anonymous_6)
FNDA:0,(anonymous_7)
FNDA:0,(anonymous_8)
FNDA:0,(anonymous_9)
FNDA:0,(anonymous_10)
FNDA:0,(anonymous_11)
FNDA:0,(anonymous_12)
DA:1,1
DA:2,1
DA:3,1
DA:4,1
DA:8,0
DA:9,0
DA:10,0
DA:11,0
DA:12,0
DA:13,0
DA:14,0
DA:16,0
DA:21,0
DA:22,0
DA:23,0
DA:24,0
DA:26,0
DA:30,1
DA:31,0
DA:32,0
DA:33,0
DA:34,0
DA:37,0
DA:38,0
DA:39,0
DA:42,0
DA:44,0
DA:52,0
DA:53,0
DA:54,0
DA:59,1
DA:60,0
DA:61,0
DA:62,0
DA:63,0
DA:66,0
DA:67,0
DA:68,0
DA:80,0
DA:82,0
DA:85,0
DA:86,0
DA:87,0
DA:91,0
DA:92,0
DA:93,0
DA:97,0
DA:98,0
DA:99,0
DA:103,0
DA:104,0
DA:105,0
DA:106,0
DA:107,0
DA:111,0
DA:112,0
DA:113,0
DA:114,0
DA:115,0
DA:119,0
DA:122,0
DA:123,0
DA:126,0
DA:127,0
DA:130,0
DA:145,0
DA:149,0
DA:153,0
DA:155,0
DA:156,0
DA:158,0
DA:159,0
DA:161,0
DA:162,0
DA:165,0
DA:166,0
DA:167,0
DA:168,0
DA:169,0
DA:170,0
DA:171,0
DA:173,0
DA:175,0
DA:181,1
DA:182,0
DA:183,0
DA:184,0
DA:185,0
DA:188,0
DA:189,0
DA:190,0
DA:191,0
DA:194,0
DA:200,0
DA:201,0
DA:202,0
DA:207,1
DA:208,0
DA:209,0
DA:210,0
DA:211,0
DA:214,0
DA:215,0
DA:216,0
DA:217,0
DA:220,0
DA:228,0
DA:229,0
DA:230,0
DA:235,1
DA:236,0
DA:237,0
DA:238,0
DA:239,0
DA:252,0
DA:255,0
DA:256,0
DA:257,0
DA:261,0
DA:262,0
DA:263,0
DA:267,0
DA:271,0
DA:272,0
DA:273,0
DA:277,0
DA:281,0
DA:282,0
DA:283,0
DA:287,0
DA:289,0
DA:307,0
DA:308,0
DA:309,0
DA:312,0
DA:313,0
DA:314,0
DA:316,0
DA:317,0
DA:318,0
DA:323,1
DA:324,0
DA:325,0
DA:326,0
DA:327,0
DA:330,0
DA:331,0
DA:332,0
DA:333,0
DA:336,0
DA:337,0
DA:338,0
DA:340,0
DA:341,0
DA:342,0
DA:347,1
DA:348,0
DA:349,0
DA:350,0
DA:351,0
DA:354,0
DA:355,0
DA:356,0
DA:359,0
DA:361,0
DA:369,0
DA:370,0
DA:371,0
DA:376,1
DA:377,0
DA:378,0
DA:379,0
DA:380,0
DA:383,0
DA:384,0
DA:385,0
DA:388,0
DA:391,0
DA:392,0
DA:393,0
DA:394,0
DA:397,0
DA:398,0
DA:399,0
DA:400,0
DA:404,0
DA:405,0
DA:406,0
DA:408,0
DA:409,0
DA:410,0
DA:412,0
DA:413,0
DA:414,0
DA:420,1
DA:421,0
DA:422,0
DA:423,0
DA:424,0
DA:427,0
DA:428,0
DA:429,0
DA:432,0
DA:434,0
DA:435,0
DA:436,0
DA:439,0
DA:440,0
DA:441,0
DA:442,0
DA:446,0
DA:447,0
DA:448,0
DA:449,0
DA:451,0
DA:452,0
DA:453,0
DA:455,0
DA:456,0
DA:457,0
DA:462,1
DA:463,0
DA:464,0
DA:465,0
DA:466,0
DA:469,0
DA:470,0
DA:471,0
DA:474,0
DA:476,0
DA:477,0
DA:478,0
DA:481,0
DA:482,0
DA:483,0
DA:484,0
DA:488,0
DA:489,0
DA:491,0
DA:492,0
DA:493,0
DA:494,0
DA:496,0
DA:497,0
DA:498,0
DA:500,0
DA:501,0
DA:502,0
DA:575,1
LF:249
LH:15
BRDA:8,0,0,0
BRDA:8,0,1,0
BRDA:13,1,0,0
BRDA:13,1,1,0
BRDA:13,2,0,0
BRDA:13,2,1,0
BRDA:13,2,2,0
BRDA:32,3,0,0
BRDA:32,3,1,0
BRDA:37,4,0,0
BRDA:37,4,1,0
BRDA:61,5,0,0
BRDA:61,5,1,0
BRDA:66,6,0,0
BRDA:66,6,1,0
BRDA:85,7,0,0
BRDA:85,7,1,0
BRDA:85,8,0,0
BRDA:85,8,1,0
BRDA:85,8,2,0
BRDA:85,8,3,0
BRDA:85,8,4,0
BRDA:91,9,0,0
BRDA:91,9,1,0
BRDA:97,10,0,0
BRDA:97,10,1,0
BRDA:104,11,0,0
BRDA:104,11,1,0
BRDA:112,12,0,0
BRDA:112,12,1,0
BRDA:138,13,0,0
BRDA:138,13,1,0
BRDA:139,14,0,0
BRDA:139,14,1,0
BRDA:140,15,0,0
BRDA:140,15,1,0
BRDA:165,16,0,0
BRDA:165,16,1,0
BRDA:169,17,0,0
BRDA:169,17,1,0
BRDA:183,18,0,0
BRDA:183,18,1,0
BRDA:189,19,0,0
BRDA:189,19,1,0
BRDA:209,20,0,0
BRDA:209,20,1,0
BRDA:215,21,0,0
BRDA:215,21,1,0
BRDA:237,22,0,0
BRDA:237,22,1,0
BRDA:255,23,0,0
BRDA:255,23,1,0
BRDA:255,24,0,0
BRDA:255,24,1,0
BRDA:255,24,2,0
BRDA:255,24,3,0
BRDA:255,24,4,0
BRDA:261,25,0,0
BRDA:261,25,1,0
BRDA:271,26,0,0
BRDA:271,26,1,0
BRDA:281,27,0,0
BRDA:281,27,1,0
BRDA:298,28,0,0
BRDA:298,28,1,0
BRDA:299,29,0,0
BRDA:299,29,1,0
BRDA:300,30,0,0
BRDA:300,30,1,0
BRDA:301,31,0,0
BRDA:301,31,1,0
BRDA:307,32,0,0
BRDA:307,32,1,0
BRDA:325,33,0,0
BRDA:325,33,1,0
BRDA:331,34,0,0
BRDA:331,34,1,0
BRDA:349,35,0,0
BRDA:349,35,1,0
BRDA:354,36,0,0
BRDA:354,36,1,0
BRDA:378,37,0,0
BRDA:378,37,1,0
BRDA:383,38,0,0
BRDA:383,38,1,0
BRDA:392,39,0,0
BRDA:392,39,1,0
BRDA:398,40,0,0
BRDA:398,40,1,0
BRDA:422,41,0,0
BRDA:422,41,1,0
BRDA:427,42,0,0
BRDA:427,42,1,0
BRDA:434,43,0,0
BRDA:434,43,1,0
BRDA:434,44,0,0
BRDA:434,44,1,0
BRDA:440,45,0,0
BRDA:440,45,1,0
BRDA:464,46,0,0
BRDA:464,46,1,0
BRDA:469,47,0,0
BRDA:469,47,1,0
BRDA:476,48,0,0
BRDA:476,48,1,0
BRDA:476,49,0,0
BRDA:476,49,1,0
BRDA:482,50,0,0
BRDA:482,50,1,0
BRF:109
BRH:0
end_of_record
TN:
SF:routes\driver.js
FN:8,(anonymous_0)
FN:22,(anonymous_1)
FN:92,(anonymous_2)
FN:135,(anonymous_3)
FN:162,(anonymous_4)
FN:238,(anonymous_5)
FN:269,(anonymous_6)
FN:331,(anonymous_7)
FNF:8
FNH:5
FNDA:0,(anonymous_0)
FNDA:8,(anonymous_1)
FNDA:1,(anonymous_2)
FNDA:0,(anonymous_3)
FNDA:1,(anonymous_4)
FNDA:1,(anonymous_5)
FNDA:2,(anonymous_6)
FNDA:0,(anonymous_7)
DA:1,1
DA:2,1
DA:3,1
DA:4,1
DA:5,1
DA:8,1
DA:9,0
DA:10,0
DA:11,0
DA:12,0
DA:14,0
DA:22,1
DA:23,8
DA:24,8
DA:25,8
DA:27,8
DA:28,8
DA:30,8
DA:31,0
DA:32,0
DA:33,0
DA:36,8
DA:37,8
DA:39,8
DA:40,0
DA:41,0
DA:42,0
DA:45,8
DA:46,8
DA:47,8
DA:50,8
DA:51,0
DA:52,0
DA:53,0
DA:57,8
DA:58,8
DA:59,8
DA:61,8
DA:62,8
DA:64,8
DA:65,1
DA:66,1
DA:67,1
DA:70,7
DA:72,7
DA:80,7
DA:81,7
DA:82,7
DA:84,0
DA:85,0
DA:86,0
DA:87,0
DA:92,1
DA:93,1
DA:94,1
DA:96,1
DA:97,1
DA:98,0
DA:99,0
DA:100,0
DA:103,1
DA:104,1
DA:106,1
DA:107,0
DA:108,0
DA:109,0
DA:112,1
DA:113,1
DA:116,1
DA:117,1
DA:119,1
DA:127,0
DA:128,0
DA:129,0
DA:130,0
DA:135,1
DA:136,0
DA:137,0
DA:138,0
DA:139,0
DA:142,0
DA:143,0
DA:144,0
DA:145,0
DA:148,0
DA:155,0
DA:156,0
DA:157,0
DA:162,1
DA:163,1
DA:164,1
DA:165,0
DA:166,0
DA:169,1
DA:172,1
DA:173,0
DA:174,0
DA:178,1
DA:179,0
DA:180,0
DA:184,1
DA:185,0
DA:186,0
DA:190,1
DA:191,1
DA:192,1
DA:193,1
DA:195,1
DA:196,0
DA:197,0
DA:201,1
DA:202,1
DA:203,0
DA:204,0
DA:208,1
DA:209,1
DA:210,0
DA:211,0
DA:215,1
DA:216,1
DA:217,0
DA:218,0
DA:222,1
DA:223,1
DA:224,1
DA:225,1
DA:227,1
DA:228,1
DA:229,1
DA:231,0
DA:232,0
DA:233,0
DA:238,1
DA:239,1
DA:241,1
DA:242,1
DA:243,0
DA:244,0
DA:247,1
DA:252,1
DA:253,0
DA:254,0
DA:257,1
DA:258,1
DA:263,0
DA:264,0
DA:269,1
DA:270,2
DA:271,2
DA:272,2
DA:274,2
DA:275,2
DA:276,0
DA:277,0
DA:278,0
DA:281,2
DA:283,2
DA:284,0
DA:285,0
DA:286,0
DA:289,2
DA:290,2
DA:291,0
DA:292,0
DA:293,0
DA:296,2
DA:297,2
DA:302,2
DA:303,0
DA:304,0
DA:305,0
DA:308,2
DA:310,2
DA:311,2
DA:312,2
DA:315,2
DA:316,2
DA:317,2
DA:319,2
DA:320,2
DA:321,2
DA:323,0
DA:324,0
DA:325,0
DA:326,0
DA:331,1
DA:332,0
DA:333,0
DA:334,0
DA:335,0
DA:336,0
DA:339,1
LF:192
LH:106
BRDA:10,0,0,0
BRDA:10,0,1,0
BRDA:30,1,0,0
BRDA:30,1,1,8
BRDA:30,2,0,8
BRDA:30,2,1,8
BRDA:39,3,0,0
BRDA:39,3,1,8
BRDA:50,4,0,0
BRDA:50,4,1,8
BRDA:64,5,0,1
BRDA:64,5,1,7
BRDA:97,6,0,0
BRDA:97,6,1,1
BRDA:106,7,0,0
BRDA:106,7,1,1
BRDA:137,8,0,0
BRDA:137,8,1,0
BRDA:143,9,0,0
BRDA:143,9,1,0
BRDA:164,10,0,0
BRDA:164,10,1,1
BRDA:172,11,0,0
BRDA:172,11,1,1
BRDA:172,12,0,1
BRDA:172,12,1,1
BRDA:172,12,2,1
BRDA:178,13,0,0
BRDA:178,13,1,1
BRDA:184,14,0,0
BRDA:184,14,1,1
BRDA:195,15,0,0
BRDA:195,15,1,1
BRDA:195,16,0,1
BRDA:195,16,1,1
BRDA:195,16,2,1
BRDA:195,16,3,1
BRDA:202,17,0,0
BRDA:202,17,1,1
BRDA:209,18,0,0
BRDA:209,18,1,1
BRDA:216,19,0,0
BRDA:216,19,1,1
BRDA:242,20,0,0
BRDA:242,20,1,1
BRDA:252,21,0,0
BRDA:252,21,1,1
BRDA:275,22,0,0
BRDA:275,22,1,2
BRDA:283,23,0,0
BRDA:283,23,1,2
BRDA:283,24,0,2
BRDA:283,24,1,2
BRDA:290,25,0,0
BRDA:290,25,1,2
BRDA:302,26,0,0
BRDA:302,26,1,2
BRDA:310,27,0,2
BRDA:310,27,1,0
BRF:59
BRH:33
end_of_record
TN:
SF:routes\message.js
FN:8,(anonymous_0)
FN:46,(anonymous_1)
FN:115,(anonymous_2)
FN:152,(anonymous_3)
FN:190,(anonymous_4)
FN:256,(anonymous_5)
FN:292,(anonymous_6)
FN:313,(anonymous_7)
FNF:8
FNH:0
FNDA:0,(anonymous_0)
FNDA:0,(anonymous_1)
FNDA:0,(anonymous_2)
FNDA:0,(anonymous_3)
FNDA:0,(anonymous_4)
FNDA:0,(anonymous_5)
FNDA:0,(anonymous_6)
FNDA:0,(anonymous_7)
DA:1,1
DA:2,1
DA:3,1
DA:4,1
DA:5,1
DA:8,1
DA:9,0
DA:11,0
DA:12,0
DA:13,0
DA:17,0
DA:18,0
DA:19,0
DA:23,0
DA:26,0
DA:30,0
DA:39,0
DA:40,0
DA:41,0
DA:46,1
DA:47,0
DA:49,0
DA:50,0
DA:51,0
DA:54,0
DA:57,0
DA:58,0
DA:59,0
DA:63,0
DA:64,0
DA:65,0
DA:69,0
DA:70,0
DA:71,0
DA:74,0
DA:75,0
DA:76,0
DA:80,0
DA:81,0
DA:82,0
DA:85,0
DA:86,0
DA:87,0
DA:91,0
DA:102,0
DA:104,0
DA:105,0
DA:106,0
DA:108,0
DA:109,0
DA:110,0
DA:115,1
DA:116,0
DA:117,0
DA:118,0
DA:119,0
DA:122,0
DA:127,0
DA:128,0
DA:129,0
DA:133,0
DA:134,0
DA:135,0
DA:136,0
DA:139,0
DA:145,0
DA:146,0
DA:147,0
DA:152,1
DA:153,0
DA:154,0
DA:155,0
DA:156,0
DA:159,0
DA:164,0
DA:165,0
DA:166,0
DA:170,0
DA:171,0
DA:172,0
DA:175,0
DA:183,0
DA:184,0
DA:185,0
DA:190,1
DA:191,0
DA:192,0
DA:193,0
DA:194,0
DA:197,0
DA:200,0
DA:201,0
DA:202,0
DA:206,0
DA:207,0
DA:208,0
DA:211,0
DA:212,0
DA:213,0
DA:217,0
DA:218,0
DA:219,0
DA:222,0
DA:223,0
DA:224,0
DA:227,0
DA:240,0
DA:241,0
DA:242,0
DA:245,0
DA:246,0
DA:247,0
DA:249,0
DA:250,0
DA:251,0
DA:256,1
DA:257,0
DA:258,0
DA:259,0
DA:260,0
DA:263,0
DA:268,0
DA:269,0
DA:270,0
DA:274,0
DA:275,0
DA:276,0
DA:279,0
DA:281,0
DA:282,0
DA:283,0
DA:285,0
DA:286,0
DA:287,0
DA:292,1
DA:293,0
DA:294,0
DA:295,0
DA:298,0
DA:302,0
DA:307,0
DA:308,0
DA:313,1
DA:314,0
DA:315,0
DA:316,0
DA:319,0
DA:324,0
DA:329,0
DA:330,0
DA:334,1
LF:151
LH:14
BRDA:11,0,0,0
BRDA:11,0,1,0
BRDA:17,1,0,0
BRDA:17,1,1,0
BRDA:33,2,0,0
BRDA:33,2,1,0
BRDA:34,3,0,0
BRDA:34,3,1,0
BRDA:49,4,0,0
BRDA:49,4,1,0
BRDA:57,5,0,0
BRDA:57,5,1,0
BRDA:57,6,0,0
BRDA:57,6,1,0
BRDA:57,6,2,0
BRDA:57,6,3,0
BRDA:57,6,4,0
BRDA:63,7,0,0
BRDA:63,7,1,0
BRDA:69,8,0,0
BRDA:69,8,1,0
BRDA:74,9,0,0
BRDA:74,9,1,0
BRDA:80,10,0,0
BRDA:80,10,1,0
BRDA:85,11,0,0
BRDA:85,11,1,0
BRDA:117,12,0,0
BRDA:117,12,1,0
BRDA:127,13,0,0
BRDA:127,13,1,0
BRDA:133,14,0,0
BRDA:133,14,1,0
BRDA:154,15,0,0
BRDA:154,15,1,0
BRDA:164,16,0,0
BRDA:164,16,1,0
BRDA:170,17,0,0
BRDA:170,17,1,0
BRDA:192,18,0,0
BRDA:192,18,1,0
BRDA:200,19,0,0
BRDA:200,19,1,0
BRDA:200,20,0,0
BRDA:200,20,1,0
BRDA:206,21,0,0
BRDA:206,21,1,0
BRDA:211,22,0,0
BRDA:211,22,1,0
BRDA:217,23,0,0
BRDA:217,23,1,0
BRDA:222,24,0,0
BRDA:222,24,1,0
BRDA:240,25,0,0
BRDA:240,25,1,0
BRDA:258,26,0,0
BRDA:258,26,1,0
BRDA:268,27,0,0
BRDA:268,27,1,0
BRDA:274,28,0,0
BRDA:274,28,1,0
BRDA:294,29,0,0
BRDA:294,29,1,0
BRDA:315,30,0,0
BRDA:315,30,1,0
BRF:65
BRH:0
end_of_record
TN:
SF:routes\nurse-appointment.js
FN:7,(anonymous_0)
FN:39,(anonymous_1)
FN:82,(anonymous_2)
FN:145,(anonymous_3)
FN:176,(anonymous_4)
FNF:5
FNH:3
FNDA:1,(anonymous_0)
FNDA:1,(anonymous_1)
FNDA:1,(anonymous_2)
FNDA:0,(anonymous_3)
FNDA:0,(anonymous_4)
DA:1,1
DA:2,1
DA:3,1
DA:4,1
DA:7,1
DA:8,1
DA:10,1
DA:11,0
DA:12,0
DA:16,1
DA:17,0
DA:18,0
DA:22,1
DA:24,1
DA:32,0
DA:33,0
DA:34,0
DA:39,1
DA:40,1
DA:41,1
DA:42,0
DA:43,0
DA:46,1
DA:47,0
DA:48,0
DA:51,1
DA:54,1
DA:55,1
DA:56,0
DA:57,0
DA:61,1
DA:62,1
DA:63,0
DA:64,0
DA:67,1
DA:68,1
DA:69,1
DA:71,1
DA:72,1
DA:73,1
DA:75,0
DA:76,0
DA:77,0
DA:82,1
DA:83,1
DA:84,1
DA:85,0
DA:86,0
DA:89,1
DA:90,0
DA:91,0
DA:94,1
DA:97,1
DA:98,0
DA:99,0
DA:103,1
DA:104,1
DA:105,0
DA:106,0
DA:110,1
DA:111,0
DA:112,0
DA:116,1
DA:123,1
DA:124,0
DA:125,0
DA:129,1
DA:130,1
DA:131,1
DA:132,1
DA:134,1
DA:135,1
DA:136,1
DA:138,0
DA:139,0
DA:140,0
DA:145,1
DA:146,0
DA:147,0
DA:148,0
DA:149,0
DA:152,0
DA:153,0
DA:154,0
DA:157,0
DA:158,0
DA:159,0
DA:160,0
DA:163,0
DA:169,0
DA:170,0
DA:171,0
DA:176,1
DA:177,0
DA:178,0
DA:179,0
DA:182,0
DA:183,0
DA:185,0
DA:186,0
DA:189,0
DA:191,0
DA:196,0
DA:197,0
DA:201,1
LF:105
LH:46
BRDA:10,0,0,0
BRDA:10,0,1,1
BRDA:16,1,0,0
BRDA:16,1,1,1
BRDA:41,2,0,0
BRDA:41,2,1,1
BRDA:46,3,0,0
BRDA:46,3,1,1
BRDA:55,4,0,0
BRDA:55,4,1,1
BRDA:62,5,0,0
BRDA:62,5,1,1
BRDA:84,6,0,0
BRDA:84,6,1,1
BRDA:89,7,0,0
BRDA:89,7,1,1
BRDA:97,8,0,0
BRDA:97,8,1,1
BRDA:97,9,0,1
BRDA:97,9,1,1
BRDA:97,9,2,1
BRDA:104,10,0,0
BRDA:104,10,1,1
BRDA:110,11,0,0
BRDA:110,11,1,1
BRDA:123,12,0,0
BRDA:123,12,1,1
BRDA:147,13,0,0
BRDA:147,13,1,0
BRDA:152,14,0,0
BRDA:152,14,1,0
BRDA:158,15,0,0
BRDA:158,15,1,0
BRDA:178,16,0,0
BRDA:178,16,1,0
BRDA:185,17,0,0
BRDA:185,17,1,0
BRF:37
BRH:15
end_of_record
TN:
SF:routes\nurse-message.js
FN:6,(anonymous_0)
FN:35,(anonymous_1)
FN:64,(anonymous_2)
FN:118,(anonymous_3)
FNF:4
FNH:0
FNDA:0,(anonymous_0)
FNDA:0,(anonymous_1)
FNDA:0,(anonymous_2)
FNDA:0,(anonymous_3)
DA:1,1
DA:2,1
DA:3,1
DA:6,1
DA:7,0
DA:8,0
DA:9,0
DA:10,0
DA:13,0
DA:14,0
DA:15,0
DA:18,0
DA:20,0
DA:28,0
DA:29,0
DA:30,0
DA:35,1
DA:36,0
DA:37,0
DA:38,0
DA:41,0
DA:42,0
DA:43,0
DA:47,0
DA:48,0
DA:49,0
DA:50,0
DA:53,0
DA:58,0
DA:59,0
DA:64,1
DA:65,0
DA:66,0
DA:67,0
DA:68,0
DA:71,0
DA:72,0
DA:73,0
DA:76,0
DA:78,0
DA:79,0
DA:80,0
DA:83,0
DA:84,0
DA:85,0
DA:88,0
DA:89,0
DA:90,0
DA:93,0
DA:94,0
DA:95,0
DA:96,0
DA:99,0
DA:100,0
DA:101,0
DA:102,0
DA:103,0
DA:104,0
DA:105,0
DA:107,0
DA:108,0
DA:109,0
DA:111,0
DA:112,0
DA:113,0
DA:118,1
DA:119,0
DA:120,0
DA:121,0
DA:124,0
DA:125,0
DA:127,0
DA:128,0
DA:131,0
DA:133,0
DA:138,0
DA:139,0
DA:143,1
LF:78
LH:8
BRDA:8,0,0,0
BRDA:8,0,1,0
BRDA:13,1,0,0
BRDA:13,1,1,0
BRDA:37,2,0,0
BRDA:37,2,1,0
BRDA:42,3,0,0
BRDA:42,3,1,0
BRDA:47,4,0,0
BRDA:47,4,1,0
BRDA:66,5,0,0
BRDA:66,5,1,0
BRDA:71,6,0,0
BRDA:71,6,1,0
BRDA:78,7,0,0
BRDA:78,7,1,0
BRDA:78,8,0,0
BRDA:78,8,1,0
BRDA:83,9,0,0
BRDA:83,9,1,0
BRDA:88,10,0,0
BRDA:88,10,1,0
BRDA:94,11,0,0
BRDA:94,11,1,0
BRDA:120,12,0,0
BRDA:120,12,1,0
BRDA:127,13,0,0
BRDA:127,13,1,0
BRF:28
BRH:0
end_of_record
TN:
SF:routes\nurse-order.js
FN:8,(anonymous_0)
FN:39,(anonymous_1)
FN:61,(anonymous_2)
FN:128,(anonymous_3)
FN:179,(anonymous_4)
FN:205,(anonymous_5)
FN:224,(anonymous_6)
FNF:7
FNH:1
FNDA:0,(anonymous_0)
FNDA:0,(anonymous_1)
FNDA:1,(anonymous_2)
FNDA:0,(anonymous_3)
FNDA:0,(anonymous_4)
FNDA:0,(anonymous_5)
FNDA:0,(anonymous_6)
DA:1,1
DA:2,1
DA:3,1
DA:4,1
DA:5,1
DA:8,1
DA:9,0
DA:10,0
DA:11,0
DA:12,0
DA:15,0
DA:16,0
DA:17,0
DA:20,0
DA:21,0
DA:23,0
DA:32,0
DA:33,0
DA:34,0
DA:39,1
DA:40,0
DA:41,0
DA:42,0
DA:45,0
DA:46,0
DA:47,0
DA:50,0
DA:55,0
DA:56,0
DA:61,1
DA:62,1
DA:63,1
DA:64,0
DA:65,0
DA:68,1
DA:69,0
DA:70,0
DA:73,1
DA:75,1
DA:76,0
DA:77,0
DA:80,1
DA:81,1
DA:82,0
DA:83,0
DA:87,1
DA:88,0
DA:89,0
DA:92,1
DA:93,1
DA:94,0
DA:95,0
DA:99,1
DA:100,0
DA:101,0
DA:105,1
DA:106,1
DA:107,1
DA:108,1
DA:109,1
DA:110,1
DA:111,1
DA:113,1
DA:114,1
DA:115,1
DA:117,1
DA:118,1
DA:120,0
DA:121,0
DA:122,0
DA:128,1
DA:129,0
DA:130,0
DA:131,0
DA:132,0
DA:135,0
DA:136,0
DA:137,0
DA:140,0
DA:142,0
DA:143,0
DA:144,0
DA:147,0
DA:148,0
DA:149,0
DA:150,0
DA:153,0
DA:154,0
DA:155,0
DA:156,0
DA:160,0
DA:161,0
DA:164,0
DA:165,0
DA:166,0
DA:168,0
DA:169,0
DA:170,0
DA:172,0
DA:173,0
DA:174,0
DA:179,1
DA:180,0
DA:181,0
DA:182,0
DA:185,0
DA:186,0
DA:188,0
DA:189,0
DA:192,0
DA:194,0
DA:199,0
DA:200,0
DA:205,1
DA:206,0
DA:207,0
DA:208,0
DA:211,0
DA:213,0
DA:218,0
DA:219,0
DA:224,1
DA:225,0
DA:226,0
DA:227,0
DA:228,0
DA:230,0
DA:231,0
DA:233,0
DA:234,0
DA:237,0
DA:244,0
DA:248,1
LF:133
LH:36
BRDA:10,0,0,0
BRDA:10,0,1,0
BRDA:15,1,0,0
BRDA:15,1,1,0
BRDA:41,2,0,0
BRDA:41,2,1,0
BRDA:46,3,0,0
BRDA:46,3,1,0
BRDA:63,4,0,0
BRDA:63,4,1,1
BRDA:68,5,0,0
BRDA:68,5,1,1
BRDA:75,6,0,0
BRDA:75,6,1,1
BRDA:75,7,0,1
BRDA:75,7,1,1
BRDA:81,8,0,0
BRDA:81,8,1,1
BRDA:87,9,0,0
BRDA:87,9,1,1
BRDA:87,10,0,1
BRDA:87,10,1,1
BRDA:93,11,0,0
BRDA:93,11,1,1
BRDA:99,12,0,0
BRDA:99,12,1,1
BRDA:108,13,0,1
BRDA:108,13,1,1
BRDA:130,14,0,0
BRDA:130,14,1,0
BRDA:135,15,0,0
BRDA:135,15,1,0
BRDA:142,16,0,0
BRDA:142,16,1,0
BRDA:142,17,0,0
BRDA:142,17,1,0
BRDA:148,18,0,0
BRDA:148,18,1,0
BRDA:154,19,0,0
BRDA:154,19,1,0
BRDA:160,20,0,0
BRDA:160,20,1,0
BRDA:181,21,0,0
BRDA:181,21,1,0
BRDA:188,22,0,0
BRDA:188,22,1,0
BRDA:207,23,0,0
BRDA:207,23,1,0
BRDA:233,24,0,0
BRDA:233,24,1,0
BRF:50
BRH:13
end_of_record
TN:
SF:routes\nurse-profile.js
FN:9,calculateAge
FN:22,(anonymous_1)
FN:80,(anonymous_2)
FN:187,(anonymous_3)
FN:218,(anonymous_4)
FN:243,(anonymous_5)
FN:306,(anonymous_6)
FNF:7
FNH:0
FNDA:0,calculateAge
FNDA:0,(anonymous_1)
FNDA:0,(anonymous_2)
FNDA:0,(anonymous_3)
FNDA:0,(anonymous_4)
FNDA:0,(anonymous_5)
FNDA:0,(anonymous_6)
DA:2,1
DA:3,1
DA:4,1
DA:5,1
DA:6,1
DA:10,0
DA:11,0
DA:12,0
DA:13,0
DA:14,0
DA:15,0
DA:16,0
DA:18,0
DA:22,1
DA:23,0
DA:24,0
DA:26,0
DA:27,0
DA:28,0
DA:29,0
DA:32,0
DA:33,0
DA:34,0
DA:37,0
DA:39,0
DA:40,0
DA:53,0
DA:54,0
DA:58,0
DA:59,0
DA:61,0
DA:63,0
DA:73,0
DA:74,0
DA:75,0
DA:80,1
DA:81,0
DA:82,0
DA:84,0
DA:85,0
DA:86,0
DA:87,0
DA:93,0
DA:96,0
DA:97,0
DA:98,0
DA:101,0
DA:102,0
DA:103,0
DA:106,0
DA:107,0
DA:108,0
DA:112,0
DA:116,0
DA:117,0
DA:118,0
DA:122,0
DA:126,0
DA:127,0
DA:128,0
DA:131,0
DA:134,0
DA:136,0
DA:137,0
DA:138,0
DA:139,0
DA:140,0
DA:141,0
DA:142,0
DA:143,0
DA:144,0
DA:145,0
DA:146,0
DA:147,0
DA:148,0
DA:150,0
DA:163,0
DA:167,0
DA:168,0
DA:171,0
DA:181,0
DA:184,0
DA:187,0
DA:188,0
DA:189,0
DA:191,0
DA:192,0
DA:196,0
DA:197,0
DA:200,0
DA:202,0
DA:204,0
DA:205,0
DA:206,0
DA:208,0
DA:211,0
DA:213,0
DA:218,1
DA:219,0
DA:220,0
DA:221,0
DA:222,0
DA:225,0
DA:226,0
DA:227,0
DA:230,0
DA:237,0
DA:238,0
DA:239,0
DA:243,1
DA:244,0
DA:245,0
DA:246,0
DA:247,0
DA:250,0
DA:252,0
DA:253,0
DA:254,0
DA:257,0
DA:258,0
DA:259,0
DA:262,0
DA:263,0
DA:264,0
DA:265,0
DA:267,0
DA:268,0
DA:269,0
DA:272,0
DA:273,0
DA:274,0
DA:277,0
DA:278,0
DA:279,0
DA:280,0
DA:283,0
DA:284,0
DA:285,0
DA:286,0
DA:289,0
DA:290,0
DA:292,0
DA:293,0
DA:295,0
DA:296,0
DA:297,0
DA:299,0
DA:300,0
DA:301,0
DA:306,1
DA:307,0
DA:308,0
DA:309,0
DA:312,0
DA:313,0
DA:321,0
DA:325,1
LF:157
LH:11
BRDA:10,0,0,0
BRDA:10,0,1,0
BRDA:15,1,0,0
BRDA:15,1,1,0
BRDA:15,2,0,0
BRDA:15,2,1,0
BRDA:15,2,2,0
BRDA:27,3,0,0
BRDA:27,3,1,0
BRDA:32,4,0,0
BRDA:32,4,1,0
BRDA:39,5,0,0
BRDA:39,5,1,0
BRDA:53,6,0,0
BRDA:53,6,1,0
BRDA:59,7,0,0
BRDA:59,7,1,0
BRDA:85,8,0,0
BRDA:85,8,1,0
BRDA:96,9,0,0
BRDA:96,9,1,0
BRDA:96,10,0,0
BRDA:96,10,1,0
BRDA:96,10,2,0
BRDA:96,10,3,0
BRDA:96,10,4,0
BRDA:101,11,0,0
BRDA:101,11,1,0
BRDA:106,12,0,0
BRDA:106,12,1,0
BRDA:116,13,0,0
BRDA:116,13,1,0
BRDA:126,14,0,0
BRDA:126,14,1,0
BRDA:136,15,0,0
BRDA:136,15,1,0
BRDA:143,16,0,0
BRDA:143,16,1,0
BRDA:144,17,0,0
BRDA:144,17,1,0
BRDA:145,18,0,0
BRDA:145,18,1,0
BRDA:146,19,0,0
BRDA:146,19,1,0
BRDA:158,20,0,0
BRDA:158,20,1,0
BRDA:159,21,0,0
BRDA:159,21,1,0
BRDA:160,22,0,0
BRDA:160,22,1,0
BRDA:161,23,0,0
BRDA:161,23,1,0
BRDA:188,24,0,0
BRDA:188,24,1,0
BRDA:204,25,0,0
BRDA:204,25,1,0
BRDA:205,26,0,0
BRDA:205,26,1,0
BRDA:205,27,0,0
BRDA:205,27,1,0
BRDA:220,28,0,0
BRDA:220,28,1,0
BRDA:225,29,0,0
BRDA:225,29,1,0
BRDA:245,30,0,0
BRDA:245,30,1,0
BRDA:252,31,0,0
BRDA:252,31,1,0
BRDA:252,32,0,0
BRDA:252,32,1,0
BRDA:252,32,2,0
BRDA:257,33,0,0
BRDA:257,33,1,0
BRDA:267,34,0,0
BRDA:267,34,1,0
BRDA:267,35,0,0
BRDA:267,35,1,0
BRDA:267,35,2,0
BRDA:267,35,3,0
BRDA:272,36,0,0
BRDA:272,36,1,0
BRDA:278,37,0,0
BRDA:278,37,1,0
BRDA:284,38,0,0
BRDA:284,38,1,0
BRDA:308,39,0,0
BRDA:308,39,1,0
BRF:87
BRH:0
end_of_record
TN:
SF:routes\nurse-sms.js
FN:7,(anonymous_0)
FN:17,(anonymous_1)
FN:32,(anonymous_2)
FN:42,(anonymous_3)
FN:57,(anonymous_4)
FN:68,(anonymous_5)
FN:86,(anonymous_6)
FNF:7
FNH:0
FNDA:0,(anonymous_0)
FNDA:0,(anonymous_1)
FNDA:0,(anonymous_2)
FNDA:0,(anonymous_3)
FNDA:0,(anonymous_4)
FNDA:0,(anonymous_5)
FNDA:0,(anonymous_6)
DA:2,1
DA:3,1
DA:4,1
DA:7,1
DA:8,0
DA:9,0
DA:10,0
DA:11,0
DA:14,0
DA:16,0
DA:17,0
DA:18,0
DA:20,0
DA:23,0
DA:25,0
DA:26,0
DA:27,0
DA:32,1
DA:33,0
DA:34,0
DA:35,0
DA:36,0
DA:39,0
DA:41,0
DA:42,0
DA:43,0
DA:45,0
DA:48,0
DA:50,0
DA:51,0
DA:52,0
DA:57,1
DA:58,0
DA:59,0
DA:60,0
DA:61,0
DA:63,0
DA:68,1
DA:69,0
DA:70,0
DA:71,0
DA:72,0
DA:83,0
DA:86,0
DA:93,0
DA:97,1
LF:46
LH:8
BRDA:9,0,0,0
BRDA:9,0,1,0
BRDA:9,1,0,0
BRDA:9,1,1,0
BRDA:16,2,0,0
BRDA:16,2,1,0
BRDA:16,3,0,0
BRDA:16,3,1,0
BRDA:34,4,0,0
BRDA:34,4,1,0
BRDA:34,5,0,0
BRDA:34,5,1,0
BRDA:41,6,0,0
BRDA:41,6,1,0
BRDA:41,7,0,0
BRDA:41,7,1,0
BRF:16
BRH:0
end_of_record
TN:
SF:routes\nurse.patient.js
FN:10,(anonymous_0)
FN:26,(anonymous_1)
FN:49,(anonymous_2)
FN:97,(anonymous_3)
FN:119,(anonymous_4)
FN:139,(anonymous_5)
FN:159,(anonymous_6)
FNF:7
FNH:0
FNDA:0,(anonymous_0)
FNDA:0,(anonymous_1)
FNDA:0,(anonymous_2)
FNDA:0,(anonymous_3)
FNDA:0,(anonymous_4)
FNDA:0,(anonymous_5)
FNDA:0,(anonymous_6)
DA:1,1
DA:2,1
DA:3,1
DA:4,1
DA:5,1
DA:6,1
DA:7,1
DA:10,1
DA:11,0
DA:12,0
DA:13,0
DA:14,0
DA:17,0
DA:18,0
DA:19,0
DA:23,0
DA:26,0
DA:27,0
DA:28,0
DA:34,0
DA:42,0
DA:43,0
DA:44,0
DA:49,1
DA:50,0
DA:51,0
DA:52,0
DA:55,0
DA:56,0
DA:59,0
DA:60,0
DA:61,0
DA:65,0
DA:68,0
DA:73,0
DA:78,0
DA:82,0
DA:91,0
DA:92,0
DA:97,1
DA:98,0
DA:99,0
DA:100,0
DA:103,0
DA:104,0
DA:105,0
DA:108,0
DA:113,0
DA:114,0
DA:119,1
DA:120,0
DA:121,0
DA:122,0
DA:125,0
DA:128,0
DA:133,0
DA:134,0
DA:139,1
DA:140,0
DA:141,0
DA:142,0
DA:145,0
DA:148,0
DA:153,0
DA:154,0
DA:159,1
DA:160,0
DA:161,0
DA:162,0
DA:165,0
DA:168,0
DA:173,0
DA:174,0
DA:178,1
LF:74
LH:14
BRDA:12,0,0,0
BRDA:12,0,1,0
BRDA:17,1,0,0
BRDA:17,1,1,0
BRDA:51,2,0,0
BRDA:51,2,1,0
BRDA:55,3,0,0
BRDA:55,3,1,0
BRDA:60,4,0,0
BRDA:60,4,1,0
BRDA:85,5,0,0
BRDA:85,5,1,0
BRDA:99,6,0,0
BRDA:99,6,1,0
BRDA:104,7,0,0
BRDA:104,7,1,0
BRDA:121,8,0,0
BRDA:121,8,1,0
BRDA:141,9,0,0
BRDA:141,9,1,0
BRDA:161,10,0,0
BRDA:161,10,1,0
BRF:22
BRH:0
end_of_record
TN:
SF:routes\order.js
FN:12,(anonymous_0)
FN:20,(anonymous_1)
FN:26,(anonymous_2)
FN:44,(anonymous_3)
FN:82,(anonymous_4)
FN:163,(anonymous_5)
FN:193,(anonymous_6)
FN:236,(anonymous_7)
FN:257,(anonymous_8)
FNF:9
FNH:2
FNDA:0,(anonymous_0)
FNDA:0,(anonymous_1)
FNDA:0,(anonymous_2)
FNDA:1,(anonymous_3)
FNDA:1,(anonymous_4)
FNDA:0,(anonymous_5)
FNDA:0,(anonymous_6)
FNDA:0,(anonymous_7)
FNDA:0,(anonymous_8)
DA:1,1
DA:2,1
DA:3,1
DA:4,1
DA:5,1
DA:6,1
DA:7,1
DA:8,1
DA:11,1
DA:13,0
DA:15,0
DA:16,0
DA:18,0
DA:21,0
DA:22,0
DA:26,1
DA:28,0
DA:29,0
DA:31,0
DA:35,1
DA:44,1
DA:45,1
DA:47,1
DA:48,0
DA:49,0
DA:53,1
DA:54,0
DA:55,0
DA:59,1
DA:62,1
DA:66,1
DA:75,0
DA:76,0
DA:77,0
DA:82,1
DA:83,1
DA:85,1
DA:86,0
DA:87,0
DA:90,1
DA:91,1
DA:102,1
DA:105,1
DA:106,0
DA:107,0
DA:111,1
DA:112,0
DA:113,0
DA:117,1
DA:118,0
DA:119,0
DA:123,1
DA:124,0
DA:125,0
DA:129,1
DA:130,1
DA:131,0
DA:135,1
DA:150,1
DA:152,1
DA:153,1
DA:154,1
DA:156,0
DA:157,0
DA:158,0
DA:163,1
DA:164,0
DA:165,0
DA:166,0
DA:167,0
DA:170,0
DA:175,0
DA:176,0
DA:177,0
DA:180,0
DA:186,0
DA:187,0
DA:188,0
DA:193,1
DA:194,0
DA:195,0
DA:196,0
DA:197,0
DA:200,0
DA:205,0
DA:206,0
DA:207,0
DA:211,0
DA:212,0
DA:213,0
DA:216,0
DA:217,0
DA:218,0
DA:221,0
DA:222,0
DA:223,0
DA:225,0
DA:226,0
DA:227,0
DA:229,0
DA:230,0
DA:231,0
DA:236,1
DA:237,0
DA:238,0
DA:239,0
DA:242,0
DA:246,0
DA:251,0
DA:252,0
DA:257,1
DA:258,0
DA:259,0
DA:260,0
DA:263,0
DA:264,0
DA:266,0
DA:267,0
DA:270,0
DA:272,0
DA:277,0
DA:278,0
DA:282,1
LF:123
LH:40
BRDA:15,0,0,0
BRDA:15,0,1,0
BRDA:28,1,0,0
BRDA:28,1,1,0
BRDA:47,2,0,0
BRDA:47,2,1,1
BRDA:53,3,0,0
BRDA:53,3,1,1
BRDA:69,4,0,1
BRDA:69,4,1,0
BRDA:70,5,0,1
BRDA:70,5,1,0
BRDA:85,6,0,0
BRDA:85,6,1,1
BRDA:105,7,0,0
BRDA:105,7,1,1
BRDA:105,8,0,1
BRDA:105,8,1,1
BRDA:105,8,2,1
BRDA:105,8,3,1
BRDA:105,8,4,1
BRDA:111,9,0,0
BRDA:111,9,1,1
BRDA:117,10,0,0
BRDA:117,10,1,1
BRDA:123,11,0,0
BRDA:123,11,1,1
BRDA:130,12,0,0
BRDA:130,12,1,1
BRDA:143,13,0,1
BRDA:143,13,1,0
BRDA:144,14,0,1
BRDA:144,14,1,0
BRDA:145,15,0,1
BRDA:145,15,1,0
BRDA:165,16,0,0
BRDA:165,16,1,0
BRDA:175,17,0,0
BRDA:175,17,1,0
BRDA:195,18,0,0
BRDA:195,18,1,0
BRDA:205,19,0,0
BRDA:205,19,1,0
BRDA:211,20,0,0
BRDA:211,20,1,0
BRDA:216,21,0,0
BRDA:216,21,1,0
BRDA:238,22,0,0
BRDA:238,22,1,0
BRDA:259,23,0,0
BRDA:259,23,1,0
BRDA:266,24,0,0
BRDA:266,24,1,0
BRF:53
BRH:18
end_of_record
TN:
SF:routes\profile.js
FN:8,calculateAge
FN:21,(anonymous_1)
FN:83,(anonymous_2)
FN:173,(anonymous_3)
FN:202,(anonymous_4)
FN:228,(anonymous_5)
FN:297,(anonymous_6)
FN:323,(anonymous_7)
FNF:8
FNH:0
FNDA:0,calculateAge
FNDA:0,(anonymous_1)
FNDA:0,(anonymous_2)
FNDA:0,(anonymous_3)
FNDA:0,(anonymous_4)
FNDA:0,(anonymous_5)
FNDA:0,(anonymous_6)
FNDA:0,(anonymous_7)
DA:1,1
DA:2,1
DA:3,1
DA:4,1
DA:5,1
DA:9,0
DA:10,0
DA:11,0
DA:12,0
DA:13,0
DA:14,0
DA:15,0
DA:17,0
DA:21,1
DA:22,0
DA:23,0
DA:25,0
DA:26,0
DA:27,0
DA:28,0
DA:29,0
DA:32,0
DA:33,0
DA:34,0
DA:35,0
DA:38,0
DA:39,0
DA:40,0
DA:42,0
DA:43,0
DA:52,0
DA:53,0
DA:58,0
DA:59,0
DA:60,0
DA:61,0
DA:62,0
DA:64,0
DA:65,0
DA:75,0
DA:76,0
DA:77,0
DA:78,0
DA:83,1
DA:84,0
DA:85,0
DA:87,0
DA:88,0
DA:89,0
DA:90,0
DA:93,0
DA:95,0
DA:96,0
DA:97,0
DA:100,0
DA:101,0
DA:102,0
DA:105,0
DA:106,0
DA:107,0
DA:110,0
DA:114,0
DA:115,0
DA:116,0
DA:119,0
DA:123,0
DA:124,0
DA:125,0
DA:128,0
DA:130,0
DA:132,0
DA:133,0
DA:134,0
DA:135,0
DA:136,0
DA:137,0
DA:138,0
DA:139,0
DA:140,0
DA:142,0
DA:151,0
DA:155,0
DA:165,0
DA:168,0
DA:169,0
DA:170,0
DA:173,0
DA:174,0
DA:175,0
DA:177,0
DA:178,0
DA:182,0
DA:183,0
DA:184,0
DA:186,0
DA:188,0
DA:189,0
DA:190,0
DA:192,0
DA:195,0
DA:197,0
DA:202,1
DA:203,0
DA:204,0
DA:205,0
DA:206,0
DA:209,0
DA:210,0
DA:211,0
DA:214,0
DA:221,0
DA:222,0
DA:223,0
DA:228,1
DA:229,0
DA:230,0
DA:231,0
DA:232,0
DA:235,0
DA:237,0
DA:238,0
DA:239,0
DA:242,0
DA:243,0
DA:244,0
DA:247,0
DA:248,0
DA:249,0
DA:250,0
DA:252,0
DA:253,0
DA:254,0
DA:257,0
DA:258,0
DA:259,0
DA:262,0
DA:263,0
DA:264,0
DA:265,0
DA:268,0
DA:269,0
DA:270,0
DA:271,0
DA:274,0
DA:275,0
DA:276,0
DA:277,0
DA:280,0
DA:281,0
DA:283,0
DA:284,0
DA:286,0
DA:287,0
DA:288,0
DA:290,0
DA:291,0
DA:292,0
DA:297,1
DA:298,0
DA:299,0
DA:300,0
DA:303,0
DA:304,0
DA:305,0
DA:308,0
DA:309,0
DA:312,0
DA:317,0
DA:318,0
DA:323,1
DA:324,0
DA:325,0
DA:326,0
DA:327,0
DA:330,0
DA:331,0
DA:333,0
DA:334,0
DA:336,0
DA:337,0
DA:338,0
DA:342,1
LF:182
LH:12
BRDA:9,0,0,0
BRDA:9,0,1,0
BRDA:14,1,0,0
BRDA:14,1,1,0
BRDA:14,2,0,0
BRDA:14,2,1,0
BRDA:14,2,2,0
BRDA:26,3,0,0
BRDA:26,3,1,0
BRDA:32,4,0,0
BRDA:32,4,1,0
BRDA:40,5,0,0
BRDA:40,5,1,0
BRDA:42,6,0,0
BRDA:42,6,1,0
BRDA:52,7,0,0
BRDA:52,7,1,0
BRDA:60,8,0,0
BRDA:60,8,1,0
BRDA:61,9,0,0
BRDA:61,9,1,0
BRDA:62,10,0,0
BRDA:62,10,1,0
BRDA:88,11,0,0
BRDA:88,11,1,0
BRDA:95,12,0,0
BRDA:95,12,1,0
BRDA:95,13,0,0
BRDA:95,13,1,0
BRDA:95,13,2,0
BRDA:95,13,3,0
BRDA:95,13,4,0
BRDA:100,14,0,0
BRDA:100,14,1,0
BRDA:105,15,0,0
BRDA:105,15,1,0
BRDA:114,16,0,0
BRDA:114,16,1,0
BRDA:123,17,0,0
BRDA:123,17,1,0
BRDA:132,18,0,0
BRDA:132,18,1,0
BRDA:174,19,0,0
BRDA:174,19,1,0
BRDA:188,20,0,0
BRDA:188,20,1,0
BRDA:189,21,0,0
BRDA:189,21,1,0
BRDA:189,22,0,0
BRDA:189,22,1,0
BRDA:204,23,0,0
BRDA:204,23,1,0
BRDA:209,24,0,0
BRDA:209,24,1,0
BRDA:230,25,0,0
BRDA:230,25,1,0
BRDA:237,26,0,0
BRDA:237,26,1,0
BRDA:237,27,0,0
BRDA:237,27,1,0
BRDA:237,27,2,0
BRDA:242,28,0,0
BRDA:242,28,1,0
BRDA:252,29,0,0
BRDA:252,29,1,0
BRDA:252,30,0,0
BRDA:252,30,1,0
BRDA:252,30,2,0
BRDA:252,30,3,0
BRDA:257,31,0,0
BRDA:257,31,1,0
BRDA:263,32,0,0
BRDA:263,32,1,0
BRDA:269,33,0,0
BRDA:269,33,1,0
BRDA:275,34,0,0
BRDA:275,34,1,0
BRDA:299,35,0,0
BRDA:299,35,1,0
BRDA:304,36,0,0
BRDA:304,36,1,0
BRDA:308,37,0,0
BRDA:308,37,1,0
BRDA:325,38,0,0
BRDA:325,38,1,0
BRF:85
BRH:0
end_of_record
TN:
SF:routes\view-appointment.js
FN:6,(anonymous_0)
FN:40,(anonymous_1)
FN:70,(anonymous_2)
FN:114,(anonymous_3)
FN:140,(anonymous_4)
FNF:5
FNH:1
FNDA:1,(anonymous_0)
FNDA:0,(anonymous_1)
FNDA:0,(anonymous_2)
FNDA:0,(anonymous_3)
FNDA:0,(anonymous_4)
DA:1,1
DA:2,1
DA:3,1
DA:6,1
DA:7,1
DA:9,1
DA:10,0
DA:11,0
DA:15,1
DA:16,0
DA:17,0
DA:21,1
DA:25,1
DA:33,0
DA:34,0
DA:35,0
DA:40,1
DA:41,0
DA:42,0
DA:43,0
DA:44,0
DA:47,0
DA:52,0
DA:53,0
DA:54,0
DA:57,0
DA:63,0
DA:64,0
DA:65,0
DA:70,1
DA:71,0
DA:72,0
DA:73,0
DA:74,0
DA:77,0
DA:82,0
DA:83,0
DA:84,0
DA:88,0
DA:89,0
DA:90,0
DA:93,0
DA:94,0
DA:95,0
DA:99,0
DA:100,0
DA:101,0
DA:103,0
DA:104,0
DA:105,0
DA:107,0
DA:108,0
DA:109,0
DA:114,1
DA:115,0
DA:116,0
DA:117,0
DA:120,0
DA:121,0
DA:123,0
DA:124,0
DA:127,0
DA:129,0
DA:134,0
DA:135,0
DA:140,1
DA:141,0
DA:142,0
DA:143,0
DA:146,0
DA:147,0
DA:149,0
DA:155,0
DA:160,0
DA:161,0
DA:165,1
LF:76
LH:14
BRDA:9,0,0,0
BRDA:9,0,1,1
BRDA:15,1,0,0
BRDA:15,1,1,1
BRDA:42,2,0,0
BRDA:42,2,1,0
BRDA:52,3,0,0
BRDA:52,3,1,0
BRDA:72,4,0,0
BRDA:72,4,1,0
BRDA:82,5,0,0
BRDA:82,5,1,0
BRDA:88,6,0,0
BRDA:88,6,1,0
BRDA:93,7,0,0
BRDA:93,7,1,0
BRDA:116,8,0,0
BRDA:116,8,1,0
BRDA:123,9,0,0
BRDA:123,9,1,0
BRDA:142,10,0,0
BRDA:142,10,1,0
BRF:22
BRH:2
end_of_record
TN:
SF:services\httpsms.js
FN:5,(anonymous_0)
FN:16,(anonymous_1)
FN:49,(anonymous_2)
FN:63,(anonymous_3)
FNF:4
FNH:1
FNDA:1,(anonymous_0)
FNDA:0,(anonymous_1)
FNDA:0,(anonymous_2)
FNDA:0,(anonymous_3)
DA:2,1
DA:6,1
DA:7,1
DA:8,1
DA:9,1
DA:11,1
DA:12,1
DA:17,0
DA:18,0
DA:19,0
DA:22,0
DA:23,0
DA:25,0
DA:41,0
DA:42,0
DA:44,0
DA:45,0
DA:50,0
DA:51,0
DA:52,0
DA:54,0
DA:55,0
DA:57,0
DA:58,0
DA:60,0
DA:64,0
DA:65,0
DA:67,0
DA:72,1
LF:29
LH:8
BRDA:11,0,0,1
BRDA:11,0,1,0
BRDA:11,1,0,1
BRDA:11,1,1,1
BRDA:17,2,0,0
BRDA:17,2,1,0
BRDA:17,3,0,0
BRDA:17,3,1,0
BRDA:44,4,0,0
BRDA:44,4,1,0
BRDA:45,5,0,0
BRDA:45,5,1,0
BRDA:51,6,0,0
BRDA:51,6,1,0
BRDA:51,7,0,0
BRDA:51,7,1,0
BRDA:54,8,0,0
BRDA:54,8,1,0
BRDA:57,9,0,0
BRDA:57,9,1,0
BRF:20
BRH:3
end_of_record
TN:
SF:services\notification.service.js
FN:10,(anonymous_0)
FN:20,(anonymous_1)
FN:61,(anonymous_2)
FN:72,(anonymous_3)
FN:93,(anonymous_4)
FN:131,(anonymous_5)
FN:142,(anonymous_6)
FN:172,(anonymous_7)
FN:194,(anonymous_8)
FNF:9
FNH:0
FNDA:0,(anonymous_0)
FNDA:0,(anonymous_1)
FNDA:0,(anonymous_2)
FNDA:0,(anonymous_3)
FNDA:0,(anonymous_4)
FNDA:0,(anonymous_5)
FNDA:0,(anonymous_6)
FNDA:0,(anonymous_7)
FNDA:0,(anonymous_8)
DA:2,1
DA:3,1
DA:4,1
DA:5,1
DA:11,0
DA:16,0
DA:17,0
DA:21,0
DA:22,0
DA:23,0
DA:24,0
DA:26,0
DA:29,0
DA:40,0
DA:42,0
DA:43,0
DA:46,0
DA:47,0
DA:48,0
DA:49,0
DA:51,0
DA:52,0
DA:53,0
DA:56,0
DA:57,0
DA:58,0
DA:60,0
DA:61,0
DA:64,0
DA:66,0
DA:67,0
DA:73,0
DA:74,0
DA:75,0
DA:76,0
DA:77,0
DA:80,0
DA:82,0
DA:83,0
DA:84,0
DA:86,0
DA:88,0
DA:89,0
DA:94,0
DA:95,0
DA:96,0
DA:97,0
DA:100,0
DA:101,0
DA:103,0
DA:104,0
DA:106,0
DA:108,0
DA:117,0
DA:119,0
DA:120,0
DA:123,0
DA:124,0
DA:125,0
DA:126,0
DA:131,0
DA:134,0
DA:136,0
DA:137,0
DA:143,0
DA:144,0
DA:145,0
DA:146,0
DA:147,0
DA:150,0
DA:151,0
DA:152,0
DA:153,0
DA:154,0
DA:155,0
DA:156,0
DA:159,0
DA:161,0
DA:162,0
DA:163,0
DA:165,0
DA:167,0
DA:168,0
DA:173,0
DA:174,0
DA:179,0
DA:181,0
DA:182,0
DA:185,0
DA:186,0
DA:187,0
DA:188,0
DA:194,0
DA:197,0
DA:199,0
DA:200,0
DA:205,1
LF:97
LH:5
BRDA:42,0,0,0
BRDA:42,0,1,0
BRDA:51,1,0,0
BRDA:51,1,1,0
BRDA:51,2,0,0
BRDA:51,2,1,0
BRDA:57,3,0,0
BRDA:57,3,1,0
BRDA:75,4,0,0
BRDA:75,4,1,0
BRDA:75,5,0,0
BRDA:75,5,1,0
BRDA:83,6,0,0
BRDA:83,6,1,0
BRDA:119,7,0,0
BRDA:119,7,1,0
BRDA:145,8,0,0
BRDA:145,8,1,0
BRDA:145,9,0,0
BRDA:145,9,1,0
BRDA:151,10,0,0
BRDA:151,10,1,0
BRDA:153,11,0,0
BRDA:153,11,1,0
BRDA:155,12,0,0
BRDA:155,12,1,0
BRDA:159,13,0,0
BRDA:159,13,1,0
BRDA:162,14,0,0
BRDA:162,14,1,0
BRDA:181,15,0,0
BRDA:181,15,1,0
BRF:32
BRH:0
end_of_record
TN:
SF:utils\auditLogger.js
FN:11,logAdminAction
FNF:1
FNH:0
FNDA:0,logAdminAction
DA:1,1
DA:12,0
DA:14,0
DA:15,0
DA:16,0
DA:17,0
DA:21,0
DA:24,0
DA:27,0
DA:38,0
DA:39,0
DA:41,0
DA:45,1
LF:13
LH:2
BRDA:11,0,0,0
BRDA:11,1,0,0
BRDA:15,2,0,0
BRDA:15,2,1,0
BRDA:21,3,0,0
BRDA:21,3,1,0
BRDA:24,4,0,0
BRDA:24,4,1,0
BRDA:24,4,2,0
BRDA:33,5,0,0
BRDA:33,5,1,0
BRDA:39,6,0,0
BRDA:39,6,1,0
BRF:13
BRH:0
end_of_record
